{"meta": {"format": 3, "version": "7.10.7", "timestamp": "2025-11-12T00:05:27.933073", "branch_coverage": false, "show_contexts": false}, "files": {"src/entity_resolution/__init__.py": {"executed_lines": [1, 20, 21, 22, 25, 26, 27, 28, 29, 30, 31, 34, 39, 40, 41, 44, 45, 46, 53, 59], "summary": {"covered_lines": 19, "num_statements": 19, "percent_covered": 100.0, "percent_covered_display": "100", "missing_lines": 0, "excluded_lines": 0}, "missing_lines": [], "excluded_lines": [], "functions": {"": {"executed_lines": [1, 20, 21, 22, 25, 26, 27, 28, 29, 30, 31, 34, 39, 40, 41, 44, 45, 46, 53, 59], "summary": {"covered_lines": 19, "num_statements": 19, "percent_covered": 100.0, "percent_covered_display": "100", "missing_lines": 0, "excluded_lines": 0}, "missing_lines": [], "excluded_lines": []}}, "classes": {"": {"executed_lines": [1, 20, 21, 22, 25, 26, 27, 28, 29, 30, 31, 34, 39, 40, 41, 44, 45, 46, 53, 59], "summary": {"covered_lines": 19, "num_statements": 19, "percent_covered": 100.0, "percent_covered_display": "100", "missing_lines": 0, "excluded_lines": 0}, "missing_lines": [], "excluded_lines": []}}}, "src/entity_resolution/core/__init__.py": {"executed_lines": [0], "summary": {"covered_lines": 0, "num_statements": 0, "percent_covered": 100.0, "percent_covered_display": "100", "missing_lines": 0, "excluded_lines": 0}, "missing_lines": [], "excluded_lines": [], "functions": {"": {"executed_lines": [], "summary": {"covered_lines": 0, "num_statements": 0, "percent_covered": 100.0, "percent_covered_display": "100", "missing_lines": 0, "excluded_lines": 0}, "missing_lines": [], "excluded_lines": []}}, "classes": {"": {"executed_lines": [], "summary": {"covered_lines": 0, "num_statements": 0, "percent_covered": 100.0, "percent_covered_display": "100", "missing_lines": 0, "excluded_lines": 0}, "missing_lines": [], "excluded_lines": []}}}, "src/entity_resolution/core/entity_resolver.py": {"executed_lines": [1, 12, 13, 14, 15, 16, 21, 22, 23, 24, 25, 26, 29, 30, 42, 56, 88, 134, 176, 268, 311, 332, 349, 384, 413, 426], "summary": {"covered_lines": 24, "num_statements": 180, "percent_covered": 13.333333333333334, "percent_covered_display": "13", "missing_lines": 156, "excluded_lines": 0}, "missing_lines": [17, 18, 19, 43, 44, 47, 48, 49, 50, 53, 54, 63, 65, 66, 69, 75, 76, 77, 78, 80, 81, 82, 84, 85, 86, 100, 101, 103, 105, 106, 107, 108, 109, 111, 113, 115, 116, 119, 126, 128, 130, 131, 132, 144, 145, 147, 148, 150, 152, 153, 154, 158, 160, 161, 168, 170, 172, 173, 174, 188, 189, 191, 192, 194, 196, 197, 198, 200, 203, 204, 205, 207, 208, 212, 213, 214, 216, 217, 221, 222, 223, 225, 226, 230, 232, 258, 260, 262, 264, 265, 266, 271, 272, 275, 278, 280, 281, 282, 283, 284, 286, 287, 290, 291, 297, 299, 301, 307, 308, 309, 315, 316, 317, 318, 319, 320, 323, 324, 326, 328, 330, 334, 335, 338, 339, 341, 342, 344, 345, 347, 351, 352, 354, 356, 357, 358, 361, 363, 372, 374, 380, 381, 382, 387, 388, 391, 393, 394, 395, 398, 400, 402, 409, 410, 411, 415], "excluded_lines": [], "functions": {"EntityResolutionPipeline.__init__": {"executed_lines": [], "summary": {"covered_lines": 0, "num_statements": 8, "percent_covered": 0.0, "percent_covered_display": "0", "missing_lines": 8, "excluded_lines": 0}, "missing_lines": [43, 44, 47, 48, 49, 50, 53, 54], "excluded_lines": []}, "EntityResolutionPipeline.connect": {"executed_lines": [], "summary": {"covered_lines": 0, "num_statements": 14, "percent_covered": 0.0, "percent_covered_display": "0", "missing_lines": 14, "excluded_lines": 0}, "missing_lines": [63, 65, 66, 69, 75, 76, 77, 78, 80, 81, 82, 84, 85, 86], "excluded_lines": []}, "EntityResolutionPipeline.load_data": {"executed_lines": [], "summary": {"covered_lines": 0, "num_statements": 18, "percent_covered": 0.0, "percent_covered_display": "0", "missing_lines": 18, "excluded_lines": 0}, "missing_lines": [100, 101, 103, 105, 106, 107, 108, 109, 111, 113, 115, 116, 119, 126, 128, 130, 131, 132], "excluded_lines": []}, "EntityResolutionPipeline.setup_system": {"executed_lines": [], "summary": {"covered_lines": 0, "num_statements": 16, "percent_covered": 0.0, "percent_covered_display": "0", "missing_lines": 16, "excluded_lines": 0}, "missing_lines": [144, 145, 147, 148, 150, 152, 153, 154, 158, 160, 161, 168, 170, 172, 173, 174], "excluded_lines": []}, "EntityResolutionPipeline.run_entity_resolution": {"executed_lines": [], "summary": {"covered_lines": 0, "num_statements": 32, "percent_covered": 0.0, "percent_covered_display": "0", "missing_lines": 32, "excluded_lines": 0}, "missing_lines": [188, 189, 191, 192, 194, 196, 197, 198, 200, 203, 204, 205, 207, 208, 212, 213, 214, 216, 217, 221, 222, 223, 225, 226, 230, 232, 258, 260, 262, 264, 265, 266], "excluded_lines": []}, "EntityResolutionPipeline._run_blocking_stage": {"executed_lines": [], "summary": {"covered_lines": 0, "num_statements": 19, "percent_covered": 0.0, "percent_covered_display": "0", "missing_lines": 19, "excluded_lines": 0}, "missing_lines": [271, 272, 275, 278, 280, 281, 282, 283, 284, 286, 287, 290, 291, 297, 299, 301, 307, 308, 309], "excluded_lines": []}, "EntityResolutionPipeline._simple_blocking_check": {"executed_lines": [], "summary": {"covered_lines": 0, "num_statements": 11, "percent_covered": 0.0, "percent_covered_display": "0", "missing_lines": 11, "excluded_lines": 0}, "missing_lines": [315, 316, 317, 318, 319, 320, 323, 324, 326, 328, 330], "excluded_lines": []}, "EntityResolutionPipeline._simple_ngram_similarity": {"executed_lines": [], "summary": {"covered_lines": 0, "num_statements": 9, "percent_covered": 0.0, "percent_covered_display": "0", "missing_lines": 9, "excluded_lines": 0}, "missing_lines": [334, 335, 338, 339, 341, 342, 344, 345, 347], "excluded_lines": []}, "EntityResolutionPipeline._run_similarity_stage": {"executed_lines": [], "summary": {"covered_lines": 0, "num_statements": 13, "percent_covered": 0.0, "percent_covered_display": "0", "missing_lines": 13, "excluded_lines": 0}, "missing_lines": [351, 352, 354, 356, 357, 358, 361, 363, 372, 374, 380, 381, 382], "excluded_lines": []}, "EntityResolutionPipeline._run_clustering_stage": {"executed_lines": [], "summary": {"covered_lines": 0, "num_statements": 12, "percent_covered": 0.0, "percent_covered_display": "0", "missing_lines": 12, "excluded_lines": 0}, "missing_lines": [387, 388, 391, 393, 394, 395, 398, 400, 402, 409, 410, 411], "excluded_lines": []}, "EntityResolutionPipeline.get_pipeline_stats": {"executed_lines": [], "summary": {"covered_lines": 0, "num_statements": 1, "percent_covered": 0.0, "percent_covered_display": "0", "missing_lines": 1, "excluded_lines": 0}, "missing_lines": [415], "excluded_lines": []}, "": {"executed_lines": [1, 12, 13, 14, 15, 16, 21, 22, 23, 24, 25, 26, 29, 30, 42, 56, 88, 134, 176, 268, 311, 332, 349, 384, 413, 426], "summary": {"covered_lines": 24, "num_statements": 27, "percent_covered": 88.88888888888889, "percent_covered_display": "89", "missing_lines": 3, "excluded_lines": 0}, "missing_lines": [17, 18, 19], "excluded_lines": []}}, "classes": {"EntityResolutionPipeline": {"executed_lines": [], "summary": {"covered_lines": 0, "num_statements": 153, "percent_covered": 0.0, "percent_covered_display": "0", "missing_lines": 153, "excluded_lines": 0}, "missing_lines": [43, 44, 47, 48, 49, 50, 53, 54, 63, 65, 66, 69, 75, 76, 77, 78, 80, 81, 82, 84, 85, 86, 100, 101, 103, 105, 106, 107, 108, 109, 111, 113, 115, 116, 119, 126, 128, 130, 131, 132, 144, 145, 147, 148, 150, 152, 153, 154, 158, 160, 161, 168, 170, 172, 173, 174, 188, 189, 191, 192, 194, 196, 197, 198, 200, 203, 204, 205, 207, 208, 212, 213, 214, 216, 217, 221, 222, 223, 225, 226, 230, 232, 258, 260, 262, 264, 265, 266, 271, 272, 275, 278, 280, 281, 282, 283, 284, 286, 287, 290, 291, 297, 299, 301, 307, 308, 309, 315, 316, 317, 318, 319, 320, 323, 324, 326, 328, 330, 334, 335, 338, 339, 341, 342, 344, 345, 347, 351, 352, 354, 356, 357, 358, 361, 363, 372, 374, 380, 381, 382, 387, 388, 391, 393, 394, 395, 398, 400, 402, 409, 410, 411, 415], "excluded_lines": []}, "": {"executed_lines": [1, 12, 13, 14, 15, 16, 21, 22, 23, 24, 25, 26, 29, 30, 42, 56, 88, 134, 176, 268, 311, 332, 349, 384, 413, 426], "summary": {"covered_lines": 24, "num_statements": 27, "percent_covered": 88.88888888888889, "percent_covered_display": "89", "missing_lines": 3, "excluded_lines": 0}, "missing_lines": [17, 18, 19], "excluded_lines": []}}}, "src/entity_resolution/data/__init__.py": {"executed_lines": [0], "summary": {"covered_lines": 0, "num_statements": 0, "percent_covered": 100.0, "percent_covered_display": "100", "missing_lines": 0, "excluded_lines": 0}, "missing_lines": [], "excluded_lines": [], "functions": {"": {"executed_lines": [], "summary": {"covered_lines": 0, "num_statements": 0, "percent_covered": 100.0, "percent_covered_display": "100", "missing_lines": 0, "excluded_lines": 0}, "missing_lines": [], "excluded_lines": []}}, "classes": {"": {"executed_lines": [], "summary": {"covered_lines": 0, "num_statements": 0, "percent_covered": 100.0, "percent_covered_display": "100", "missing_lines": 0, "excluded_lines": 0}, "missing_lines": [], "excluded_lines": []}}}, "src/entity_resolution/data/data_manager.py": {"executed_lines": [1, 7, 8, 9, 10, 14, 15, 16, 18, 19, 20, 23, 24, 34, 39, 59, 87, 150, 202, 232, 264, 326, 346], "summary": {"covered_lines": 21, "num_statements": 161, "percent_covered": 13.043478260869565, "percent_covered_display": "13", "missing_lines": 140, "excluded_lines": 0}, "missing_lines": [11, 12, 13, 35, 36, 37, 46, 48, 49, 50, 52, 53, 55, 56, 57, 70, 71, 72, 73, 75, 76, 78, 80, 81, 83, 84, 85, 100, 102, 103, 105, 108, 109, 112, 113, 114, 115, 116, 118, 119, 120, 122, 125, 126, 128, 129, 130, 131, 132, 133, 134, 136, 138, 146, 147, 148, 163, 164, 165, 168, 169, 171, 174, 177, 178, 180, 181, 182, 183, 184, 185, 186, 188, 190, 198, 199, 200, 212, 213, 214, 216, 217, 219, 228, 229, 230, 243, 244, 245, 246, 248, 251, 257, 258, 260, 261, 262, 274, 275, 276, 279, 281, 282, 285, 286, 289, 290, 291, 294, 295, 296, 298, 299, 301, 310, 311, 313, 322, 323, 324, 328, 330, 331, 332, 333, 335, 336, 338, 339, 341, 342, 344, 353, 361, 363, 364, 365, 367, 368, 370], "excluded_lines": [], "functions": {"DataManager.__init__": {"executed_lines": [], "summary": {"covered_lines": 0, "num_statements": 3, "percent_covered": 0.0, "percent_covered_display": "0", "missing_lines": 3, "excluded_lines": 0}, "missing_lines": [35, 36, 37], "excluded_lines": []}, "DataManager.connect": {"executed_lines": [], "summary": {"covered_lines": 0, "num_statements": 9, "percent_covered": 0.0, "percent_covered_display": "0", "missing_lines": 9, "excluded_lines": 0}, "missing_lines": [46, 48, 49, 50, 52, 53, 55, 56, 57], "excluded_lines": []}, "DataManager.create_collection": {"executed_lines": [], "summary": {"covered_lines": 0, "num_statements": 12, "percent_covered": 0.0, "percent_covered_display": "0", "missing_lines": 12, "excluded_lines": 0}, "missing_lines": [70, 71, 72, 73, 75, 76, 78, 80, 81, 83, 84, 85], "excluded_lines": []}, "DataManager.load_data_from_file": {"executed_lines": [], "summary": {"covered_lines": 0, "num_statements": 29, "percent_covered": 0.0, "percent_covered_display": "0", "missing_lines": 29, "excluded_lines": 0}, "missing_lines": [100, 102, 103, 105, 108, 109, 112, 113, 114, 115, 116, 118, 119, 120, 122, 125, 126, 128, 129, 130, 131, 132, 133, 134, 136, 138, 146, 147, 148], "excluded_lines": []}, "DataManager.load_data_from_dataframe": {"executed_lines": [], "summary": {"covered_lines": 0, "num_statements": 21, "percent_covered": 0.0, "percent_covered_display": "0", "missing_lines": 21, "excluded_lines": 0}, "missing_lines": [163, 164, 165, 168, 169, 171, 174, 177, 178, 180, 181, 182, 183, 184, 185, 186, 188, 190, 198, 199, 200], "excluded_lines": []}, "DataManager.get_collection_stats": {"executed_lines": [], "summary": {"covered_lines": 0, "num_statements": 9, "percent_covered": 0.0, "percent_covered_display": "0", "missing_lines": 9, "excluded_lines": 0}, "missing_lines": [212, 213, 214, 216, 217, 219, 228, 229, 230], "excluded_lines": []}, "DataManager.sample_records": {"executed_lines": [], "summary": {"covered_lines": 0, "num_statements": 11, "percent_covered": 0.0, "percent_covered_display": "0", "missing_lines": 11, "excluded_lines": 0}, "missing_lines": [243, 244, 245, 246, 248, 251, 257, 258, 260, 261, 262], "excluded_lines": []}, "DataManager.validate_data_quality": {"executed_lines": [], "summary": {"covered_lines": 0, "num_statements": 23, "percent_covered": 0.0, "percent_covered_display": "0", "missing_lines": 23, "excluded_lines": 0}, "missing_lines": [274, 275, 276, 279, 281, 282, 285, 286, 289, 290, 291, 294, 295, 296, 298, 299, 301, 310, 311, 313, 322, 323, 324], "excluded_lines": []}, "DataManager._generate_quality_recommendations": {"executed_lines": [], "summary": {"covered_lines": 0, "num_statements": 12, "percent_covered": 0.0, "percent_covered_display": "0", "missing_lines": 12, "excluded_lines": 0}, "missing_lines": [328, 330, 331, 332, 333, 335, 336, 338, 339, 341, 342, 344], "excluded_lines": []}, "DataManager.initialize_test_collections": {"executed_lines": [], "summary": {"covered_lines": 0, "num_statements": 8, "percent_covered": 0.0, "percent_covered_display": "0", "missing_lines": 8, "excluded_lines": 0}, "missing_lines": [353, 361, 363, 364, 365, 367, 368, 370], "excluded_lines": []}, "": {"executed_lines": [1, 7, 8, 9, 10, 14, 15, 16, 18, 19, 20, 23, 24, 34, 39, 59, 87, 150, 202, 232, 264, 326, 346], "summary": {"covered_lines": 21, "num_statements": 24, "percent_covered": 87.5, "percent_covered_display": "88", "missing_lines": 3, "excluded_lines": 0}, "missing_lines": [11, 12, 13], "excluded_lines": []}}, "classes": {"DataManager": {"executed_lines": [], "summary": {"covered_lines": 0, "num_statements": 137, "percent_covered": 0.0, "percent_covered_display": "0", "missing_lines": 137, "excluded_lines": 0}, "missing_lines": [35, 36, 37, 46, 48, 49, 50, 52, 53, 55, 56, 57, 70, 71, 72, 73, 75, 76, 78, 80, 81, 83, 84, 85, 100, 102, 103, 105, 108, 109, 112, 113, 114, 115, 116, 118, 119, 120, 122, 125, 126, 128, 129, 130, 131, 132, 133, 134, 136, 138, 146, 147, 148, 163, 164, 165, 168, 169, 171, 174, 177, 178, 180, 181, 182, 183, 184, 185, 186, 188, 190, 198, 199, 200, 212, 213, 214, 216, 217, 219, 228, 229, 230, 243, 244, 245, 246, 248, 251, 257, 258, 260, 261, 262, 274, 275, 276, 279, 281, 282, 285, 286, 289, 290, 291, 294, 295, 296, 298, 299, 301, 310, 311, 313, 322, 323, 324, 328, 330, 331, 332, 333, 335, 336, 338, 339, 341, 342, 344, 353, 361, 363, 364, 365, 367, 368, 370], "excluded_lines": []}, "": {"executed_lines": [1, 7, 8, 9, 10, 14, 15, 16, 18, 19, 20, 23, 24, 34, 39, 59, 87, 150, 202, 232, 264, 326, 346], "summary": {"covered_lines": 21, "num_statements": 24, "percent_covered": 87.5, "percent_covered_display": "88", "missing_lines": 3, "excluded_lines": 0}, "missing_lines": [11, 12, 13], "excluded_lines": []}}}, "src/entity_resolution/demo/__init__.py": {"executed_lines": [1, 8, 17], "summary": {"covered_lines": 2, "num_statements": 2, "percent_covered": 100.0, "percent_covered_display": "100", "missing_lines": 0, "excluded_lines": 0}, "missing_lines": [], "excluded_lines": [], "functions": {"": {"executed_lines": [1, 8, 17], "summary": {"covered_lines": 2, "num_statements": 2, "percent_covered": 100.0, "percent_covered_display": "100", "missing_lines": 0, "excluded_lines": 0}, "missing_lines": [], "excluded_lines": []}}, "classes": {"": {"executed_lines": [1, 8, 17], "summary": {"covered_lines": 2, "num_statements": 2, "percent_covered": 100.0, "percent_covered_display": "100", "missing_lines": 0, "excluded_lines": 0}, "missing_lines": [], "excluded_lines": []}}}, "src/entity_resolution/demo/demo_manager.py": {"executed_lines": [1, 8, 9, 10, 11, 12, 13, 15, 16, 17, 18, 27, 28, 35, 46, 47, 52, 53, 57, 79, 102, 114, 129, 130, 137, 143, 301, 325, 333, 341, 350, 351, 358, 378, 405, 418, 437, 443], "summary": {"covered_lines": 34, "num_statements": 120, "percent_covered": 28.333333333333332, "percent_covered_display": "28", "missing_lines": 86, "excluded_lines": 0}, "missing_lines": [36, 37, 38, 41, 42, 43, 44, 50, 55, 59, 60, 63, 64, 65, 68, 69, 70, 72, 73, 75, 76, 77, 81, 82, 83, 85, 86, 87, 89, 90, 92, 93, 95, 96, 98, 99, 100, 108, 109, 110, 112, 116, 138, 139, 140, 141, 148, 269, 299, 303, 305, 307, 308, 311, 312, 313, 315, 321, 322, 323, 327, 335, 343, 366, 370, 376, 381, 382, 385, 386, 389, 391, 393, 401, 402, 403, 410, 428, 429, 430, 431, 433, 439, 440, 445, 446], "excluded_lines": [], "functions": {"BaseDemoManager.__init__": {"executed_lines": [], "summary": {"covered_lines": 0, "num_statements": 7, "percent_covered": 0.0, "percent_covered_display": "0", "missing_lines": 7, "excluded_lines": 0}, "missing_lines": [36, 37, 38, 41, 42, 43, 44], "excluded_lines": []}, "BaseDemoManager.generate_demo_data": {"executed_lines": [], "summary": {"covered_lines": 0, "num_statements": 1, "percent_covered": 0.0, "percent_covered_display": "0", "missing_lines": 1, "excluded_lines": 0}, "missing_lines": [50], "excluded_lines": []}, "BaseDemoManager.run_demo": {"executed_lines": [], "summary": {"covered_lines": 0, "num_statements": 1, "percent_covered": 0.0, "percent_covered_display": "0", "missing_lines": 1, "excluded_lines": 0}, "missing_lines": [55], "excluded_lines": []}, "BaseDemoManager.save_demo_data": {"executed_lines": [], "summary": {"covered_lines": 0, "num_statements": 13, "percent_covered": 0.0, "percent_covered_display": "0", "missing_lines": 13, "excluded_lines": 0}, "missing_lines": [59, 60, 63, 64, 65, 68, 69, 70, 72, 73, 75, 76, 77], "excluded_lines": []}, "BaseDemoManager.load_demo_data": {"executed_lines": [], "summary": {"covered_lines": 0, "num_statements": 15, "percent_covered": 0.0, "percent_covered_display": "0", "missing_lines": 15, "excluded_lines": 0}, "missing_lines": [81, 82, 83, 85, 86, 87, 89, 90, 92, 93, 95, 96, 98, 99, 100], "excluded_lines": []}, "BaseDemoManager.calculate_business_impact": {"executed_lines": [], "summary": {"covered_lines": 0, "num_statements": 4, "percent_covered": 0.0, "percent_covered_display": "0", "missing_lines": 4, "excluded_lines": 0}, "missing_lines": [108, 109, 110, 112], "excluded_lines": []}, "BaseDemoManager.get_demo_summary": {"executed_lines": [], "summary": {"covered_lines": 0, "num_statements": 1, "percent_covered": 0.0, "percent_covered_display": "0", "missing_lines": 1, "excluded_lines": 0}, "missing_lines": [116], "excluded_lines": []}, "PresentationDemoManager.__init__": {"executed_lines": [], "summary": {"covered_lines": 0, "num_statements": 4, "percent_covered": 0.0, "percent_covered_display": "0", "missing_lines": 4, "excluded_lines": 0}, "missing_lines": [138, 139, 140, 141], "excluded_lines": []}, "PresentationDemoManager.generate_demo_data": {"executed_lines": [], "summary": {"covered_lines": 0, "num_statements": 3, "percent_covered": 0.0, "percent_covered_display": "0", "missing_lines": 3, "excluded_lines": 0}, "missing_lines": [148, 269, 299], "excluded_lines": []}, "PresentationDemoManager.run_demo": {"executed_lines": [], "summary": {"covered_lines": 0, "num_statements": 11, "percent_covered": 0.0, "percent_covered_display": "0", "missing_lines": 11, "excluded_lines": 0}, "missing_lines": [303, 305, 307, 308, 311, 312, 313, 315, 321, 322, 323], "excluded_lines": []}, "PresentationDemoManager._run_act1_reveal_problem": {"executed_lines": [], "summary": {"covered_lines": 0, "num_statements": 1, "percent_covered": 0.0, "percent_covered_display": "0", "missing_lines": 1, "excluded_lines": 0}, "missing_lines": [327], "excluded_lines": []}, "PresentationDemoManager._run_act2_demonstrate_solution": {"executed_lines": [], "summary": {"covered_lines": 0, "num_statements": 1, "percent_covered": 0.0, "percent_covered_display": "0", "missing_lines": 1, "excluded_lines": 0}, "missing_lines": [335], "excluded_lines": []}, "PresentationDemoManager._run_act3_show_results": {"executed_lines": [], "summary": {"covered_lines": 0, "num_statements": 1, "percent_covered": 0.0, "percent_covered_display": "0", "missing_lines": 1, "excluded_lines": 0}, "missing_lines": [343], "excluded_lines": []}, "AutomatedDemoManager.generate_demo_data": {"executed_lines": [], "summary": {"covered_lines": 0, "num_statements": 3, "percent_covered": 0.0, "percent_covered_display": "0", "missing_lines": 3, "excluded_lines": 0}, "missing_lines": [366, 370, 376], "excluded_lines": []}, "AutomatedDemoManager.run_demo": {"executed_lines": [], "summary": {"covered_lines": 0, "num_statements": 10, "percent_covered": 0.0, "percent_covered_display": "0", "missing_lines": 10, "excluded_lines": 0}, "missing_lines": [381, 382, 385, 386, 389, 391, 393, 401, 402, 403], "excluded_lines": []}, "AutomatedDemoManager._run_entity_resolution_pipeline": {"executed_lines": [], "summary": {"covered_lines": 0, "num_statements": 1, "percent_covered": 0.0, "percent_covered_display": "0", "missing_lines": 1, "excluded_lines": 0}, "missing_lines": [410], "excluded_lines": []}, "get_demo_manager": {"executed_lines": [], "summary": {"covered_lines": 0, "num_statements": 5, "percent_covered": 0.0, "percent_covered_display": "0", "missing_lines": 5, "excluded_lines": 0}, "missing_lines": [428, 429, 430, 431, 433], "excluded_lines": []}, "run_presentation_demo": {"executed_lines": [], "summary": {"covered_lines": 0, "num_statements": 2, "percent_covered": 0.0, "percent_covered_display": "0", "missing_lines": 2, "excluded_lines": 0}, "missing_lines": [439, 440], "excluded_lines": []}, "run_automated_demo": {"executed_lines": [], "summary": {"covered_lines": 0, "num_statements": 2, "percent_covered": 0.0, "percent_covered_display": "0", "missing_lines": 2, "excluded_lines": 0}, "missing_lines": [445, 446], "excluded_lines": []}, "": {"executed_lines": [1, 8, 9, 10, 11, 12, 13, 15, 16, 17, 18, 27, 28, 35, 46, 47, 52, 53, 57, 79, 102, 114, 129, 130, 137, 143, 301, 325, 333, 341, 350, 351, 358, 378, 405, 418, 437, 443], "summary": {"covered_lines": 34, "num_statements": 34, "percent_covered": 100.0, "percent_covered_display": "100", "missing_lines": 0, "excluded_lines": 0}, "missing_lines": [], "excluded_lines": []}}, "classes": {"BaseDemoManager": {"executed_lines": [], "summary": {"covered_lines": 0, "num_statements": 42, "percent_covered": 0.0, "percent_covered_display": "0", "missing_lines": 42, "excluded_lines": 0}, "missing_lines": [36, 37, 38, 41, 42, 43, 44, 50, 55, 59, 60, 63, 64, 65, 68, 69, 70, 72, 73, 75, 76, 77, 81, 82, 83, 85, 86, 87, 89, 90, 92, 93, 95, 96, 98, 99, 100, 108, 109, 110, 112, 116], "excluded_lines": []}, "PresentationDemoManager": {"executed_lines": [], "summary": {"covered_lines": 0, "num_statements": 21, "percent_covered": 0.0, "percent_covered_display": "0", "missing_lines": 21, "excluded_lines": 0}, "missing_lines": [138, 139, 140, 141, 148, 269, 299, 303, 305, 307, 308, 311, 312, 313, 315, 321, 322, 323, 327, 335, 343], "excluded_lines": []}, "AutomatedDemoManager": {"executed_lines": [], "summary": {"covered_lines": 0, "num_statements": 14, "percent_covered": 0.0, "percent_covered_display": "0", "missing_lines": 14, "excluded_lines": 0}, "missing_lines": [366, 370, 376, 381, 382, 385, 386, 389, 391, 393, 401, 402, 403, 410], "excluded_lines": []}, "": {"executed_lines": [1, 8, 9, 10, 11, 12, 13, 15, 16, 17, 18, 27, 28, 35, 46, 47, 52, 53, 57, 79, 102, 114, 129, 130, 137, 143, 301, 325, 333, 341, 350, 351, 358, 378, 405, 418, 437, 443], "summary": {"covered_lines": 34, "num_statements": 43, "percent_covered": 79.06976744186046, "percent_covered_display": "79", "missing_lines": 9, "excluded_lines": 0}, "missing_lines": [428, 429, 430, 431, 433, 439, 440, 445, 446], "excluded_lines": []}}}, "src/entity_resolution/services/__init__.py": {"executed_lines": [0], "summary": {"covered_lines": 0, "num_statements": 0, "percent_covered": 100.0, "percent_covered_display": "100", "missing_lines": 0, "excluded_lines": 0}, "missing_lines": [], "excluded_lines": [], "functions": {"": {"executed_lines": [], "summary": {"covered_lines": 0, "num_statements": 0, "percent_covered": 100.0, "percent_covered_display": "100", "missing_lines": 0, "excluded_lines": 0}, "missing_lines": [], "excluded_lines": []}}, "classes": {"": {"executed_lines": [], "summary": {"covered_lines": 0, "num_statements": 0, "percent_covered": 100.0, "percent_covered_display": "100", "missing_lines": 0, "excluded_lines": 0}, "missing_lines": [], "excluded_lines": []}}}, "src/entity_resolution/services/base_service.py": {"executed_lines": [1, 13, 14, 15, 17, 18, 19, 20, 28, 31, 32, 44, 50, 65, 66, 70, 91], "summary": {"covered_lines": 15, "num_statements": 31, "percent_covered": 48.38709677419355, "percent_covered_display": "48", "missing_lines": 16, "excluded_lines": 0}, "missing_lines": [46, 47, 48, 58, 59, 60, 62, 63, 68, 81, 82, 84, 103, 105, 106, 108], "excluded_lines": [], "functions": {"BaseEntityResolutionService.__init__": {"executed_lines": [], "summary": {"covered_lines": 0, "num_statements": 3, "percent_covered": 0.0, "percent_covered_display": "0", "missing_lines": 3, "excluded_lines": 0}, "missing_lines": [46, 47, 48], "excluded_lines": []}, "BaseEntityResolutionService.connect": {"executed_lines": [], "summary": {"covered_lines": 0, "num_statements": 5, "percent_covered": 0.0, "percent_covered_display": "0", "missing_lines": 5, "excluded_lines": 0}, "missing_lines": [58, 59, 60, 62, 63], "excluded_lines": []}, "BaseEntityResolutionService._get_service_name": {"executed_lines": [], "summary": {"covered_lines": 0, "num_statements": 1, "percent_covered": 0.0, "percent_covered_display": "0", "missing_lines": 1, "excluded_lines": 0}, "missing_lines": [68], "excluded_lines": []}, "BaseEntityResolutionService._handle_service_error": {"executed_lines": [], "summary": {"covered_lines": 0, "num_statements": 3, "percent_covered": 0.0, "percent_covered_display": "0", "missing_lines": 3, "excluded_lines": 0}, "missing_lines": [81, 82, 84], "excluded_lines": []}, "BaseEntityResolutionService._validate_required_fields": {"executed_lines": [], "summary": {"covered_lines": 0, "num_statements": 4, "percent_covered": 0.0, "percent_covered_display": "0", "missing_lines": 4, "excluded_lines": 0}, "missing_lines": [103, 105, 106, 108], "excluded_lines": []}, "": {"executed_lines": [1, 13, 14, 15, 17, 18, 19, 20, 28, 31, 32, 44, 50, 65, 66, 70, 91], "summary": {"covered_lines": 15, "num_statements": 15, "percent_covered": 100.0, "percent_covered_display": "100", "missing_lines": 0, "excluded_lines": 0}, "missing_lines": [], "excluded_lines": []}}, "classes": {"BaseEntityResolutionService": {"executed_lines": [], "summary": {"covered_lines": 0, "num_statements": 16, "percent_covered": 0.0, "percent_covered_display": "0", "missing_lines": 16, "excluded_lines": 0}, "missing_lines": [46, 47, 48, 58, 59, 60, 62, 63, 68, 81, 82, 84, 103, 105, 106, 108], "excluded_lines": []}, "": {"executed_lines": [1, 13, 14, 15, 17, 18, 19, 20, 28, 31, 32, 44, 50, 65, 66, 70, 91], "summary": {"covered_lines": 15, "num_statements": 15, "percent_covered": 100.0, "percent_covered_display": "100", "missing_lines": 0, "excluded_lines": 0}, "missing_lines": [], "excluded_lines": []}}}, "src/entity_resolution/services/batch_similarity_service.py": {"executed_lines": [1, 13, 14, 15, 16, 19, 20, 21, 25, 26, 27, 32, 33, 69, 138, 209, 294, 303, 352, 385, 426, 454, 499, 500, 524, 540, 558], "summary": {"covered_lines": 25, "num_statements": 194, "percent_covered": 12.88659793814433, "percent_covered_display": "13", "missing_lines": 169, "excluded_lines": 1}, "missing_lines": [22, 23, 28, 29, 108, 109, 110, 111, 112, 115, 121, 124, 125, 128, 158, 159, 161, 164, 165, 166, 167, 170, 173, 174, 175, 177, 178, 181, 182, 184, 185, 187, 188, 191, 193, 194, 197, 198, 201, 204, 205, 207, 239, 240, 242, 245, 246, 247, 248, 250, 253, 254, 255, 257, 258, 260, 261, 263, 264, 266, 267, 270, 272, 273, 282, 283, 286, 289, 290, 292, 301, 313, 314, 317, 318, 319, 322, 323, 325, 334, 335, 336, 337, 338, 340, 341, 342, 343, 344, 345, 346, 348, 350, 363, 364, 366, 367, 368, 370, 372, 373, 375, 377, 378, 379, 381, 382, 383, 400, 401, 402, 404, 405, 406, 408, 409, 410, 412, 413, 414, 415, 416, 418, 420, 422, 424, 436, 437, 439, 440, 441, 442, 443, 445, 446, 448, 449, 450, 452, 468, 469, 471, 473, 474, 475, 479, 481, 482, 483, 488, 490, 491, 494, 511, 512, 514, 515, 516, 517, 519, 520, 522, 534, 535, 536, 538, 548, 560, 561], "excluded_lines": [214], "functions": {"BatchSimilarityService.__init__": {"executed_lines": [], "summary": {"covered_lines": 0, "num_statements": 10, "percent_covered": 0.0, "percent_covered_display": "0", "missing_lines": 10, "excluded_lines": 0}, "missing_lines": [108, 109, 110, 111, 112, 115, 121, 124, 125, 128], "excluded_lines": []}, "BatchSimilarityService.compute_similarities": {"executed_lines": [], "summary": {"covered_lines": 0, "num_statements": 28, "percent_covered": 0.0, "percent_covered_display": "0", "missing_lines": 28, "excluded_lines": 0}, "missing_lines": [158, 159, 161, 164, 165, 166, 167, 170, 173, 174, 175, 177, 178, 181, 182, 184, 185, 187, 188, 191, 193, 194, 197, 198, 201, 204, 205, 207], "excluded_lines": []}, "BatchSimilarityService.compute_similarities_detailed": {"executed_lines": [], "summary": {"covered_lines": 0, "num_statements": 28, "percent_covered": 0.0, "percent_covered_display": "0", "missing_lines": 28, "excluded_lines": 1}, "missing_lines": [239, 240, 242, 245, 246, 247, 248, 250, 253, 254, 255, 257, 258, 260, 261, 263, 264, 266, 267, 270, 272, 273, 282, 283, 286, 289, 290, 292], "excluded_lines": [214]}, "BatchSimilarityService.get_statistics": {"executed_lines": [], "summary": {"covered_lines": 0, "num_statements": 1, "percent_covered": 0.0, "percent_covered_display": "0", "missing_lines": 1, "excluded_lines": 0}, "missing_lines": [301], "excluded_lines": []}, "BatchSimilarityService._batch_fetch_documents": {"executed_lines": [], "summary": {"covered_lines": 0, "num_statements": 22, "percent_covered": 0.0, "percent_covered_display": "0", "missing_lines": 22, "excluded_lines": 0}, "missing_lines": [313, 314, 317, 318, 319, 322, 323, 325, 334, 335, 336, 337, 338, 340, 341, 342, 343, 344, 345, 346, 348, 350], "excluded_lines": []}, "BatchSimilarityService._compute_weighted_similarity": {"executed_lines": [], "summary": {"covered_lines": 0, "num_statements": 15, "percent_covered": 0.0, "percent_covered_display": "0", "missing_lines": 15, "excluded_lines": 0}, "missing_lines": [363, 364, 366, 367, 368, 370, 372, 373, 375, 377, 378, 379, 381, 382, 383], "excluded_lines": []}, "BatchSimilarityService._compute_detailed_similarity": {"executed_lines": [], "summary": {"covered_lines": 0, "num_statements": 18, "percent_covered": 0.0, "percent_covered_display": "0", "missing_lines": 18, "excluded_lines": 0}, "missing_lines": [400, 401, 402, 404, 405, 406, 408, 409, 410, 412, 413, 414, 415, 416, 418, 420, 422, 424], "excluded_lines": []}, "BatchSimilarityService._normalize_value": {"executed_lines": [], "summary": {"covered_lines": 0, "num_statements": 13, "percent_covered": 0.0, "percent_covered_display": "0", "missing_lines": 13, "excluded_lines": 0}, "missing_lines": [436, 437, 439, 440, 441, 442, 443, 445, 446, 448, 449, 450, 452], "excluded_lines": []}, "BatchSimilarityService._setup_algorithm": {"executed_lines": [], "summary": {"covered_lines": 0, "num_statements": 14, "percent_covered": 0.0, "percent_covered_display": "0", "missing_lines": 14, "excluded_lines": 0}, "missing_lines": [468, 469, 471, 473, 474, 475, 479, 481, 482, 483, 488, 490, 491, 494], "excluded_lines": []}, "BatchSimilarityService._jaccard_similarity": {"executed_lines": [], "summary": {"covered_lines": 0, "num_statements": 9, "percent_covered": 0.0, "percent_covered_display": "0", "missing_lines": 9, "excluded_lines": 0}, "missing_lines": [511, 512, 514, 515, 516, 517, 519, 520, 522], "excluded_lines": []}, "BatchSimilarityService._normalize_weights": {"executed_lines": [], "summary": {"covered_lines": 0, "num_statements": 4, "percent_covered": 0.0, "percent_covered_display": "0", "missing_lines": 4, "excluded_lines": 0}, "missing_lines": [534, 535, 536, 538], "excluded_lines": []}, "BatchSimilarityService._update_statistics": {"executed_lines": [], "summary": {"covered_lines": 0, "num_statements": 1, "percent_covered": 0.0, "percent_covered_display": "0", "missing_lines": 1, "excluded_lines": 0}, "missing_lines": [548], "excluded_lines": []}, "BatchSimilarityService.__repr__": {"executed_lines": [], "summary": {"covered_lines": 0, "num_statements": 2, "percent_covered": 0.0, "percent_covered_display": "0", "missing_lines": 2, "excluded_lines": 0}, "missing_lines": [560, 561], "excluded_lines": []}, "": {"executed_lines": [1, 13, 14, 15, 16, 19, 20, 21, 25, 26, 27, 32, 33, 69, 138, 209, 294, 303, 352, 385, 426, 454, 499, 500, 524, 540, 558], "summary": {"covered_lines": 25, "num_statements": 29, "percent_covered": 86.20689655172414, "percent_covered_display": "86", "missing_lines": 4, "excluded_lines": 0}, "missing_lines": [22, 23, 28, 29], "excluded_lines": []}}, "classes": {"BatchSimilarityService": {"executed_lines": [], "summary": {"covered_lines": 0, "num_statements": 165, "percent_covered": 0.0, "percent_covered_display": "0", "missing_lines": 165, "excluded_lines": 1}, "missing_lines": [108, 109, 110, 111, 112, 115, 121, 124, 125, 128, 158, 159, 161, 164, 165, 166, 167, 170, 173, 174, 175, 177, 178, 181, 182, 184, 185, 187, 188, 191, 193, 194, 197, 198, 201, 204, 205, 207, 239, 240, 242, 245, 246, 247, 248, 250, 253, 254, 255, 257, 258, 260, 261, 263, 264, 266, 267, 270, 272, 273, 282, 283, 286, 289, 290, 292, 301, 313, 314, 317, 318, 319, 322, 323, 325, 334, 335, 336, 337, 338, 340, 341, 342, 343, 344, 345, 346, 348, 350, 363, 364, 366, 367, 368, 370, 372, 373, 375, 377, 378, 379, 381, 382, 383, 400, 401, 402, 404, 405, 406, 408, 409, 410, 412, 413, 414, 415, 416, 418, 420, 422, 424, 436, 437, 439, 440, 441, 442, 443, 445, 446, 448, 449, 450, 452, 468, 469, 471, 473, 474, 475, 479, 481, 482, 483, 488, 490, 491, 494, 511, 512, 514, 515, 516, 517, 519, 520, 522, 534, 535, 536, 538, 548, 560, 561], "excluded_lines": [214]}, "": {"executed_lines": [1, 13, 14, 15, 16, 19, 20, 21, 25, 26, 27, 32, 33, 69, 138, 209, 294, 303, 352, 385, 426, 454, 499, 500, 524, 540, 558], "summary": {"covered_lines": 25, "num_statements": 29, "percent_covered": 86.20689655172414, "percent_covered_display": "86", "missing_lines": 4, "excluded_lines": 0}, "missing_lines": [22, 23, 28, 29], "excluded_lines": []}}}, "src/entity_resolution/services/blocking_service.py": {"executed_lines": [1, 14, 15, 16, 17, 20, 21, 30, 33, 36, 49, 70, 110, 180, 211, 251, 282, 354, 374, 433, 480, 523, 573, 578, 598], "summary": {"covered_lines": 23, "num_statements": 224, "percent_covered": 10.267857142857142, "percent_covered_display": "10", "missing_lines": 201, "excluded_lines": 0}, "missing_lines": [31, 34, 47, 64, 65, 68, 72, 74, 75, 82, 83, 86, 87, 94, 95, 97, 99, 106, 107, 108, 112, 113, 116, 117, 120, 127, 129, 130, 132, 133, 134, 140, 141, 143, 145, 146, 147, 150, 151, 152, 154, 155, 156, 157, 158, 160, 162, 163, 164, 166, 168, 176, 177, 178, 182, 213, 254, 255, 257, 264, 271, 272, 273, 274, 276, 278, 279, 280, 285, 286, 287, 289, 292, 293, 297, 298, 299, 301, 302, 305, 306, 309, 310, 311, 314, 317, 318, 319, 320, 321, 322, 327, 328, 330, 332, 334, 350, 351, 352, 357, 358, 359, 360, 361, 362, 363, 364, 365, 367, 368, 370, 371, 372, 377, 378, 381, 382, 388, 392, 395, 396, 402, 406, 409, 410, 411, 412, 420, 425, 427, 429, 430, 431, 436, 438, 440, 441, 443, 444, 445, 451, 455, 458, 459, 460, 461, 462, 468, 472, 474, 476, 477, 478, 483, 484, 487, 488, 489, 490, 496, 500, 502, 503, 504, 505, 511, 515, 517, 519, 520, 521, 526, 527, 530, 531, 532, 533, 534, 536, 537, 540, 542, 556, 562, 563, 564, 566, 568, 569, 570, 576, 580, 581, 583, 589, 590, 592, 594, 595, 596, 600], "excluded_lines": [], "functions": {"BlockingService.__init__": {"executed_lines": [], "summary": {"covered_lines": 0, "num_statements": 1, "percent_covered": 0.0, "percent_covered_display": "0", "missing_lines": 1, "excluded_lines": 0}, "missing_lines": [31], "excluded_lines": []}, "BlockingService._get_service_name": {"executed_lines": [], "summary": {"covered_lines": 0, "num_statements": 1, "percent_covered": 0.0, "percent_covered_display": "0", "missing_lines": 1, "excluded_lines": 0}, "missing_lines": [34], "excluded_lines": []}, "BlockingService.setup_for_collections": {"executed_lines": [], "summary": {"covered_lines": 0, "num_statements": 1, "percent_covered": 0.0, "percent_covered_display": "0", "missing_lines": 1, "excluded_lines": 0}, "missing_lines": [47], "excluded_lines": []}, "BlockingService.generate_candidates": {"executed_lines": [], "summary": {"covered_lines": 0, "num_statements": 3, "percent_covered": 0.0, "percent_covered_display": "0", "missing_lines": 3, "excluded_lines": 0}, "missing_lines": [64, 65, 68], "excluded_lines": []}, "BlockingService._setup_via_foxx": {"executed_lines": [], "summary": {"covered_lines": 0, "num_statements": 14, "percent_covered": 0.0, "percent_covered_display": "0", "missing_lines": 14, "excluded_lines": 0}, "missing_lines": [72, 74, 75, 82, 83, 86, 87, 94, 95, 97, 99, 106, 107, 108], "excluded_lines": []}, "BlockingService._setup_via_python": {"executed_lines": [], "summary": {"covered_lines": 0, "num_statements": 34, "percent_covered": 0.0, "percent_covered_display": "0", "missing_lines": 34, "excluded_lines": 0}, "missing_lines": [112, 113, 116, 117, 120, 127, 129, 130, 132, 133, 134, 140, 141, 143, 145, 146, 147, 150, 151, 152, 154, 155, 156, 157, 158, 160, 162, 163, 164, 166, 168, 176, 177, 178], "excluded_lines": []}, "BlockingService._get_blocking_analyzers": {"executed_lines": [], "summary": {"covered_lines": 0, "num_statements": 1, "percent_covered": 0.0, "percent_covered_display": "0", "missing_lines": 1, "excluded_lines": 0}, "missing_lines": [182], "excluded_lines": []}, "BlockingService._get_blocking_view_config": {"executed_lines": [], "summary": {"covered_lines": 0, "num_statements": 1, "percent_covered": 0.0, "percent_covered_display": "0", "missing_lines": 1, "excluded_lines": 0}, "missing_lines": [213], "excluded_lines": []}, "BlockingService._generate_candidates_via_foxx": {"executed_lines": [], "summary": {"covered_lines": 0, "num_statements": 12, "percent_covered": 0.0, "percent_covered_display": "0", "missing_lines": 12, "excluded_lines": 0}, "missing_lines": [254, 255, 257, 264, 271, 272, 273, 274, 276, 278, 279, 280], "excluded_lines": []}, "BlockingService._generate_candidates_via_python": {"executed_lines": [], "summary": {"covered_lines": 0, "num_statements": 31, "percent_covered": 0.0, "percent_covered_display": "0", "missing_lines": 31, "excluded_lines": 0}, "missing_lines": [285, 286, 287, 289, 292, 293, 297, 298, 299, 301, 302, 305, 306, 309, 310, 311, 314, 317, 318, 319, 320, 321, 322, 327, 328, 330, 332, 334, 350, 351, 352], "excluded_lines": []}, "BlockingService._apply_blocking_strategy": {"executed_lines": [], "summary": {"covered_lines": 0, "num_statements": 14, "percent_covered": 0.0, "percent_covered_display": "0", "missing_lines": 14, "excluded_lines": 0}, "missing_lines": [357, 358, 359, 360, 361, 362, 363, 364, 365, 367, 368, 370, 371, 372], "excluded_lines": []}, "BlockingService._exact_blocking": {"executed_lines": [], "summary": {"covered_lines": 0, "num_statements": 20, "percent_covered": 0.0, "percent_covered_display": "0", "missing_lines": 20, "excluded_lines": 0}, "missing_lines": [377, 378, 381, 382, 388, 392, 395, 396, 402, 406, 409, 410, 411, 412, 420, 425, 427, 429, 430, 431], "excluded_lines": []}, "BlockingService._ngram_blocking": {"executed_lines": [], "summary": {"covered_lines": 0, "num_statements": 20, "percent_covered": 0.0, "percent_covered_display": "0", "missing_lines": 20, "excluded_lines": 0}, "missing_lines": [436, 438, 440, 441, 443, 444, 445, 451, 455, 458, 459, 460, 461, 462, 468, 472, 474, 476, 477, 478], "excluded_lines": []}, "BlockingService._phonetic_blocking": {"executed_lines": [], "summary": {"covered_lines": 0, "num_statements": 18, "percent_covered": 0.0, "percent_covered_display": "0", "missing_lines": 18, "excluded_lines": 0}, "missing_lines": [483, 484, 487, 488, 489, 490, 496, 500, 502, 503, 504, 505, 511, 515, 517, 519, 520, 521], "excluded_lines": []}, "BlockingService._sorted_neighborhood_blocking": {"executed_lines": [], "summary": {"covered_lines": 0, "num_statements": 19, "percent_covered": 0.0, "percent_covered_display": "0", "missing_lines": 19, "excluded_lines": 0}, "missing_lines": [526, 527, 530, 531, 532, 533, 534, 536, 537, 540, 542, 556, 562, 563, 564, 566, 568, 569, 570], "excluded_lines": []}, "BlockingService.get_blocking_stats": {"executed_lines": [], "summary": {"covered_lines": 0, "num_statements": 1, "percent_covered": 0.0, "percent_covered_display": "0", "missing_lines": 1, "excluded_lines": 0}, "missing_lines": [576], "excluded_lines": []}, "BlockingService._get_stats_via_foxx": {"executed_lines": [], "summary": {"covered_lines": 0, "num_statements": 9, "percent_covered": 0.0, "percent_covered_display": "0", "missing_lines": 9, "excluded_lines": 0}, "missing_lines": [580, 581, 583, 589, 590, 592, 594, 595, 596], "excluded_lines": []}, "BlockingService._get_stats_via_python": {"executed_lines": [], "summary": {"covered_lines": 0, "num_statements": 1, "percent_covered": 0.0, "percent_covered_display": "0", "missing_lines": 1, "excluded_lines": 0}, "missing_lines": [600], "excluded_lines": []}, "": {"executed_lines": [1, 14, 15, 16, 17, 20, 21, 30, 33, 36, 49, 70, 110, 180, 211, 251, 282, 354, 374, 433, 480, 523, 573, 578, 598], "summary": {"covered_lines": 23, "num_statements": 23, "percent_covered": 100.0, "percent_covered_display": "100", "missing_lines": 0, "excluded_lines": 0}, "missing_lines": [], "excluded_lines": []}}, "classes": {"BlockingService": {"executed_lines": [], "summary": {"covered_lines": 0, "num_statements": 201, "percent_covered": 0.0, "percent_covered_display": "0", "missing_lines": 201, "excluded_lines": 0}, "missing_lines": [31, 34, 47, 64, 65, 68, 72, 74, 75, 82, 83, 86, 87, 94, 95, 97, 99, 106, 107, 108, 112, 113, 116, 117, 120, 127, 129, 130, 132, 133, 134, 140, 141, 143, 145, 146, 147, 150, 151, 152, 154, 155, 156, 157, 158, 160, 162, 163, 164, 166, 168, 176, 177, 178, 182, 213, 254, 255, 257, 264, 271, 272, 273, 274, 276, 278, 279, 280, 285, 286, 287, 289, 292, 293, 297, 298, 299, 301, 302, 305, 306, 309, 310, 311, 314, 317, 318, 319, 320, 321, 322, 327, 328, 330, 332, 334, 350, 351, 352, 357, 358, 359, 360, 361, 362, 363, 364, 365, 367, 368, 370, 371, 372, 377, 378, 381, 382, 388, 392, 395, 396, 402, 406, 409, 410, 411, 412, 420, 425, 427, 429, 430, 431, 436, 438, 440, 441, 443, 444, 445, 451, 455, 458, 459, 460, 461, 462, 468, 472, 474, 476, 477, 478, 483, 484, 487, 488, 489, 490, 496, 500, 502, 503, 504, 505, 511, 515, 517, 519, 520, 521, 526, 527, 530, 531, 532, 533, 534, 536, 537, 540, 542, 556, 562, 563, 564, 566, 568, 569, 570, 576, 580, 581, 583, 589, 590, 592, 594, 595, 596, 600], "excluded_lines": []}, "": {"executed_lines": [1, 14, 15, 16, 17, 20, 21, 30, 33, 36, 49, 70, 110, 180, 211, 251, 282, 354, 374, 433, 480, 523, 573, 578, 598], "summary": {"covered_lines": 23, "num_statements": 23, "percent_covered": 100.0, "percent_covered_display": "100", "missing_lines": 0, "excluded_lines": 0}, "missing_lines": [], "excluded_lines": []}}}, "src/entity_resolution/services/bulk_blocking_service.py": {"executed_lines": [1, 20, 21, 22, 23, 24, 27, 28, 45, 51, 68, 180, 232, 313, 358, 399, 425], "summary": {"covered_lines": 15, "num_statements": 132, "percent_covered": 11.363636363636363, "percent_covered_display": "11", "missing_lines": 117, "excluded_lines": 1}, "missing_lines": [46, 47, 48, 49, 53, 54, 57, 62, 63, 64, 65, 66, 106, 107, 109, 110, 115, 116, 118, 119, 120, 123, 124, 126, 127, 128, 129, 130, 131, 133, 134, 136, 137, 142, 143, 148, 150, 152, 169, 174, 176, 177, 178, 205, 206, 207, 209, 211, 212, 214, 215, 216, 217, 218, 219, 221, 224, 225, 226, 241, 244, 263, 264, 271, 272, 273, 274, 275, 278, 297, 298, 305, 306, 307, 308, 309, 311, 322, 343, 344, 351, 352, 353, 354, 355, 356, 367, 384, 385, 392, 393, 394, 395, 396, 397, 406, 407, 409, 410, 411, 414, 415, 417, 419, 420, 421, 423, 432, 433, 435, 436, 437, 440, 442, 453, 454, 455], "excluded_lines": [186], "functions": {"BulkBlockingService.__init__": {"executed_lines": [], "summary": {"covered_lines": 0, "num_statements": 4, "percent_covered": 0.0, "percent_covered_display": "0", "missing_lines": 4, "excluded_lines": 0}, "missing_lines": [46, 47, 48, 49], "excluded_lines": []}, "BulkBlockingService.connect": {"executed_lines": [], "summary": {"covered_lines": 0, "num_statements": 8, "percent_covered": 0.0, "percent_covered_display": "0", "missing_lines": 8, "excluded_lines": 0}, "missing_lines": [53, 54, 57, 62, 63, 64, 65, 66], "excluded_lines": []}, "BulkBlockingService.generate_all_pairs": {"executed_lines": [], "summary": {"covered_lines": 0, "num_statements": 31, "percent_covered": 0.0, "percent_covered_display": "0", "missing_lines": 31, "excluded_lines": 0}, "missing_lines": [106, 107, 109, 110, 115, 116, 118, 119, 120, 123, 124, 126, 127, 128, 129, 130, 131, 133, 134, 136, 137, 142, 143, 148, 150, 152, 169, 174, 176, 177, 178], "excluded_lines": []}, "BulkBlockingService.generate_pairs_streaming": {"executed_lines": [], "summary": {"covered_lines": 0, "num_statements": 16, "percent_covered": 0.0, "percent_covered_display": "0", "missing_lines": 16, "excluded_lines": 1}, "missing_lines": [205, 206, 207, 209, 211, 212, 214, 215, 216, 217, 218, 219, 221, 224, 225, 226], "excluded_lines": [186]}, "BulkBlockingService._execute_exact_blocking": {"executed_lines": [], "summary": {"covered_lines": 0, "num_statements": 18, "percent_covered": 0.0, "percent_covered_display": "0", "missing_lines": 18, "excluded_lines": 0}, "missing_lines": [241, 244, 263, 264, 271, 272, 273, 274, 275, 278, 297, 298, 305, 306, 307, 308, 309, 311], "excluded_lines": []}, "BulkBlockingService._execute_ngram_blocking": {"executed_lines": [], "summary": {"covered_lines": 0, "num_statements": 9, "percent_covered": 0.0, "percent_covered_display": "0", "missing_lines": 9, "excluded_lines": 0}, "missing_lines": [322, 343, 344, 351, 352, 353, 354, 355, 356], "excluded_lines": []}, "BulkBlockingService._execute_phonetic_blocking": {"executed_lines": [], "summary": {"covered_lines": 0, "num_statements": 9, "percent_covered": 0.0, "percent_covered_display": "0", "missing_lines": 9, "excluded_lines": 0}, "missing_lines": [367, 384, 385, 392, 393, 394, 395, 396, 397], "excluded_lines": []}, "BulkBlockingService._deduplicate_pairs": {"executed_lines": [], "summary": {"covered_lines": 0, "num_statements": 12, "percent_covered": 0.0, "percent_covered_display": "0", "missing_lines": 12, "excluded_lines": 0}, "missing_lines": [406, 407, 409, 410, 411, 414, 415, 417, 419, 420, 421, 423], "excluded_lines": []}, "BulkBlockingService.get_collection_stats": {"executed_lines": [], "summary": {"covered_lines": 0, "num_statements": 10, "percent_covered": 0.0, "percent_covered_display": "0", "missing_lines": 10, "excluded_lines": 0}, "missing_lines": [432, 433, 435, 436, 437, 440, 442, 453, 454, 455], "excluded_lines": []}, "": {"executed_lines": [1, 20, 21, 22, 23, 24, 27, 28, 45, 51, 68, 180, 232, 313, 358, 399, 425], "summary": {"covered_lines": 15, "num_statements": 15, "percent_covered": 100.0, "percent_covered_display": "100", "missing_lines": 0, "excluded_lines": 0}, "missing_lines": [], "excluded_lines": []}}, "classes": {"BulkBlockingService": {"executed_lines": [], "summary": {"covered_lines": 0, "num_statements": 117, "percent_covered": 0.0, "percent_covered_display": "0", "missing_lines": 117, "excluded_lines": 1}, "missing_lines": [46, 47, 48, 49, 53, 54, 57, 62, 63, 64, 65, 66, 106, 107, 109, 110, 115, 116, 118, 119, 120, 123, 124, 126, 127, 128, 129, 130, 131, 133, 134, 136, 137, 142, 143, 148, 150, 152, 169, 174, 176, 177, 178, 205, 206, 207, 209, 211, 212, 214, 215, 216, 217, 218, 219, 221, 224, 225, 226, 241, 244, 263, 264, 271, 272, 273, 274, 275, 278, 297, 298, 305, 306, 307, 308, 309, 311, 322, 343, 344, 351, 352, 353, 354, 355, 356, 367, 384, 385, 392, 393, 394, 395, 396, 397, 406, 407, 409, 410, 411, 414, 415, 417, 419, 420, 421, 423, 432, 433, 435, 436, 437, 440, 442, 453, 454, 455], "excluded_lines": [186]}, "": {"executed_lines": [1, 20, 21, 22, 23, 24, 27, 28, 45, 51, 68, 180, 232, 313, 358, 399, 425], "summary": {"covered_lines": 15, "num_statements": 15, "percent_covered": 100.0, "percent_covered_display": "100", "missing_lines": 0, "excluded_lines": 0}, "missing_lines": [], "excluded_lines": []}}}, "src/entity_resolution/services/clustering_service.py": {"executed_lines": [1, 13, 14, 15, 16, 19, 20, 28, 31, 34, 42, 61, 81, 94, 124, 175, 215, 290, 329, 346, 372, 406, 440], "summary": {"covered_lines": 21, "num_statements": 172, "percent_covered": 12.209302325581396, "percent_covered_display": "12", "missing_lines": 151, "excluded_lines": 0}, "missing_lines": [29, 32, 36, 37, 38, 39, 40, 56, 59, 75, 76, 79, 92, 97, 98, 100, 106, 113, 114, 115, 116, 118, 120, 121, 122, 127, 129, 131, 135, 136, 138, 139, 140, 141, 143, 144, 150, 151, 153, 171, 172, 173, 178, 180, 183, 184, 187, 189, 196, 203, 204, 205, 206, 207, 209, 211, 212, 213, 218, 219, 220, 223, 226, 227, 229, 230, 233, 236, 239, 240, 241, 244, 245, 246, 247, 249, 250, 251, 253, 254, 256, 268, 270, 286, 287, 288, 294, 295, 296, 297, 298, 299, 301, 302, 304, 306, 307, 309, 310, 312, 313, 314, 317, 318, 319, 320, 321, 322, 327, 333, 334, 335, 338, 339, 342, 344, 348, 349, 351, 356, 363, 364, 366, 368, 369, 370, 374, 375, 376, 378, 379, 380, 383, 384, 386, 394, 402, 403, 404, 409, 410, 411, 412, 413, 416, 424, 425, 426, 428, 430, 442], "excluded_lines": [], "functions": {"ClusteringService.__init__": {"executed_lines": [], "summary": {"covered_lines": 0, "num_statements": 1, "percent_covered": 0.0, "percent_covered_display": "0", "missing_lines": 1, "excluded_lines": 0}, "missing_lines": [29], "excluded_lines": []}, "ClusteringService._get_service_name": {"executed_lines": [], "summary": {"covered_lines": 0, "num_statements": 1, "percent_covered": 0.0, "percent_covered_display": "0", "missing_lines": 1, "excluded_lines": 0}, "missing_lines": [32], "excluded_lines": []}, "ClusteringService._test_service_endpoints": {"executed_lines": [], "summary": {"covered_lines": 0, "num_statements": 5, "percent_covered": 0.0, "percent_covered_display": "0", "missing_lines": 5, "excluded_lines": 0}, "missing_lines": [36, 37, 38, 39, 40], "excluded_lines": []}, "ClusteringService.build_similarity_graph": {"executed_lines": [], "summary": {"covered_lines": 0, "num_statements": 2, "percent_covered": 0.0, "percent_covered_display": "0", "missing_lines": 2, "excluded_lines": 0}, "missing_lines": [56, 59], "excluded_lines": []}, "ClusteringService.cluster_entities": {"executed_lines": [], "summary": {"covered_lines": 0, "num_statements": 3, "percent_covered": 0.0, "percent_covered_display": "0", "missing_lines": 3, "excluded_lines": 0}, "missing_lines": [75, 76, 79], "excluded_lines": []}, "ClusteringService.validate_cluster_quality": {"executed_lines": [], "summary": {"covered_lines": 0, "num_statements": 1, "percent_covered": 0.0, "percent_covered_display": "0", "missing_lines": 1, "excluded_lines": 0}, "missing_lines": [92], "excluded_lines": []}, "ClusteringService._build_graph_via_foxx": {"executed_lines": [], "summary": {"covered_lines": 0, "num_statements": 12, "percent_covered": 0.0, "percent_covered_display": "0", "missing_lines": 12, "excluded_lines": 0}, "missing_lines": [97, 98, 100, 106, 113, 114, 115, 116, 118, 120, 121, 122], "excluded_lines": []}, "ClusteringService._build_graph_via_python": {"executed_lines": [], "summary": {"covered_lines": 0, "num_statements": 17, "percent_covered": 0.0, "percent_covered_display": "0", "missing_lines": 17, "excluded_lines": 0}, "missing_lines": [127, 129, 131, 135, 136, 138, 139, 140, 141, 143, 144, 150, 151, 153, 171, 172, 173], "excluded_lines": []}, "ClusteringService._cluster_via_foxx": {"executed_lines": [], "summary": {"covered_lines": 0, "num_statements": 16, "percent_covered": 0.0, "percent_covered_display": "0", "missing_lines": 16, "excluded_lines": 0}, "missing_lines": [178, 180, 183, 184, 187, 189, 196, 203, 204, 205, 206, 207, 209, 211, 212, 213], "excluded_lines": []}, "ClusteringService._cluster_via_python": {"executed_lines": [], "summary": {"covered_lines": 0, "num_statements": 28, "percent_covered": 0.0, "percent_covered_display": "0", "missing_lines": 28, "excluded_lines": 0}, "missing_lines": [218, 219, 220, 223, 226, 227, 229, 230, 233, 236, 239, 240, 241, 244, 245, 246, 247, 249, 250, 251, 253, 254, 256, 268, 270, 286, 287, 288], "excluded_lines": []}, "ClusteringService._find_connected_components": {"executed_lines": [], "summary": {"covered_lines": 0, "num_statements": 16, "percent_covered": 0.0, "percent_covered_display": "0", "missing_lines": 16, "excluded_lines": 0}, "missing_lines": [294, 295, 296, 297, 298, 299, 301, 302, 304, 317, 318, 319, 320, 321, 322, 327], "excluded_lines": []}, "ClusteringService._find_connected_components.dfs": {"executed_lines": [], "summary": {"covered_lines": 0, "num_statements": 7, "percent_covered": 0.0, "percent_covered_display": "0", "missing_lines": 7, "excluded_lines": 0}, "missing_lines": [306, 307, 309, 310, 312, 313, 314], "excluded_lines": []}, "ClusteringService._calculate_cluster_quality": {"executed_lines": [], "summary": {"covered_lines": 0, "num_statements": 7, "percent_covered": 0.0, "percent_covered_display": "0", "missing_lines": 7, "excluded_lines": 0}, "missing_lines": [333, 334, 335, 338, 339, 342, 344], "excluded_lines": []}, "ClusteringService._validate_via_foxx": {"executed_lines": [], "summary": {"covered_lines": 0, "num_statements": 10, "percent_covered": 0.0, "percent_covered_display": "0", "missing_lines": 10, "excluded_lines": 0}, "missing_lines": [348, 349, 351, 356, 363, 364, 366, 368, 369, 370], "excluded_lines": []}, "ClusteringService._validate_via_python": {"executed_lines": [], "summary": {"covered_lines": 0, "num_statements": 13, "percent_covered": 0.0, "percent_covered_display": "0", "missing_lines": 13, "excluded_lines": 0}, "missing_lines": [374, 375, 376, 378, 379, 380, 383, 384, 386, 394, 402, 403, 404], "excluded_lines": []}, "ClusteringService._validate_single_cluster": {"executed_lines": [], "summary": {"covered_lines": 0, "num_statements": 11, "percent_covered": 0.0, "percent_covered_display": "0", "missing_lines": 11, "excluded_lines": 0}, "missing_lines": [409, 410, 411, 412, 413, 416, 424, 425, 426, 428, 430], "excluded_lines": []}, "ClusteringService._get_quality_thresholds": {"executed_lines": [], "summary": {"covered_lines": 0, "num_statements": 1, "percent_covered": 0.0, "percent_covered_display": "0", "missing_lines": 1, "excluded_lines": 0}, "missing_lines": [442], "excluded_lines": []}, "": {"executed_lines": [1, 13, 14, 15, 16, 19, 20, 28, 31, 34, 42, 61, 81, 94, 124, 175, 215, 290, 329, 346, 372, 406, 440], "summary": {"covered_lines": 21, "num_statements": 21, "percent_covered": 100.0, "percent_covered_display": "100", "missing_lines": 0, "excluded_lines": 0}, "missing_lines": [], "excluded_lines": []}}, "classes": {"ClusteringService": {"executed_lines": [], "summary": {"covered_lines": 0, "num_statements": 151, "percent_covered": 0.0, "percent_covered_display": "0", "missing_lines": 151, "excluded_lines": 0}, "missing_lines": [29, 32, 36, 37, 38, 39, 40, 56, 59, 75, 76, 79, 92, 97, 98, 100, 106, 113, 114, 115, 116, 118, 120, 121, 122, 127, 129, 131, 135, 136, 138, 139, 140, 141, 143, 144, 150, 151, 153, 171, 172, 173, 178, 180, 183, 184, 187, 189, 196, 203, 204, 205, 206, 207, 209, 211, 212, 213, 218, 219, 220, 223, 226, 227, 229, 230, 233, 236, 239, 240, 241, 244, 245, 246, 247, 249, 250, 251, 253, 254, 256, 268, 270, 286, 287, 288, 294, 295, 296, 297, 298, 299, 301, 302, 304, 306, 307, 309, 310, 312, 313, 314, 317, 318, 319, 320, 321, 322, 327, 333, 334, 335, 338, 339, 342, 344, 348, 349, 351, 356, 363, 364, 366, 368, 369, 370, 374, 375, 376, 378, 379, 380, 383, 384, 386, 394, 402, 403, 404, 409, 410, 411, 412, 413, 416, 424, 425, 426, 428, 430, 442], "excluded_lines": []}, "": {"executed_lines": [1, 13, 14, 15, 16, 19, 20, 28, 31, 34, 42, 61, 81, 94, 124, 175, 215, 290, 329, 346, 372, 406, 440], "summary": {"covered_lines": 21, "num_statements": 21, "percent_covered": 100.0, "percent_covered_display": "100", "missing_lines": 0, "excluded_lines": 0}, "missing_lines": [], "excluded_lines": []}}}, "src/entity_resolution/services/golden_record_service.py": {"executed_lines": [1, 11, 12, 13, 14, 16, 17, 20, 21, 31, 58, 129, 136, 209, 264, 332, 381, 388, 396, 403, 415, 440, 494], "summary": {"covered_lines": 21, "num_statements": 211, "percent_covered": 9.95260663507109, "percent_covered_display": "10", "missing_lines": 190, "excluded_lines": 0}, "missing_lines": [32, 33, 36, 51, 70, 71, 72, 74, 75, 83, 84, 86, 89, 90, 91, 94, 97, 98, 99, 101, 103, 104, 106, 107, 108, 109, 111, 113, 125, 126, 127, 133, 134, 150, 151, 152, 155, 167, 168, 169, 172, 174, 175, 178, 179, 180, 183, 184, 185, 186, 187, 189, 190, 192, 193, 194, 197, 198, 201, 203, 205, 206, 207, 222, 224, 225, 226, 227, 234, 235, 238, 239, 251, 252, 254, 255, 256, 258, 260, 261, 262, 268, 269, 271, 272, 281, 283, 284, 287, 289, 299, 301, 302, 303, 305, 307, 316, 318, 320, 322, 326, 328, 329, 330, 343, 344, 345, 347, 350, 351, 352, 353, 355, 358, 361, 362, 363, 364, 367, 368, 371, 372, 373, 375, 377, 378, 379, 383, 384, 385, 386, 390, 392, 393, 394, 398, 399, 400, 401, 405, 412, 413, 417, 419, 421, 422, 423, 424, 425, 427, 428, 431, 432, 434, 436, 437, 438, 450, 451, 461, 462, 464, 465, 466, 468, 469, 470, 473, 474, 476, 479, 480, 482, 483, 485, 486, 488, 490, 491, 492, 496, 497, 498, 500, 501, 502, 504, 526, 527, 528], "excluded_lines": [], "functions": {"GoldenRecordService.__init__": {"executed_lines": [], "summary": {"covered_lines": 0, "num_statements": 4, "percent_covered": 0.0, "percent_covered_display": "0", "missing_lines": 4, "excluded_lines": 0}, "missing_lines": [32, 33, 36, 51], "excluded_lines": []}, "GoldenRecordService.generate_golden_records": {"executed_lines": [], "summary": {"covered_lines": 0, "num_statements": 27, "percent_covered": 0.0, "percent_covered_display": "0", "missing_lines": 27, "excluded_lines": 0}, "missing_lines": [70, 71, 72, 74, 75, 83, 84, 86, 89, 90, 91, 94, 97, 98, 99, 101, 103, 104, 106, 107, 108, 109, 111, 113, 125, 126, 127], "excluded_lines": []}, "GoldenRecordService._retrieve_cluster_records": {"executed_lines": [], "summary": {"covered_lines": 0, "num_statements": 2, "percent_covered": 0.0, "percent_covered_display": "0", "missing_lines": 2, "excluded_lines": 0}, "missing_lines": [133, 134], "excluded_lines": []}, "GoldenRecordService._consolidate_cluster_records": {"executed_lines": [], "summary": {"covered_lines": 0, "num_statements": 30, "percent_covered": 0.0, "percent_covered_display": "0", "missing_lines": 30, "excluded_lines": 0}, "missing_lines": [150, 151, 152, 155, 167, 168, 169, 172, 174, 175, 178, 179, 180, 183, 184, 185, 186, 187, 189, 190, 192, 193, 194, 197, 198, 201, 203, 205, 206, 207], "excluded_lines": []}, "GoldenRecordService._resolve_field_conflict": {"executed_lines": [], "summary": {"covered_lines": 0, "num_statements": 18, "percent_covered": 0.0, "percent_covered_display": "0", "missing_lines": 18, "excluded_lines": 0}, "missing_lines": [222, 224, 225, 226, 227, 234, 235, 238, 239, 251, 252, 254, 255, 256, 258, 260, 261, 262], "excluded_lines": []}, "GoldenRecordService._apply_resolution_strategy": {"executed_lines": [], "summary": {"covered_lines": 0, "num_statements": 23, "percent_covered": 0.0, "percent_covered_display": "0", "missing_lines": 23, "excluded_lines": 0}, "missing_lines": [268, 269, 271, 272, 281, 283, 284, 287, 289, 299, 301, 302, 303, 305, 307, 316, 318, 320, 322, 326, 328, 329, 330], "excluded_lines": []}, "GoldenRecordService._assess_field_quality": {"executed_lines": [], "summary": {"covered_lines": 0, "num_statements": 23, "percent_covered": 0.0, "percent_covered_display": "0", "missing_lines": 23, "excluded_lines": 0}, "missing_lines": [343, 344, 345, 347, 350, 351, 352, 353, 355, 358, 361, 362, 363, 364, 367, 368, 371, 372, 373, 375, 377, 378, 379], "excluded_lines": []}, "GoldenRecordService._validate_email": {"executed_lines": [], "summary": {"covered_lines": 0, "num_statements": 4, "percent_covered": 0.0, "percent_covered_display": "0", "missing_lines": 4, "excluded_lines": 0}, "missing_lines": [383, 384, 385, 386], "excluded_lines": []}, "GoldenRecordService._validate_phone": {"executed_lines": [], "summary": {"covered_lines": 0, "num_statements": 4, "percent_covered": 0.0, "percent_covered_display": "0", "missing_lines": 4, "excluded_lines": 0}, "missing_lines": [390, 392, 393, 394], "excluded_lines": []}, "GoldenRecordService._validate_zip_code": {"executed_lines": [], "summary": {"covered_lines": 0, "num_statements": 4, "percent_covered": 0.0, "percent_covered_display": "0", "missing_lines": 4, "excluded_lines": 0}, "missing_lines": [398, 399, 400, 401], "excluded_lines": []}, "GoldenRecordService._validate_state": {"executed_lines": [], "summary": {"covered_lines": 0, "num_statements": 3, "percent_covered": 0.0, "percent_covered_display": "0", "missing_lines": 3, "excluded_lines": 0}, "missing_lines": [405, 412, 413], "excluded_lines": []}, "GoldenRecordService._calculate_data_quality_score": {"executed_lines": [], "summary": {"covered_lines": 0, "num_statements": 15, "percent_covered": 0.0, "percent_covered_display": "0", "missing_lines": 15, "excluded_lines": 0}, "missing_lines": [417, 419, 421, 422, 423, 424, 425, 427, 428, 431, 432, 434, 436, 437, 438], "excluded_lines": []}, "GoldenRecordService.validate_golden_record": {"executed_lines": [], "summary": {"covered_lines": 0, "num_statements": 23, "percent_covered": 0.0, "percent_covered_display": "0", "missing_lines": 23, "excluded_lines": 0}, "missing_lines": [450, 451, 461, 462, 464, 465, 466, 468, 469, 470, 473, 474, 476, 479, 480, 482, 483, 485, 486, 488, 490, 491, 492], "excluded_lines": []}, "GoldenRecordService.get_generation_statistics": {"executed_lines": [], "summary": {"covered_lines": 0, "num_statements": 10, "percent_covered": 0.0, "percent_covered_display": "0", "missing_lines": 10, "excluded_lines": 0}, "missing_lines": [496, 497, 498, 500, 501, 502, 504, 526, 527, 528], "excluded_lines": []}, "": {"executed_lines": [1, 11, 12, 13, 14, 16, 17, 20, 21, 31, 58, 129, 136, 209, 264, 332, 381, 388, 396, 403, 415, 440, 494], "summary": {"covered_lines": 21, "num_statements": 21, "percent_covered": 100.0, "percent_covered_display": "100", "missing_lines": 0, "excluded_lines": 0}, "missing_lines": [], "excluded_lines": []}}, "classes": {"GoldenRecordService": {"executed_lines": [], "summary": {"covered_lines": 0, "num_statements": 190, "percent_covered": 0.0, "percent_covered_display": "0", "missing_lines": 190, "excluded_lines": 0}, "missing_lines": [32, 33, 36, 51, 70, 71, 72, 74, 75, 83, 84, 86, 89, 90, 91, 94, 97, 98, 99, 101, 103, 104, 106, 107, 108, 109, 111, 113, 125, 126, 127, 133, 134, 150, 151, 152, 155, 167, 168, 169, 172, 174, 175, 178, 179, 180, 183, 184, 185, 186, 187, 189, 190, 192, 193, 194, 197, 198, 201, 203, 205, 206, 207, 222, 224, 225, 226, 227, 234, 235, 238, 239, 251, 252, 254, 255, 256, 258, 260, 261, 262, 268, 269, 271, 272, 281, 283, 284, 287, 289, 299, 301, 302, 303, 305, 307, 316, 318, 320, 322, 326, 328, 329, 330, 343, 344, 345, 347, 350, 351, 352, 353, 355, 358, 361, 362, 363, 364, 367, 368, 371, 372, 373, 375, 377, 378, 379, 383, 384, 385, 386, 390, 392, 393, 394, 398, 399, 400, 401, 405, 412, 413, 417, 419, 421, 422, 423, 424, 425, 427, 428, 431, 432, 434, 436, 437, 438, 450, 451, 461, 462, 464, 465, 466, 468, 469, 470, 473, 474, 476, 479, 480, 482, 483, 485, 486, 488, 490, 491, 492, 496, 497, 498, 500, 501, 502, 504, 526, 527, 528], "excluded_lines": []}, "": {"executed_lines": [1, 11, 12, 13, 14, 16, 17, 20, 21, 31, 58, 129, 136, 209, 264, 332, 381, 388, 396, 403, 415, 440, 494], "summary": {"covered_lines": 21, "num_statements": 21, "percent_covered": 100.0, "percent_covered_display": "100", "missing_lines": 0, "excluded_lines": 0}, "missing_lines": [], "excluded_lines": []}}}, "src/entity_resolution/services/similarity_edge_service.py": {"executed_lines": [1, 8, 9, 10, 11, 12, 13, 15, 18, 19, 60, 108, 186, 275, 326, 343, 359, 377], "summary": {"covered_lines": 16, "num_statements": 103, "percent_covered": 15.533980582524272, "percent_covered_display": "16", "missing_lines": 87, "excluded_lines": 1}, "missing_lines": [84, 85, 86, 87, 90, 93, 94, 96, 99, 134, 135, 137, 138, 139, 142, 143, 146, 147, 148, 150, 152, 158, 161, 162, 168, 171, 172, 173, 174, 175, 176, 178, 181, 182, 184, 215, 216, 218, 219, 220, 223, 224, 225, 227, 228, 229, 231, 232, 235, 242, 243, 244, 246, 249, 250, 255, 256, 257, 258, 261, 262, 263, 264, 265, 266, 267, 270, 271, 273, 306, 307, 309, 310, 312, 313, 315, 316, 317, 319, 321, 322, 324, 341, 357, 366, 368, 379], "excluded_lines": [191], "functions": {"SimilarityEdgeService.__init__": {"executed_lines": [], "summary": {"covered_lines": 0, "num_statements": 9, "percent_covered": 0.0, "percent_covered_display": "0", "missing_lines": 9, "excluded_lines": 0}, "missing_lines": [84, 85, 86, 87, 90, 93, 94, 96, 99], "excluded_lines": []}, "SimilarityEdgeService.create_edges": {"executed_lines": [], "summary": {"covered_lines": 0, "num_statements": 26, "percent_covered": 0.0, "percent_covered_display": "0", "missing_lines": 26, "excluded_lines": 0}, "missing_lines": [134, 135, 137, 138, 139, 142, 143, 146, 147, 148, 150, 152, 158, 161, 162, 168, 171, 172, 173, 174, 175, 176, 178, 181, 182, 184], "excluded_lines": []}, "SimilarityEdgeService.create_edges_detailed": {"executed_lines": [], "summary": {"covered_lines": 0, "num_statements": 34, "percent_covered": 0.0, "percent_covered_display": "0", "missing_lines": 34, "excluded_lines": 1}, "missing_lines": [215, 216, 218, 219, 220, 223, 224, 225, 227, 228, 229, 231, 232, 235, 242, 243, 244, 246, 249, 250, 255, 256, 257, 258, 261, 262, 263, 264, 265, 266, 267, 270, 271, 273], "excluded_lines": [191]}, "SimilarityEdgeService.clear_edges": {"executed_lines": [], "summary": {"covered_lines": 0, "num_statements": 13, "percent_covered": 0.0, "percent_covered_display": "0", "missing_lines": 13, "excluded_lines": 0}, "missing_lines": [306, 307, 309, 310, 312, 313, 315, 316, 317, 319, 321, 322, 324], "excluded_lines": []}, "SimilarityEdgeService.get_statistics": {"executed_lines": [], "summary": {"covered_lines": 0, "num_statements": 1, "percent_covered": 0.0, "percent_covered_display": "0", "missing_lines": 1, "excluded_lines": 0}, "missing_lines": [341], "excluded_lines": []}, "SimilarityEdgeService._format_vertex_id": {"executed_lines": [], "summary": {"covered_lines": 0, "num_statements": 1, "percent_covered": 0.0, "percent_covered_display": "0", "missing_lines": 1, "excluded_lines": 0}, "missing_lines": [357], "excluded_lines": []}, "SimilarityEdgeService._update_statistics": {"executed_lines": [], "summary": {"covered_lines": 0, "num_statements": 2, "percent_covered": 0.0, "percent_covered_display": "0", "missing_lines": 2, "excluded_lines": 0}, "missing_lines": [366, 368], "excluded_lines": []}, "SimilarityEdgeService.__repr__": {"executed_lines": [], "summary": {"covered_lines": 0, "num_statements": 1, "percent_covered": 0.0, "percent_covered_display": "0", "missing_lines": 1, "excluded_lines": 0}, "missing_lines": [379], "excluded_lines": []}, "": {"executed_lines": [1, 8, 9, 10, 11, 12, 13, 15, 18, 19, 60, 108, 186, 275, 326, 343, 359, 377], "summary": {"covered_lines": 16, "num_statements": 16, "percent_covered": 100.0, "percent_covered_display": "100", "missing_lines": 0, "excluded_lines": 0}, "missing_lines": [], "excluded_lines": []}}, "classes": {"SimilarityEdgeService": {"executed_lines": [], "summary": {"covered_lines": 0, "num_statements": 87, "percent_covered": 0.0, "percent_covered_display": "0", "missing_lines": 87, "excluded_lines": 1}, "missing_lines": [84, 85, 86, 87, 90, 93, 94, 96, 99, 134, 135, 137, 138, 139, 142, 143, 146, 147, 148, 150, 152, 158, 161, 162, 168, 171, 172, 173, 174, 175, 176, 178, 181, 182, 184, 215, 216, 218, 219, 220, 223, 224, 225, 227, 228, 229, 231, 232, 235, 242, 243, 244, 246, 249, 250, 255, 256, 257, 258, 261, 262, 263, 264, 265, 266, 267, 270, 271, 273, 306, 307, 309, 310, 312, 313, 315, 316, 317, 319, 321, 322, 324, 341, 357, 366, 368, 379], "excluded_lines": [191]}, "": {"executed_lines": [1, 8, 9, 10, 11, 12, 13, 15, 18, 19, 60, 108, 186, 275, 326, 343, 359, 377], "summary": {"covered_lines": 16, "num_statements": 16, "percent_covered": 100.0, "percent_covered_display": "100", "missing_lines": 0, "excluded_lines": 0}, "missing_lines": [], "excluded_lines": []}}}, "src/entity_resolution/services/similarity_service.py": {"executed_lines": [1, 13, 14, 15, 16, 19, 20, 28, 31, 34, 42, 62, 81, 189, 211, 215, 232, 296, 324, 364, 387, 400, 432, 460, 508, 518, 557], "summary": {"covered_lines": 25, "num_statements": 250, "percent_covered": 10.0, "percent_covered_display": "10", "missing_lines": 225, "excluded_lines": 0}, "missing_lines": [29, 32, 36, 37, 38, 39, 40, 57, 60, 76, 79, 83, 196, 199, 200, 201, 202, 204, 206, 208, 209, 213, 218, 225, 227, 228, 230, 235, 237, 240, 241, 243, 244, 247, 248, 250, 252, 254, 257, 258, 260, 262, 264, 268, 269, 272, 273, 277, 279, 283, 284, 288, 290, 292, 293, 294, 299, 300, 302, 308, 315, 316, 318, 320, 321, 322, 327, 328, 330, 331, 332, 334, 335, 340, 342, 343, 344, 346, 348, 360, 361, 362, 366, 367, 369, 370, 372, 373, 376, 377, 379, 380, 382, 383, 385, 389, 390, 392, 393, 395, 396, 398, 402, 403, 404, 405, 408, 411, 412, 413, 414, 417, 418, 419, 420, 422, 424, 430, 434, 435, 437, 438, 440, 441, 444, 446, 447, 450, 451, 452, 453, 455, 458, 462, 463, 465, 466, 468, 469, 470, 472, 473, 475, 476, 479, 480, 481, 483, 484, 485, 486, 487, 488, 489, 491, 492, 495, 496, 497, 498, 499, 500, 501, 502, 503, 505, 506, 510, 511, 513, 514, 516, 520, 521, 523, 524, 525, 528, 538, 541, 542, 543, 545, 546, 549, 550, 553, 555, 561, 562, 563, 565, 566, 567, 568, 569, 572, 573, 576, 577, 579, 580, 582, 584, 594, 595, 596, 597, 600, 603, 604, 605, 607, 608, 611, 612, 613, 614, 616, 618, 629, 630, 631, 632, 638], "excluded_lines": [], "functions": {"SimilarityService.__init__": {"executed_lines": [], "summary": {"covered_lines": 0, "num_statements": 1, "percent_covered": 0.0, "percent_covered_display": "0", "missing_lines": 1, "excluded_lines": 0}, "missing_lines": [29], "excluded_lines": []}, "SimilarityService._get_service_name": {"executed_lines": [], "summary": {"covered_lines": 0, "num_statements": 1, "percent_covered": 0.0, "percent_covered_display": "0", "missing_lines": 1, "excluded_lines": 0}, "missing_lines": [32], "excluded_lines": []}, "SimilarityService._test_service_endpoints": {"executed_lines": [], "summary": {"covered_lines": 0, "num_statements": 5, "percent_covered": 0.0, "percent_covered_display": "0", "missing_lines": 5, "excluded_lines": 0}, "missing_lines": [36, 37, 38, 39, 40], "excluded_lines": []}, "SimilarityService.compute_similarity": {"executed_lines": [], "summary": {"covered_lines": 0, "num_statements": 2, "percent_covered": 0.0, "percent_covered_display": "0", "missing_lines": 2, "excluded_lines": 0}, "missing_lines": [57, 60], "excluded_lines": []}, "SimilarityService.compute_batch_similarity": {"executed_lines": [], "summary": {"covered_lines": 0, "num_statements": 2, "percent_covered": 0.0, "percent_covered_display": "0", "missing_lines": 2, "excluded_lines": 0}, "missing_lines": [76, 79], "excluded_lines": []}, "SimilarityService.get_default_field_weights": {"executed_lines": [], "summary": {"covered_lines": 0, "num_statements": 1, "percent_covered": 0.0, "percent_covered_display": "0", "missing_lines": 1, "excluded_lines": 0}, "missing_lines": [83], "excluded_lines": []}, "SimilarityService.configure_field_weights": {"executed_lines": [], "summary": {"covered_lines": 0, "num_statements": 9, "percent_covered": 0.0, "percent_covered_display": "0", "missing_lines": 9, "excluded_lines": 0}, "missing_lines": [196, 199, 200, 201, 202, 204, 206, 208, 209], "excluded_lines": []}, "SimilarityService.get_field_weights": {"executed_lines": [], "summary": {"covered_lines": 0, "num_statements": 1, "percent_covered": 0.0, "percent_covered_display": "0", "missing_lines": 1, "excluded_lines": 0}, "missing_lines": [213], "excluded_lines": []}, "SimilarityService._compute_via_foxx": {"executed_lines": [], "summary": {"covered_lines": 0, "num_statements": 5, "percent_covered": 0.0, "percent_covered_display": "0", "missing_lines": 5, "excluded_lines": 0}, "missing_lines": [218, 225, 227, 228, 230], "excluded_lines": []}, "SimilarityService._compute_via_python": {"executed_lines": [], "summary": {"covered_lines": 0, "num_statements": 29, "percent_covered": 0.0, "percent_covered_display": "0", "missing_lines": 29, "excluded_lines": 0}, "missing_lines": [235, 237, 240, 241, 243, 244, 247, 248, 250, 252, 254, 257, 258, 260, 262, 264, 268, 269, 272, 273, 277, 279, 283, 284, 288, 290, 292, 293, 294], "excluded_lines": []}, "SimilarityService._compute_batch_via_foxx": {"executed_lines": [], "summary": {"covered_lines": 0, "num_statements": 10, "percent_covered": 0.0, "percent_covered_display": "0", "missing_lines": 10, "excluded_lines": 0}, "missing_lines": [299, 300, 302, 308, 315, 316, 318, 320, 321, 322], "excluded_lines": []}, "SimilarityService._compute_batch_via_python": {"executed_lines": [], "summary": {"covered_lines": 0, "num_statements": 16, "percent_covered": 0.0, "percent_covered_display": "0", "missing_lines": 16, "excluded_lines": 0}, "missing_lines": [327, 328, 330, 331, 332, 334, 335, 340, 342, 343, 344, 346, 348, 360, 361, 362], "excluded_lines": []}, "SimilarityService._ngram_similarity": {"executed_lines": [], "summary": {"covered_lines": 0, "num_statements": 13, "percent_covered": 0.0, "percent_covered_display": "0", "missing_lines": 13, "excluded_lines": 0}, "missing_lines": [366, 367, 369, 370, 372, 373, 376, 377, 379, 380, 382, 383, 385], "excluded_lines": []}, "SimilarityService._normalized_levenshtein": {"executed_lines": [], "summary": {"covered_lines": 0, "num_statements": 7, "percent_covered": 0.0, "percent_covered_display": "0", "missing_lines": 7, "excluded_lines": 0}, "missing_lines": [389, 390, 392, 393, 395, 396, 398], "excluded_lines": []}, "SimilarityService._levenshtein_distance": {"executed_lines": [], "summary": {"covered_lines": 0, "num_statements": 16, "percent_covered": 0.0, "percent_covered_display": "0", "missing_lines": 16, "excluded_lines": 0}, "missing_lines": [402, 403, 404, 405, 408, 411, 412, 413, 414, 417, 418, 419, 420, 422, 424, 430], "excluded_lines": []}, "SimilarityService._jaro_winkler_similarity": {"executed_lines": [], "summary": {"covered_lines": 0, "num_statements": 15, "percent_covered": 0.0, "percent_covered_display": "0", "missing_lines": 15, "excluded_lines": 0}, "missing_lines": [434, 435, 437, 438, 440, 441, 444, 446, 447, 450, 451, 452, 453, 455, 458], "excluded_lines": []}, "SimilarityService._jaro_similarity": {"executed_lines": [], "summary": {"covered_lines": 0, "num_statements": 34, "percent_covered": 0.0, "percent_covered_display": "0", "missing_lines": 34, "excluded_lines": 0}, "missing_lines": [462, 463, 465, 466, 468, 469, 470, 472, 473, 475, 476, 479, 480, 481, 483, 484, 485, 486, 487, 488, 489, 491, 492, 495, 496, 497, 498, 499, 500, 501, 502, 503, 505, 506], "excluded_lines": []}, "SimilarityService._phonetic_similarity": {"executed_lines": [], "summary": {"covered_lines": 0, "num_statements": 5, "percent_covered": 0.0, "percent_covered_display": "0", "missing_lines": 5, "excluded_lines": 0}, "missing_lines": [510, 511, 513, 514, 516], "excluded_lines": []}, "SimilarityService._soundex": {"executed_lines": [], "summary": {"covered_lines": 0, "num_statements": 16, "percent_covered": 0.0, "percent_covered_display": "0", "missing_lines": 16, "excluded_lines": 0}, "missing_lines": [520, 521, 523, 524, 525, 528, 538, 541, 542, 543, 545, 546, 549, 550, 553, 555], "excluded_lines": []}, "SimilarityService._compute_fellegi_sunter_score": {"executed_lines": [], "summary": {"covered_lines": 0, "num_statements": 37, "percent_covered": 0.0, "percent_covered_display": "0", "missing_lines": 37, "excluded_lines": 0}, "missing_lines": [561, 562, 563, 565, 566, 567, 568, 569, 572, 573, 576, 577, 579, 580, 582, 584, 594, 595, 596, 597, 600, 603, 604, 605, 607, 608, 611, 612, 613, 614, 616, 618, 629, 630, 631, 632, 638], "excluded_lines": []}, "": {"executed_lines": [1, 13, 14, 15, 16, 19, 20, 28, 31, 34, 42, 62, 81, 189, 211, 215, 232, 296, 324, 364, 387, 400, 432, 460, 508, 518, 557], "summary": {"covered_lines": 25, "num_statements": 25, "percent_covered": 100.0, "percent_covered_display": "100", "missing_lines": 0, "excluded_lines": 0}, "missing_lines": [], "excluded_lines": []}}, "classes": {"SimilarityService": {"executed_lines": [], "summary": {"covered_lines": 0, "num_statements": 225, "percent_covered": 0.0, "percent_covered_display": "0", "missing_lines": 225, "excluded_lines": 0}, "missing_lines": [29, 32, 36, 37, 38, 39, 40, 57, 60, 76, 79, 83, 196, 199, 200, 201, 202, 204, 206, 208, 209, 213, 218, 225, 227, 228, 230, 235, 237, 240, 241, 243, 244, 247, 248, 250, 252, 254, 257, 258, 260, 262, 264, 268, 269, 272, 273, 277, 279, 283, 284, 288, 290, 292, 293, 294, 299, 300, 302, 308, 315, 316, 318, 320, 321, 322, 327, 328, 330, 331, 332, 334, 335, 340, 342, 343, 344, 346, 348, 360, 361, 362, 366, 367, 369, 370, 372, 373, 376, 377, 379, 380, 382, 383, 385, 389, 390, 392, 393, 395, 396, 398, 402, 403, 404, 405, 408, 411, 412, 413, 414, 417, 418, 419, 420, 422, 424, 430, 434, 435, 437, 438, 440, 441, 444, 446, 447, 450, 451, 452, 453, 455, 458, 462, 463, 465, 466, 468, 469, 470, 472, 473, 475, 476, 479, 480, 481, 483, 484, 485, 486, 487, 488, 489, 491, 492, 495, 496, 497, 498, 499, 500, 501, 502, 503, 505, 506, 510, 511, 513, 514, 516, 520, 521, 523, 524, 525, 528, 538, 541, 542, 543, 545, 546, 549, 550, 553, 555, 561, 562, 563, 565, 566, 567, 568, 569, 572, 573, 576, 577, 579, 580, 582, 584, 594, 595, 596, 597, 600, 603, 604, 605, 607, 608, 611, 612, 613, 614, 616, 618, 629, 630, 631, 632, 638], "excluded_lines": []}, "": {"executed_lines": [1, 13, 14, 15, 16, 19, 20, 28, 31, 34, 42, 62, 81, 189, 211, 215, 232, 296, 324, 364, 387, 400, 432, 460, 508, 518, 557], "summary": {"covered_lines": 25, "num_statements": 25, "percent_covered": 100.0, "percent_covered_display": "100", "missing_lines": 0, "excluded_lines": 0}, "missing_lines": [], "excluded_lines": []}}}, "src/entity_resolution/services/wcc_clustering_service.py": {"executed_lines": [1, 9, 10, 11, 12, 13, 14, 16, 19, 20, 55, 113, 159, 191, 216, 303, 381, 408, 442, 452, 462], "summary": {"covered_lines": 19, "num_statements": 118, "percent_covered": 16.10169491525424, "percent_covered_display": "16", "missing_lines": 99, "excluded_lines": 1}, "missing_lines": [81, 82, 83, 84, 85, 86, 89, 92, 95, 96, 98, 101, 136, 139, 142, 148, 149, 150, 151, 154, 155, 157, 178, 180, 186, 187, 189, 214, 239, 240, 243, 244, 246, 247, 248, 250, 251, 252, 258, 261, 262, 263, 264, 265, 273, 274, 275, 277, 278, 279, 281, 282, 284, 285, 293, 295, 319, 331, 332, 333, 335, 336, 339, 340, 342, 343, 344, 347, 352, 353, 357, 359, 361, 365, 367, 368, 369, 371, 373, 377, 379, 388, 390, 391, 401, 403, 404, 405, 406, 410, 411, 417, 419, 420, 423, 431, 450, 460, 464], "excluded_lines": [118], "functions": {"WCCClusteringService.__init__": {"executed_lines": [], "summary": {"covered_lines": 0, "num_statements": 12, "percent_co
[...]
es": []}, "ArangoBaseConnection.print_error": {"executed_lines": [], "summary": {"covered_lines": 0, "num_statements": 1, "percent_covered": 0.0, "percent_covered_display": "0", "missing_lines": 1, "excluded_lines": 0}, "missing_lines": [240], "excluded_lines": []}, "ArangoBaseConnection.print_info": {"executed_lines": [], "summary": {"covered_lines": 0, "num_statements": 1, "percent_covered": 0.0, "percent_covered_display": "0", "missing_lines": 1, "excluded_lines": 0}, "missing_lines": [244], "excluded_lines": []}, "get_default_connection_args": {"executed_lines": [], "summary": {"covered_lines": 0, "num_statements": 3, "percent_covered": 0.0, "percent_covered_display": "0", "missing_lines": 3, "excluded_lines": 0}, "missing_lines": [253, 254, 259], "excluded_lines": []}, "": {"executed_lines": [1, 8, 9, 10, 11, 13, 14, 17, 18, 25, 26, 27, 29, 34, 42, 43, 50, 82, 99, 121, 131, 140, 145, 150, 155, 167, 168, 174, 179, 180, 186, 187, 193, 197, 203, 204, 210, 230, 234, 238, 242, 247], "summary": {"covered_lines": 38, "num_statements": 38, "percent_covered": 100.0, "percent_covered_display": "100", "missing_lines": 0, "excluded_lines": 0}, "missing_lines": [], "excluded_lines": []}}, "classes": {"DatabaseManager": {"executed_lines": [], "summary": {"covered_lines": 0, "num_statements": 44, "percent_covered": 0.0, "percent_covered_display": "0", "missing_lines": 44, "excluded_lines": 0}, "missing_lines": [30, 31, 32, 35, 36, 37, 38, 39, 40, 45, 46, 47, 48, 63, 65, 66, 67, 73, 74, 75, 76, 77, 78, 80, 92, 93, 94, 95, 96, 97, 109, 110, 112, 113, 114, 116, 117, 118, 119, 123, 133, 134, 135, 136], "excluded_lines": []}, "DatabaseMixin": {"executed_lines": [], "summary": {"covered_lines": 0, "num_statements": 11, "percent_covered": 0.0, "percent_covered_display": "0", "missing_lines": 11, "excluded_lines": 0}, "missing_lines": [175, 176, 177, 182, 183, 184, 189, 190, 191, 195, 199], "excluded_lines": []}, "ArangoBaseConnection": {"executed_lines": [], "summary": {"covered_lines": 0, "num_statements": 13, "percent_covered": 0.0, "percent_covered_display": "0", "missing_lines": 13, "excluded_lines": 0}, "missing_lines": [213, 214, 220, 223, 224, 225, 226, 227, 228, 232, 236, 240, 244], "excluded_lines": []}, "": {"executed_lines": [1, 8, 9, 10, 11, 13, 14, 17, 18, 25, 26, 27, 29, 34, 42, 43, 50, 82, 99, 121, 131, 140, 145, 150, 155, 167, 168, 174, 179, 180, 186, 187, 193, 197, 203, 204, 210, 230, 234, 238, 242, 247], "summary": {"covered_lines": 38, "num_statements": 46, "percent_covered": 82.6086956521739, "percent_covered_display": "83", "missing_lines": 8, "excluded_lines": 0}, "missing_lines": [142, 147, 152, 157, 158, 253, 254, 259], "excluded_lines": []}}}, "src/entity_resolution/utils/enhanced_config.py": {"executed_lines": [], "summary": {"covered_lines": 0, "num_statements": 111, "percent_covered": 0.0, "percent_covered_display": "0", "missing_lines": 111, "excluded_lines": 0}, "missing_lines": [8, 9, 10, 11, 12, 14, 15, 17, 18, 19, 20, 21, 22, 23, 25, 26, 28, 29, 30, 31, 32, 34, 35, 37, 38, 39, 40, 41, 43, 44, 46, 47, 48, 49, 51, 54, 55, 56, 59, 60, 61, 62, 64, 66, 69, 70, 71, 72, 73, 74, 77, 79, 81, 83, 86, 87, 88, 90, 91, 92, 94, 95, 96, 98, 99, 100, 102, 103, 104, 107, 108, 109, 112, 113, 114, 117, 118, 119, 121, 123, 125, 157, 158, 160, 162, 164, 166, 171, 173, 175, 177, 178, 179, 182, 183, 186, 189, 190, 192, 194, 195, 196, 198, 200, 202, 204, 205, 206, 207, 208, 209], "excluded_lines": [], "functions": {"EnhancedConfig.__init__": {"executed_lines": [], "summary": {"covered_lines": 0, "num_statements": 6, "percent_covered": 0.0, "percent_covered_display": "0", "missing_lines": 6, "excluded_lines": 0}, "missing_lines": [55, 56, 59, 60, 61, 62], "excluded_lines": []}, "EnhancedConfig._load_config": {"executed_lines": [], "summary": {"covered_lines": 0, "num_statements": 9, "percent_covered": 0.0, "percent_covered_display": "0", "missing_lines": 9, "excluded_lines": 0}, "missing_lines": [66, 69, 70, 71, 72, 73, 74, 77, 79], "excluded_lines": []}, "EnhancedConfig._load_from_env": {"executed_lines": [], "summary": {"covered_lines": 0, "num_statements": 26, "percent_covered": 0.0, "percent_covered_display": "0", "missing_lines": 26, "excluded_lines": 0}, "missing_lines": [83, 86, 87, 88, 90, 91, 92, 94, 95, 96, 98, 99, 100, 102, 103, 104, 107, 108, 109, 112, 113, 114, 117, 118, 119, 121], "excluded_lines": []}, "EnhancedConfig.save_config": {"executed_lines": [], "summary": {"covered_lines": 0, "num_statements": 3, "percent_covered": 0.0, "percent_covered_display": "0", "missing_lines": 3, "excluded_lines": 0}, "missing_lines": [125, 157, 158], "excluded_lines": []}, "EnhancedConfig.get_database_url": {"executed_lines": [], "summary": {"covered_lines": 0, "num_statements": 1, "percent_covered": 0.0, "percent_covered_display": "0", "missing_lines": 1, "excluded_lines": 0}, "missing_lines": [162], "excluded_lines": []}, "EnhancedConfig.get_service_url": {"executed_lines": [], "summary": {"covered_lines": 0, "num_statements": 2, "percent_covered": 0.0, "percent_covered_display": "0", "missing_lines": 2, "excluded_lines": 0}, "missing_lines": [166, 171], "excluded_lines": []}, "EnhancedConfig.validate_config": {"executed_lines": [], "summary": {"covered_lines": 0, "num_statements": 13, "percent_covered": 0.0, "percent_covered_display": "0", "missing_lines": 13, "excluded_lines": 0}, "missing_lines": [175, 177, 178, 179, 182, 183, 186, 189, 190, 192, 194, 195, 196], "excluded_lines": []}, "get_config": {"executed_lines": [], "summary": {"covered_lines": 0, "num_statements": 1, "percent_covered": 0.0, "percent_covered_display": "0", "missing_lines": 1, "excluded_lines": 0}, "missing_lines": [200], "excluded_lines": []}, "": {"executed_lines": [], "summary": {"covered_lines": 0, "num_statements": 50, "percent_covered": 0.0, "percent_covered_display": "0", "missing_lines": 50, "excluded_lines": 0}, "missing_lines": [8, 9, 10, 11, 12, 14, 15, 17, 18, 19, 20, 21, 22, 23, 25, 26, 28, 29, 30, 31, 32, 34, 35, 37, 38, 39, 40, 41, 43, 44, 46, 47, 48, 49, 51, 54, 64, 81, 123, 160, 164, 173, 198, 202, 204, 205, 206, 207, 208, 209], "excluded_lines": []}}, "classes": {"DatabaseConfig": {"executed_lines": [], "summary": {"covered_lines": 0, "num_statements": 0, "percent_covered": 100.0, "percent_covered_display": "100", "missing_lines": 0, "excluded_lines": 0}, "missing_lines": [], "excluded_lines": []}, "ServiceConfig": {"executed_lines": [], "summary": {"covered_lines": 0, "num_statements": 0, "percent_covered": 100.0, "percent_covered_display": "100", "missing_lines": 0, "excluded_lines": 0}, "missing_lines": [], "excluded_lines": []}, "LoggingConfig": {"executed_lines": [], "summary": {"covered_lines": 0, "num_statements": 0, "percent_covered": 100.0, "percent_covered_display": "100", "missing_lines": 0, "excluded_lines": 0}, "missing_lines": [], "excluded_lines": []}, "PerformanceConfig": {"executed_lines": [], "summary": {"covered_lines": 0, "num_statements": 0, "percent_covered": 100.0, "percent_covered_display": "100", "missing_lines": 0, "excluded_lines": 0}, "missing_lines": [], "excluded_lines": []}, "EnhancedConfig": {"executed_lines": [], "summary": {"covered_lines": 0, "num_statements": 60, "percent_covered": 0.0, "percent_covered_display": "0", "missing_lines": 60, "excluded_lines": 0}, "missing_lines": [55, 56, 59, 60, 61, 62, 66, 69, 70, 71, 72, 73, 74, 77, 79, 83, 86, 87, 88, 90, 91, 92, 94, 95, 96, 98, 99, 100, 102, 103, 104, 107, 108, 109, 112, 113, 114, 117, 118, 119, 121, 125, 157, 158, 162, 166, 171, 175, 177, 178, 179, 182, 183, 186, 189, 190, 192, 194, 195, 196], "excluded_lines": []}, "": {"executed_lines": [], "summary": {"covered_lines": 0, "num_statements": 51, "percent_covered": 0.0, "percent_covered_display": "0", "missing_lines": 51, "excluded_lines": 0}, "missing_lines": [8, 9, 10, 11, 12, 14, 15, 17, 18, 19, 20, 21, 22, 23, 25, 26, 28, 29, 30, 31, 32, 34, 35, 37, 38, 39, 40, 41, 43, 44, 46, 47, 48, 49, 51, 54, 64, 81, 123, 160, 164, 173, 198, 200, 202, 204, 205, 206, 207, 208, 209], "excluded_lines": []}}}, "src/entity_resolution/utils/enhanced_logging.py": {"executed_lines": [], "summary": {"covered_lines": 0, "num_statements": 51, "percent_covered": 0.0, "percent_covered_display": "0", "missing_lines": 51, "excluded_lines": 0}, "missing_lines": [8, 9, 10, 11, 13, 16, 26, 27, 28, 31, 33, 35, 38, 39, 40, 43, 44, 46, 49, 50, 52, 56, 57, 60, 61, 63, 67, 68, 70, 72, 74, 76, 78, 80, 82, 84, 86, 88, 90, 93, 96, 97, 99, 101, 103, 105, 107, 108, 109, 110, 111], "excluded_lines": [], "functions": {"ColoredFormatter.format": {"executed_lines": [], "summary": {"covered_lines": 0, "num_statements": 4, "percent_covered": 0.0, "percent_covered_display": "0", "missing_lines": 4, "excluded_lines": 0}, "missing_lines": [27, 28, 31, 33], "excluded_lines": []}, "EntityResolutionLogger.__init__": {"executed_lines": [], "summary": {"covered_lines": 0, "num_statements": 4, "percent_covered": 0.0, "percent_covered_display": "0", "missing_lines": 4, "excluded_lines": 0}, "missing_lines": [39, 40, 43, 44], "excluded_lines": []}, "EntityResolutionLogger._setup_handlers": {"executed_lines": [], "summary": {"covered_lines": 0, "num_statements": 10, "percent_covered": 0.0, "percent_covered_display": "0", "missing_lines": 10, "excluded_lines": 0}, "missing_lines": [49, 50, 52, 56, 57, 60, 61, 63, 67, 68], "excluded_lines": []}, "EntityResolutionLogger.debug": {"executed_lines": [], "summary": {"covered_lines": 0, "num_statements": 1, "percent_covered": 0.0, "percent_covered_display": "0", "missing_lines": 1, "excluded_lines": 0}, "missing_lines": [72], "excluded_lines": []}, "EntityResolutionLogger.info": {"executed_lines": [], "summary": {"covered_lines": 0, "num_statements": 1, "percent_covered": 0.0, "percent_covered_display": "0", "missing_lines": 1, "excluded_lines": 0}, "missing_lines": [76], "excluded_lines": []}, "EntityResolutionLogger.warning": {"executed_lines": [], "summary": {"covered_lines": 0, "num_statements": 1, "percent_covered": 0.0, "percent_covered_display": "0", "missing_lines": 1, "excluded_lines": 0}, "missing_lines": [80], "excluded_lines": []}, "EntityResolutionLogger.error": {"executed_lines": [], "summary": {"covered_lines": 0, "num_statements": 1, "percent_covered": 0.0, "percent_covered_display": "0", "missing_lines": 1, "excluded_lines": 0}, "missing_lines": [84], "excluded_lines": []}, "EntityResolutionLogger.critical": {"executed_lines": [], "summary": {"covered_lines": 0, "num_statements": 1, "percent_covered": 0.0, "percent_covered_display": "0", "missing_lines": 1, "excluded_lines": 0}, "missing_lines": [88], "excluded_lines": []}, "EntityResolutionLogger.success": {"executed_lines": [], "summary": {"covered_lines": 0, "num_statements": 3, "percent_covered": 0.0, "percent_covered_display": "0", "missing_lines": 3, "excluded_lines": 0}, "missing_lines": [93, 96, 97], "excluded_lines": []}, "get_logger": {"executed_lines": [], "summary": {"covered_lines": 0, "num_statements": 1, "percent_covered": 0.0, "percent_covered_display": "0", "missing_lines": 1, "excluded_lines": 0}, "missing_lines": [101], "excluded_lines": []}, "": {"executed_lines": [], "summary": {"covered_lines": 0, "num_statements": 24, "percent_covered": 0.0, "percent_covered_display": "0", "missing_lines": 24, "excluded_lines": 0}, "missing_lines": [8, 9, 10, 11, 13, 16, 26, 35, 38, 46, 70, 74, 78, 82, 86, 90, 99, 103, 105, 107, 108, 109, 110, 111], "excluded_lines": []}}, "classes": {"ColoredFormatter": {"executed_lines": [], "summary": {"covered_lines": 0, "num_statements": 4, "percent_covered": 0.0, "percent_covered_display": "0", "missing_lines": 4, "excluded_lines": 0}, "missing_lines": [27, 28, 31, 33], "excluded_lines": []}, "EntityResolutionLogger": {"executed_lines": [], "summary": {"covered_lines": 0, "num_statements": 22, "percent_covered": 0.0, "percent_covered_display": "0", "missing_lines": 22, "excluded_lines": 0}, "missing_lines": [39, 40, 43, 44, 49, 50, 52, 56, 57, 60, 61, 63, 67, 68, 72, 76, 80, 84, 88, 93, 96, 97], "excluded_lines": []}, "": {"executed_lines": [], "summary": {"covered_lines": 0, "num_statements": 25, "percent_covered": 0.0, "percent_covered_display": "0", "missing_lines": 25, "excluded_lines": 0}, "missing_lines": [8, 9, 10, 11, 13, 16, 26, 35, 38, 46, 70, 74, 78, 82, 86, 90, 99, 101, 103, 105, 107, 108, 109, 110, 111], "excluded_lines": []}}}, "src/entity_resolution/utils/graph_utils.py": {"executed_lines": [1, 8, 11, 47, 75, 100, 118, 157], "summary": {"covered_lines": 7, "num_statements": 27, "percent_covered": 25.925925925925927, "percent_covered_display": "26", "missing_lines": 20, "excluded_lines": 0}, "missing_lines": [38, 39, 42, 44, 68, 69, 72, 93, 94, 95, 97, 115, 145, 146, 149, 150, 151, 154, 174, 175], "excluded_lines": [], "functions": {"format_vertex_id": {"executed_lines": [], "summary": {"covered_lines": 0, "num_statements": 4, "percent_covered": 0.0, "percent_covered_display": "0", "missing_lines": 4, "excluded_lines": 0}, "missing_lines": [38, 39, 42, 44], "excluded_lines": []}, "extract_key_from_vertex_id": {"executed_lines": [], "summary": {"covered_lines": 0, "num_statements": 3, "percent_covered": 0.0, "percent_covered_display": "0", "missing_lines": 3, "excluded_lines": 0}, "missing_lines": [68, 69, 72], "excluded_lines": []}, "parse_vertex_id": {"executed_lines": [], "summary": {"covered_lines": 0, "num_statements": 4, "percent_covered": 0.0, "percent_covered_display": "0", "missing_lines": 4, "excluded_lines": 0}, "missing_lines": [93, 94, 95, 97], "excluded_lines": []}, "normalize_vertex_ids": {"executed_lines": [], "summary": {"covered_lines": 0, "num_statements": 1, "percent_covered": 0.0, "percent_covered_display": "0", "missing_lines": 1, "excluded_lines": 0}, "missing_lines": [115], "excluded_lines": []}, "is_valid_vertex_id": {"executed_lines": [], "summary": {"covered_lines": 0, "num_statements": 6, "percent_covered": 0.0, "percent_covered_display": "0", "missing_lines": 6, "excluded_lines": 0}, "missing_lines": [145, 146, 149, 150, 151, 154], "excluded_lines": []}, "extract_collection_from_vertex_id": {"executed_lines": [], "summary": {"covered_lines": 0, "num_statements": 2, "percent_covered": 0.0, "percent_covered_display": "0", "missing_lines": 2, "excluded_lines": 0}, "missing_lines": [174, 175], "excluded_lines": []}, "": {"executed_lines": [1, 8, 11, 47, 75, 100, 118, 157], "summary": {"covered_lines": 7, "num_statements": 7, "percent_covered": 100.0, "percent_covered_display": "100", "missing_lines": 0, "excluded_lines": 0}, "missing_lines": [], "excluded_lines": []}}, "classes": {"": {"executed_lines": [1, 8, 11, 47, 75, 100, 118, 157], "summary": {"covered_lines": 7, "num_statements": 27, "percent_covered": 25.925925925925927, "percent_covered_display": "26", "missing_lines": 20, "excluded_lines": 0}, "missing_lines": [38, 39, 42, 44, 68, 69, 72, 93, 94, 95, 97, 115, 145, 146, 149, 150, 151, 154, 174, 175], "excluded_lines": []}}}, "src/entity_resolution/utils/logging.py": {"executed_lines": [1, 5, 6, 7, 8, 11, 23, 26, 27, 30, 33, 34, 37, 41, 46, 51, 52, 53, 55, 57, 60, 74], "summary": {"covered_lines": 21, "num_statements": 24, "percent_covered": 87.5, "percent_covered_display": "88", "missing_lines": 3, "excluded_lines": 0}, "missing_lines": [38, 42, 70], "excluded_lines": [], "functions": {"setup_logging": {"executed_lines": [23, 26, 27, 30, 33, 34, 37, 41, 46, 51, 52, 53, 55, 57], "summary": {"covered_lines": 14, "num_statements": 16, "percent_covered": 87.5, "percent_covered_display": "88", "missing_lines": 2, "excluded_lines": 0}, "missing_lines": [38, 42], "excluded_lines": []}, "get_logger": {"executed_lines": [], "summary": {"covered_lines": 0, "num_statements": 1, "percent_covered": 0.0, "percent_covered_display": "0", "missing_lines": 1, "excluded_lines": 0}, "missing_lines": [70], "excluded_lines": []}, "": {"executed_lines": [1, 5, 6, 7, 8, 11, 60, 74], "summary": {"covered_lines": 7, "num_statements": 7, "percent_covered": 100.0, "percent_covered_display": "100", "missing_lines": 0, "excluded_lines": 0}, "missing_lines": [], "excluded_lines": []}}, "classes": {"": {"executed_lines": [1, 5, 6, 7, 8, 11, 23, 26, 27, 30, 33, 34, 37, 41, 46, 51, 52, 53, 55, 57, 60, 74], "summary": {"covered_lines": 21, "num_statements": 24, "percent_covered": 87.5, "percent_covered_display": "88", "missing_lines": 3, "excluded_lines": 0}, "missing_lines": [38, 42, 70], "excluded_lines": []}}}, "src/entity_resolution/utils/validation.py": {"executed_lines": [1, 9, 10, 13, 74, 129, 153, 172, 191, 241], "summary": {"covered_lines": 9, "num_statements": 63, "percent_covered": 14.285714285714286, "percent_covered_display": "14", "missing_lines": 54, "excluded_lines": 0}, "missing_lines": [38, 39, 41, 42, 45, 46, 52, 53, 59, 60, 65, 66, 71, 100, 101, 103, 104, 107, 109, 110, 112, 113, 115, 116, 121, 122, 126, 143, 144, 146, 147, 148, 150, 169, 188, 207, 208, 210, 211, 214, 215, 221, 222, 228, 229, 234, 236, 238, 254, 255, 258, 264, 265, 267], "excluded_lines": [], "functions": {"validate_collection_name": {"executed_lines": [], "summary": {"covered_lines": 0, "num_statements": 13, "percent_covered": 0.0, "percent_covered_display": "0", "missing_lines": 13, "excluded_lines": 0}, "missing_lines": [38, 39, 41, 42, 45, 46, 52, 53, 59, 60, 65, 66, 71], "excluded_lines": []}, "validate_field_name": {"executed_lines": [], "summary": {"covered_lines": 0, "num_statements": 14, "percent_covered": 0.0, "percent_covered_display": "0", "missing_lines": 14, "excluded_lines": 0}, "missing_lines": [100, 101, 103, 104, 107, 109, 110, 112, 113, 115, 116, 121, 122, 126], "excluded_lines": []}, "validate_field_names": {"executed_lines": [], "summary": {"covered_lines": 0, "num_statements": 6, "percent_covered": 0.0, "percent_covered_display": "0", "missing_lines": 6, "excluded_lines": 0}, "missing_lines": [143, 144, 146, 147, 148, 150], "excluded_lines": []}, "validate_graph_name": {"executed_lines": [], "summary": {"covered_lines": 0, "num_statements": 1, "percent_covered": 0.0, "percent_covered_display": "0", "missing_lines": 1, "excluded_lines": 0}, "missing_lines": [169], "excluded_lines": []}, "validate_view_name": {"executed_lines": [], "summary": {"covered_lines": 0, "num_statements": 1, "percent_covered": 0.0, "percent_covered_display": "0", "missing_lines": 1, "excluded_lines": 0}, "missing_lines": [188], "excluded_lines": []}, "validate_database_name": {"executed_lines": [], "summary": {"covered_lines": 0, "num_statements": 13, "percent_covered": 0.0, "percent_covered_display": "0", "missing_lines": 13, "excluded_lines": 0}, "missing_lines": [207, 208, 210, 211, 214, 215, 221, 222, 228, 229, 234, 236, 238], "excluded_lines": []}, "sanitize_string_for_display": {"executed_lines": [], "summary": {"covered_lines": 0, "num_statements": 6, "percent_covered": 0.0, "percent_covered_display": "0", "missing_lines": 6, "excluded_lines": 0}, "missing_lines": [254, 255, 258, 264, 265, 267], "excluded_lines": []}, "": {"executed_lines": [1, 9, 10, 13, 74, 129, 153, 172, 191, 241], "summary": {"covered_lines": 9, "num_statements": 9, "percent_covered": 100.0, "percent_covered_display": "100", "missing_lines": 0, "excluded_lines": 0}, "missing_lines": [], "excluded_lines": []}}, "classes": {"": {"executed_lines": [1, 9, 10, 13, 74, 129, 153, 172, 191, 241], "summary": {"covered_lines": 9, "num_statements": 63, "percent_covered": 14.285714285714286, "percent_covered_display": "14", "missing_lines": 54, "excluded_lines": 0}, "missing_lines": [38, 39, 41, 42, 45, 46, 52, 53, 59, 60, 65, 66, 71, 100, 101, 103, 104, 107, 109, 110, 112, 113, 115, 116, 121, 122, 126, 143, 144, 146, 147, 148, 150, 169, 188, 207, 208, 210, 211, 214, 215, 221, 222, 228, 229, 234, 236, 238, 254, 255, 258, 264, 265, 267], "excluded_lines": []}}}}, "totals": {"covered_lines": 530, "num_statements": 2761, "percent_covered": 19.195943498732344, "percent_covered_display": "19", "missing_lines": 2231, "excluded_lines": 6}}