{"meta": {"format": 3, "version": "7.10.7", "timestamp": "2026-02-16T17:16:49.719561", "branch_coverage": false, "show_contexts": false}, "files": {"src/entity_resolution/__init__.py": {"executed_lines": [1, 14, 15, 19, 23, 26, 29, 32, 35, 38, 41, 44, 47, 52, 61, 64, 67, 70, 73, 76, 79, 84, 89, 97, 100, 103, 106, 111, 115, 117], "summary": {"covered_lines": 29, "num_statements": 80, "percent_covered": 36.25, "percent_covered_display": "36", "missing_lines": 51, "excluded_lines": 0}, "missing_lines": [16, 17, 20, 24, 25, 27, 28, 30, 31, 33, 34, 36, 37, 39, 40, 42, 43, 45, 46, 48, 49, 57, 58, 62, 63, 65, 66, 68, 69, 71, 72, 74, 75, 77, 78, 80, 81, 85, 86, 93, 94, 98, 99, 101, 102, 104, 105, 107, 108, 112, 113], "excluded_lines": [], "functions": {"__getattr__": {"executed_lines": [15, 19, 23, 26, 29, 32, 35, 38, 41, 44, 47, 52, 61, 64, 67, 70, 73, 76, 79, 84, 89, 97, 100, 103, 106, 111, 115], "summary": {"covered_lines": 27, "num_statements": 78, "percent_covered": 34.61538461538461, "percent_covered_display": "35", "missing_lines": 51, "excluded_lines": 0}, "missing_lines": [16, 17, 20, 24, 25, 27, 28, 30, 31, 33, 34, 36, 37, 39, 40, 42, 43, 45, 46, 48, 49, 57, 58, 62, 63, 65, 66, 68, 69, 71, 72, 74, 75, 77, 78, 80, 81, 85, 86, 93, 94, 98, 99, 101, 102, 104, 105, 107, 108, 112, 113], "excluded_lines": []}, "": {"executed_lines": [1, 14, 117], "summary": {"covered_lines": 2, "num_statements": 2, "percent_covered": 100.0, "percent_covered_display": "100", "missing_lines": 0, "excluded_lines": 0}, "missing_lines": [], "excluded_lines": []}}, "classes": {"": {"executed_lines": [1, 14, 15, 19, 23, 26, 29, 32, 35, 38, 41, 44, 47, 52, 61, 64, 67, 70, 73, 76, 79, 84, 89, 97, 100, 103, 106, 111, 115, 117], "summary": {"covered_lines": 29, "num_statements": 80, "percent_covered": 36.25, "percent_covered_display": "36", "missing_lines": 51, "excluded_lines": 0}, "missing_lines": [16, 17, 20, 24, 25, 27, 28, 30, 31, 33, 34, 36, 37, 39, 40, 42, 43, 45, 46, 48, 49, 57, 58, 62, 63, 65, 66, 68, 69, 71, 72, 74, 75, 77, 78, 80, 81, 85, 86, 93, 94, 98, 99, 101, 102, 104, 105, 107, 108, 112, 113], "excluded_lines": []}}}, "src/entity_resolution/cli.py": {"executed_lines": [1, 5, 6, 7, 8, 9, 11, 12, 13, 15, 16, 17, 19, 21, 22, 23, 24, 25, 26, 27, 28, 30, 32, 41, 42, 44, 45, 47, 48, 49, 51], "summary": {"covered_lines": 30, "num_statements": 31, "percent_covered": 96.7741935483871, "percent_covered_display": "97", "missing_lines": 1, "excluded_lines": 0}, "missing_lines": [52], "excluded_lines": [], "functions": {"main": {"executed_lines": [19], "summary": {"covered_lines": 1, "num_statements": 1, "percent_covered": 100.0, "percent_covered_display": "100", "missing_lines": 0, "excluded_lines": 0}, "missing_lines": [], "excluded_lines": []}, "run": {"executed_lines": [30, 32, 41, 42, 44, 45, 47, 48, 49], "summary": {"covered_lines": 9, "num_statements": 9, "percent_covered": 100.0, "percent_covered_display": "100", "missing_lines": 0, "excluded_lines": 0}, "missing_lines": [], "excluded_lines": []}, "": {"executed_lines": [1, 5, 6, 7, 8, 9, 11, 12, 13, 15, 16, 17, 21, 22, 23, 24, 25, 26, 27, 28, 51], "summary": {"covered_lines": 20, "num_statements": 21, "percent_covered": 95.23809523809524, "percent_covered_display": "95", "missing_lines": 1, "excluded_lines": 0}, "missing_lines": [52], "excluded_lines": []}}, "classes": {"": {"executed_lines": [1, 5, 6, 7, 8, 9, 11, 12, 13, 15, 16, 17, 19, 21, 22, 23, 24, 25, 26, 27, 28, 30, 32, 41, 42, 44, 45, 47, 48, 49, 51], "summary": {"covered_lines": 30, "num_statements": 31, "percent_covered": 96.7741935483871, "percent_covered_display": "97", "missing_lines": 1, "excluded_lines": 0}, "missing_lines": [52], "excluded_lines": []}}}, "src/entity_resolution/config/__init__.py": {"executed_lines": [1, 8, 16], "summary": {"covered_lines": 2, "num_statements": 2, "percent_covered": 100.0, "percent_covered_display": "100", "missing_lines": 0, "excluded_lines": 0}, "missing_lines": [], "excluded_lines": [], "functions": {"": {"executed_lines": [1, 8, 16], "summary": {"covered_lines": 2, "num_statements": 2, "percent_covered": 100.0, "percent_covered_display": "100", "missing_lines": 0, "excluded_lines": 0}, "missing_lines": [], "excluded_lines": []}}, "classes": {"": {"executed_lines": [1, 8, 16], "summary": {"covered_lines": 2, "num_statements": 2, "percent_covered": 100.0, "percent_covered_display": "100", "missing_lines": 0, "excluded_lines": 0}, "missing_lines": [], "excluded_lines": []}}}, "src/entity_resolution/config/er_config.py": {"executed_lines": [1, 8, 9, 10, 11, 12, 14, 17, 18, 20, 36, 37, 38, 39, 41, 42, 44, 51, 53, 61, 62, 64, 80, 81, 82, 83, 85, 86, 88, 95, 97, 105, 106, 108, 124, 125, 126, 127, 129, 130, 132, 139, 141, 149, 150, 152, 191, 192, 207, 228, 252, 253, 287, 311, 312, 313, 314, 316, 317, 318, 319, 321, 323, 324, 338, 340, 341, 343, 344, 346, 348, 349, 373, 374, 385, 386, 389, 392, 395, 398, 399, 402, 413, 421, 423, 424, 425, 426, 427, 431, 432, 435, 436, 437, 438, 439, 440, 441, 443, 445, 452, 455, 456, 461, 469, 470, 471, 472, 475, 476, 481, 482, 487, 488, 492, 497, 503, 510, 514, 516, 518, 530, 533, 535, 545, 547, 548, 549, 550, 552, 554, 556], "summary": {"covered_lines": 126, "num_statements": 166, "percent_covered": 75.90361445783132, "percent_covered_display": "76", "missing_lines": 40, "excluded_lines": 0}, "missing_lines": [180, 181, 182, 183, 184, 185, 186, 187, 188, 189, 194, 209, 218, 219, 226, 235, 237, 238, 239, 243, 244, 246, 247, 249, 363, 365, 366, 368, 369, 371, 400, 429, 462, 489, 493, 498, 504, 511, 512, 531], "excluded_lines": [], "functions": {"BlockingConfig.__init__": {"executed_lines": [36, 37, 38, 39], "summary": {"covered_lines": 4, "num_statements": 4, "percent_covered": 100.0, "percent_covered_display": "100", "missing_lines": 0, "excluded_lines": 0}, "missing_lines": [], "excluded_lines": []}, "BlockingConfig.from_dict": {"executed_lines": [44], "summary": {"covered_lines": 1, "num_statements": 1, "percent_covered": 100.0, "percent_covered_display": "100", "missing_lines": 0, "excluded_lines": 0}, "missing_lines": [], "excluded_lines": []}, "BlockingConfig.to_dict": {"executed_lines": [53], "summary": {"covered_lines": 1, "num_statements": 1, "percent_covered": 100.0, "percent_covered_display": "100", "missing_lines": 0, "excluded_lines": 0}, "missing_lines": [], "excluded_lines": []}, "SimilarityConfig.__init__": {"executed_lines": [80, 81, 82, 83], "summary": {"covered_lines": 4, "num_statements": 4, "percent_covered": 100.0, "percent_covered_display": "100", "missing_lines": 0, "excluded_lines": 0}, "missing_lines": [], "excluded_lines": []}, "SimilarityConfig.from_dict": {"executed_lines": [88], "summary": {"covered_lines": 1, "num_statements": 1, "percent_covered": 100.0, "percent_covered_display": "100", "missing_lines": 0, "excluded_lines": 0}, "missing_lines": [], "excluded_lines": []}, "SimilarityConfig.to_dict": {"executed_lines": [97], "summary": {"covered_lines": 1, "num_statements": 1, "percent_covered": 100.0, "percent_covered_display": "100", "missing_lines": 0, "excluded_lines": 0}, "missing_lines": [], "excluded_lines": []}, "ClusteringConfig.__init__": {"executed_lines": [124, 125, 126, 127], "summary": {"covered_lines": 4, "num_statements": 4, "percent_covered": 100.0, "percent_covered_display": "100", "missing_lines": 0, "excluded_lines": 0}, "missing_lines": [], "excluded_lines": []}, "ClusteringConfig.from_dict": {"executed_lines": [132], "summary": {"covered_lines": 1, "num_statements": 1, "percent_covered": 100.0, "percent_covered_display": "100", "missing_lines": 0, "excluded_lines": 0}, "missing_lines": [], "excluded_lines": []}, "ClusteringConfig.to_dict": {"executed_lines": [141], "summary": {"covered_lines": 1, "num_statements": 1, "percent_covered": 100.0, "percent_covered_display": "100", "missing_lines": 0, "excluded_lines": 0}, "missing_lines": [], "excluded_lines": []}, "EmbeddingConfig.__init__": {"executed_lines": [], "summary": {"covered_lines": 0, "num_statements": 10, "percent_covered": 0.0, "percent_covered_display": "0", "missing_lines": 10, "excluded_lines": 0}, "missing_lines": [180, 181, 182, 183, 184, 185, 186, 187, 188, 189], "excluded_lines": []}, "EmbeddingConfig.from_dict": {"executed_lines": [], "summary": {"covered_lines": 0, "num_statements": 1, "percent_covered": 0.0, "percent_covered_display": "0", "missing_lines": 1, "excluded_lines": 0}, "missing_lines": [194], "excluded_lines": []}, "EmbeddingConfig.to_dict": {"executed_lines": [], "summary": {"covered_lines": 0, "num_statements": 4, "percent_covered": 0.0, "percent_covered_display": "0", "missing_lines": 4, "excluded_lines": 0}, "missing_lines": [209, 218, 219, 226], "excluded_lines": []}, "EmbeddingConfig.validate": {"executed_lines": [], "summary": {"covered_lines": 0, "num_statements": 9, "percent_covered": 0.0, "percent_covered_display": "0", "missing_lines": 9, "excluded_lines": 0}, "missing_lines": [235, 237, 238, 239, 243, 244, 246, 247, 249], "excluded_lines": []}, "ERPipelineConfig.__init__": {"executed_lines": [311, 312, 313, 314, 316, 317, 318, 319, 321], "summary": {"covered_lines": 9, "num_statements": 9, "percent_covered": 100.0, "percent_covered_display": "100", "missing_lines": 0, "excluded_lines": 0}, "missing_lines": [], "excluded_lines": []}, "ERPipelineConfig.from_yaml": {"executed_lines": [338, 340, 341, 343, 344, 346], "summary": {"covered_lines": 6, "num_statements": 6, "percent_covered": 100.0, "percent_covered_display": "100", "missing_lines": 0, "excluded_lines": 0}, "missing_lines": [], "excluded_lines": []}, "ERPipelineConfig.from_json": {"executed_lines": [], "summary": {"covered_lines": 0, "num_statements": 6, "percent_covered": 0.0, "percent_covered_display": "0", "missing_lines": 6, "excluded_lines": 0}, "missing_lines": [363, 365, 366, 368, 369, 371], "excluded_lines": []}, "ERPipelineConfig.from_dict": {"executed_lines": [385, 386, 389, 392, 395, 398, 399, 402], "summary": {"covered_lines": 8, "num_statements": 9, "percent_covered": 88.88888888888889, "percent_covered_display": "89", "missing_lines": 1, "excluded_lines": 0}, "missing_lines": [400], "excluded_lines": []}, "ERPipelineConfig._get_blocking_field_names": {"executed_lines": [421, 423, 424, 425, 426, 427, 431, 432, 435, 436, 437, 438, 439, 440, 441, 443], "summary": {"covered_lines": 16, "num_statements": 17, "percent_covered": 94.11764705882354, "percent_covered_display": "94", "missing_lines": 1, "excluded_lines": 0}, "missing_lines": [429], "excluded_lines": []}, "ERPipelineConfig.validate": {"executed_lines": [452, 455, 456, 461, 469, 470, 471, 472, 475, 476, 481, 482, 487, 488, 492, 497, 503, 510, 514], "summary": {"covered_lines": 19, "num_statements": 26, "percent_covered": 73.07692307692308, "percent_covered_display": "73", "missing_lines": 7, "excluded_lines": 0}, "missing_lines": [462, 489, 493, 498, 504, 511, 512], "excluded_lines": []}, "ERPipelineConfig.to_dict": {"executed_lines": [518, 530, 533], "summary": {"covered_lines": 3, "num_statements": 4, "percent_covered": 75.0, "percent_covered_display": "75", "missing_lines": 1, "excluded_lines": 0}, "missing_lines": [531], "excluded_lines": []}, "ERPipelineConfig.to_yaml": {"executed_lines": [545, 547, 548, 549, 550, 552], "summary": {"covered_lines": 6, "num_statements": 6, "percent_covered": 100.0, "percent_covered_display": "100", "missing_lines": 0, "excluded_lines": 0}, "missing_lines": [], "excluded_lines": []}, "ERPipelineConfig.__repr__": {"executed_lines": [556], "summary": {"covered_lines": 1, "num_statements": 1, "percent_covered": 100.0, "percent_covered_display": "100", "missing_lines": 0, "excluded_lines": 0}, "missing_lines": [], "excluded_lines": []}, "": {"executed_lines": [1, 8, 9, 10, 11, 12, 14, 17, 18, 20, 41, 42, 51, 61, 62, 64, 85, 86, 95, 105, 106, 108, 129, 130, 139, 149, 150, 152, 191, 192, 207, 228, 252, 253, 287, 323, 324, 348, 349, 373, 374, 413, 445, 516, 535, 554], "summary": {"covered_lines": 40, "num_statements": 40, "percent_covered": 100.0, "percent_covered_display": "100", "missing_lines": 0, "excluded_lines": 0}, "missing_lines": [], "excluded_lines": []}}, "classes": {"BlockingConfig": {"executed_lines": [36, 37, 38, 39, 44, 53], "summary": {"covered_lines": 6, "num_statements": 6, "percent_covered": 100.0, "percent_covered_display": "100", "missing_lines": 0, "excluded_lines": 0}, "missing_lines": [], "excluded_lines": []}, "SimilarityConfig": {"executed_lines": [80, 81, 82, 83, 88, 97], "summary": {"covered_lines": 6, "num_statements": 6, "percent_covered": 100.0, "percent_covered_display": "100", "missing_lines": 0, "excluded_lines": 0}, "missing_lines": [], "excluded_lines": []}, "ClusteringConfig": {"executed_lines": [124, 125, 126, 127, 132, 141], "summary": {"covered_lines": 6, "num_statements": 6, "percent_covered": 100.0, "percent_covered_display": "100", "missing_lines": 0, "excluded_lines": 0}, "missing_lines": [], "excluded_lines": []}, "EmbeddingConfig": {"executed_lines": [], "summary": {"covered_lines": 0, "num_statements": 24, "percent_covered": 0.0, "percent_covered_display": "0", "missing_lines": 24, "excluded_lines": 0}, "missing_lines": [180, 181, 182, 183, 184, 185, 186, 187, 188, 189, 194, 209, 218, 219, 226, 235, 237, 238, 239, 243, 244, 246, 247, 249], "excluded_lines": []}, "ERPipelineConfig": {"executed_lines": [311, 312, 313, 314, 316, 317, 318, 319, 321, 338, 340, 341, 343, 344, 346, 385, 386, 389, 392, 395, 398, 399, 402, 421, 423, 424, 425, 426, 427, 431, 432, 435, 436, 437, 438, 439, 440, 441, 443, 452, 455, 456, 461, 469, 470, 471, 472, 475, 476, 481, 482, 487, 488, 492, 497, 503, 510, 514, 518, 530, 533, 545, 547, 548, 549, 550, 552, 556], "summary": {"covered_lines": 68, "num_statements": 84, "percent_covered": 80.95238095238095, "percent_covered_display": "81", "missing_lines": 16, "excluded_lines": 0}, "missing_lines": [363, 365, 366, 368, 369, 371, 400, 429, 462, 489, 493, 498, 504, 511, 512, 531], "excluded_lines": []}, "": {"executed_lines": [1, 8, 9, 10, 11, 12, 14, 17, 18, 20, 41, 42, 51, 61, 62, 64, 85, 86, 95, 105, 106, 108, 129, 130, 139, 149, 150, 152, 191, 192, 207, 228, 252, 253, 287, 323, 324, 348, 349, 373, 374, 413, 445, 516, 535, 554], "summary": {"covered_lines": 40, "num_statements": 40, "percent_covered": 100.0, "percent_covered_display": "100", "missing_lines": 0, "excluded_lines": 0}, "missing_lines": [], "excluded_lines": []}}}, "src/entity_resolution/core/__init__.py": {"executed_lines": [2, 3, 5], "summary": {"covered_lines": 3, "num_statements": 3, "percent_covered": 100.0, "percent_covered_display": "100", "missing_lines": 0, "excluded_lines": 0}, "missing_lines": [], "excluded_lines": [], "functions": {"": {"executed_lines": [2, 3, 5], "summary": {"covered_lines": 3, "num_statements": 3, "percent_covered": 100.0, "percent_covered_display": "100", "missing_lines": 0, "excluded_lines": 0}, "missing_lines": [], "excluded_lines": []}}, "classes": {"": {"executed_lines": [2, 3, 5], "summary": {"covered_lines": 3, "num_statements": 3, "percent_covered": 100.0, "percent_covered_display": "100", "missing_lines": 0, "excluded_lines": 0}, "missing_lines": [], "excluded_lines": []}}}, "src/entity_resolution/core/configurable_pipeline.py": {"executed_lines": [1, 7, 8, 9, 10, 11, 13, 14, 15, 16, 17, 18, 19, 22, 23, 46, 64, 65, 67, 70, 71, 73, 74, 75, 77, 80, 81, 85, 87, 122, 123, 131, 132, 133, 134, 135, 136, 139, 140, 144, 145, 146, 147, 149, 153, 156, 157, 158, 159, 160, 162, 167, 169, 170, 177, 178, 179, 180, 181, 183, 187, 189, 195, 196, 197, 198, 199, 201, 205, 207, 212, 215, 216, 217, 218, 219, 220, 221, 222, 223, 225, 227, 278, 280, 282, 284, 285, 293, 311, 322, 323, 325, 326, 332, 333, 334, 335, 336, 337, 338, 339, 342, 343, 344, 345, 346, 347, 348, 350, 352, 372, 393, 408], "summary": {"covered_lines": 111, "num_statements": 144, "percent_covered": 77.08333333333333, "percent_covered_display": "77", "missing_lines": 33, "excluded_lines": 0}, "missing_lines": [82, 234, 246, 249, 257, 262, 266, 270, 274, 276, 295, 298, 305, 308, 309, 327, 328, 329, 330, 354, 355, 357, 365, 370, 374, 375, 377, 383, 391, 395, 402, 406, 410], "excluded_lines": [], "functions": {"ConfigurableERPipeline.__init__": {"executed_lines": [64, 65, 67, 70, 71, 73, 74, 75, 77, 80, 81, 85], "summary": {"covered_lines": 12, "num_statements": 13, "percent_covered": 92.3076923076923, "percent_covered_display": "92", "missing_lines": 1, "excluded_lines": 0}, "missing_lines": [82], "excluded_lines": []}, "ConfigurableERPipeline.run": {"executed_lines": [122, 123, 131, 132, 133, 134, 135, 136, 139, 140, 144, 145, 146, 147, 149, 153, 156, 157, 158, 159, 160, 162, 167, 169, 170, 177, 178, 179, 180, 181, 183, 187, 189, 195, 196, 197, 198, 199, 201, 205, 207, 212, 215, 216, 217, 218, 219, 220, 221, 222, 223, 225], "summary": {"covered_lines": 52, "num_statements": 52, "percent_covered": 100.0, "percent_covered_display": "100", "missing_lines": 0, "excluded_lines": 0}, "missing_lines": [], "excluded_lines": []}, "ConfigurableERPipeline._run_address_er": {"executed_lines": [], "summary": {"covered_lines": 0, "num_statements": 9, "percent_covered": 0.0, "percent_covered_display": "0", "missing_lines": 9, "excluded_lines": 0}, "missing_lines": [234, 246, 249, 257, 262, 266, 270, 274, 276], "excluded_lines": []}, "ConfigurableERPipeline._run_blocking": {"executed_lines": [280, 282, 284, 285, 293], "summary": {"covered_lines": 5, "num_statements": 10, "percent_covered": 50.0, "percent_covered_display": "50", "missing_lines": 5, "excluded_lines": 0}, "missing_lines": [295, 298, 305, 308, 309], "excluded_lines": []}, "ConfigurableERPipeline._get_blocking_fields": {"executed_lines": [322, 323, 325, 326, 332, 333, 334, 335, 336, 337, 338, 339, 342, 343, 344, 345, 346, 347, 348, 350], "summary": {"covered_lines": 20, "num_statements": 24, "percent_covered": 83.33333333333333, "percent_covered_display": "83", "missing_lines": 4, "excluded_lines": 0}, "missing_lines": [327, 328, 329, 330], "excluded_lines": []}, "ConfigurableERPipeline._run_similarity": {"executed_lines": [], "summary": {"covered_lines": 0, "num_statements": 5, "percent_covered": 0.0, "percent_covered_display": "0", "missing_lines": 5, "excluded_lines": 0}, "missing_lines": [354, 355, 357, 365, 370], "excluded_lines": []}, "ConfigurableERPipeline._run_edge_creation": {"executed_lines": [], "summary": {"covered_lines": 0, "num_statements": 5, "percent_covered": 0.0, "percent_covered_display": "0", "missing_lines": 5, "excluded_lines": 0}, "missing_lines": [374, 375, 377, 383, 391], "excluded_lines": []}, "ConfigurableERPipeline._run_clustering": {"executed_lines": [], "summary": {"covered_lines": 0, "num_statements": 3, "percent_covered": 0.0, "percent_covered_display": "0", "missing_lines": 3, "excluded_lines": 0}, "missing_lines": [395, 402, 406], "excluded_lines": []}, "ConfigurableERPipeline.__repr__": {"executed_lines": [], "summary": {"covered_lines": 0, "num_statements": 1, "percent_covered": 0.0, "percent_covered_display": "0", "missing_lines": 1, "excluded_lines": 0}, "missing_lines": [410], "excluded_lines": []}, "": {"executed_lines": [1, 7, 8, 9, 10, 11, 13, 14, 15, 16, 17, 18, 19, 22, 23, 46, 87, 227, 278, 311, 352, 372, 393, 408], "summary": {"covered_lines": 22, "num_statements": 22, "percent_covered": 100.0, "percent_covered_display": "100", "missing_lines": 0, "excluded_lines": 0}, "missing_lines": [], "excluded_lines": []}}, "classes": {"ConfigurableERPipeline": {"executed_lines": [64, 65, 67, 70, 71, 73, 74, 75, 77, 80, 81, 85, 122, 123, 131, 132, 133, 134, 135, 136, 139, 140, 144, 145, 146, 147, 149, 153, 156, 157, 158, 159, 160, 162, 167, 169, 170, 177, 178, 179, 180, 181, 183, 187, 189, 195, 196, 197, 198, 199, 201, 205, 207, 212, 215, 216, 217, 218, 219, 220, 221, 222, 223, 225, 280, 282, 284, 285, 293, 322, 323, 325, 326, 332, 333, 334, 335, 336, 337, 338, 339, 342, 343, 344, 345, 346, 347, 348, 350], "summary": {"covered_lines": 89, "num_statements": 122, "percent_covered": 72.95081967213115, "percent_covered_display": "73", "missing_lines": 33, "excluded_lines": 0}, "missing_lines": [82, 234, 246, 249, 257, 262, 266, 270, 274, 276, 295, 298, 305, 308, 309, 327, 328, 329, 330, 354, 355, 357, 365, 370, 374, 375, 377, 383, 391, 395, 402, 406, 410], "excluded_lines": []}, "": {"executed_lines": [1, 7, 8, 9, 10, 11, 13, 14, 15, 16, 17, 18, 19, 22, 23, 46, 87, 227, 278, 311, 352, 372, 393, 408], "summary": {"covered_lines": 22, "num_statements": 22, "percent_covered": 100.0, "percent_covered_display": "100", "missing_lines": 0, "excluded_lines": 0}, "missing_lines": [], "excluded_lines": []}}}, "src/entity_resolution/core/entity_resolver.py": {"executed_lines": [1, 12, 13, 14, 15, 16, 21, 22, 23, 24, 25, 26, 29, 30, 42, 43, 44, 47, 48, 49, 50, 53, 54, 56, 63, 65, 66, 69, 75, 76, 77, 78, 88, 100, 101, 103, 105, 106, 107, 113, 115, 116, 119, 126, 128, 134, 144, 147, 148, 150, 152, 153, 158, 160, 161, 168, 170, 176, 188, 191, 192, 194, 196, 197, 198, 200, 203, 204, 205, 207, 212, 213, 214, 216, 221, 222, 223, 225, 230, 232, 258, 260, 262, 268, 311, 332, 349, 384, 413, 426], "summary": {"covered_lines": 88, "num_statements": 180, "percent_covered": 48.888888888888886, "percent_covered_display": "49", "missing_lines": 92, "excluded_lines": 0}, "missing_lines": [17, 18, 19, 80, 81, 82, 84, 85, 86, 108, 109, 111, 130, 131, 132, 145, 154, 172, 173, 174, 189, 208, 217, 226, 264, 265, 266, 271, 272, 275, 278, 280, 281, 282, 283, 284, 286, 287, 290, 291, 297, 299, 301, 307, 308, 309, 315, 316, 317, 318, 319, 320, 323, 324, 326, 328, 330, 334, 335, 338, 339, 341, 342, 344, 345, 347, 351, 352, 354, 356, 357, 358, 361, 363, 372, 374, 380, 381, 382, 387, 388, 391, 393, 394, 395, 398, 400, 402, 409, 410, 411, 415], "excluded_lines": [], "functions": {"EntityResolutionPipeline.__init__": {"executed_lines": [43, 44, 47, 48, 49, 50, 53, 54], "summary": {"covered_lines": 8, "num_statements": 8, "percent_covered": 100.0, "percent_covered_display": "100", "missing_lines": 0, "excluded_lines": 0}, "missing_lines": [], "excluded_lines": []}, "EntityResolutionPipeline.connect": {"executed_lines": [63, 65, 66, 69, 75, 76, 77, 78], "summary": {"covered_lines": 8, "num_statements": 14, "percent_covered": 57.142857142857146, "percent_covered_display": "57", "missing_lines": 6, "excluded_lines": 0}, "missing_lines": [80, 81, 82, 84, 85, 86], "excluded_lines": []}, "EntityResolutionPipeline.load_data": {"executed_lines": [100, 101, 103, 105, 106, 107, 113, 115, 116, 119, 126, 128], "summary": {"covered_lines": 12, "num_statements": 18, "percent_covered": 66.66666666666667, "percent_covered_display": "67", "missing_lines": 6, "excluded_lines": 0}, "missing_lines": [108, 109, 111, 130, 131, 132], "excluded_lines": []}, "EntityResolutionPipeline.setup_system": {"executed_lines": [144, 147, 148, 150, 152, 153, 158, 160, 161, 168, 170], "summary": {"covered_lines": 11, "num_statements": 16, "percent_covered": 68.75, "percent_covered_display": "69", "missing_lines": 5, "excluded_lines": 0}, "missing_lines": [145, 154, 172, 173, 174], "excluded_lines": []}, "EntityResolutionPipeline.run_entity_resolution": {"executed_lines": [188, 191, 192, 194, 196, 197, 198, 200, 203, 204, 205, 207, 212, 213, 214, 216, 221, 222, 223, 225, 230, 232, 258, 260, 262], "summary": {"covered_lines": 25, "num_statements": 32, "percent_covered": 78.125, "percent_covered_display": "78", "missing_lines": 7, "excluded_lines": 0}, "missing_lines": [189, 208, 217, 226, 264, 265, 266], "excluded_lines": []}, "EntityResolutionPipeline._run_blocking_stage": {"executed_lines": [], "summary": {"covered_lines": 0, "num_statements": 19, "percent_covered": 0.0, "percent_covered_display": "0", "missing_lines": 19, "excluded_lines": 0}, "missing_lines": [271, 272, 275, 278, 280, 281, 282, 283, 284, 286, 287, 290, 291, 297, 299, 301, 307, 308, 309], "excluded_lines": []}, "EntityResolutionPipeline._simple_blocking_check": {"executed_lines": [], "summary": {"covered_lines": 0, "num_statements": 11, "percent_covered": 0.0, "percent_covered_display": "0", "missing_lines": 11, "excluded_lines": 0}, "missing_lines": [315, 316, 317, 318, 319, 320, 323, 324, 326, 328, 330], "excluded_lines": []}, "EntityResolutionPipeline._simple_ngram_similarity": {"executed_lines": [], "summary": {"covered_lines": 0, "num_statements": 9, "percent_covered": 0.0, "percent_covered_display": "0", "missing_lines": 9, "excluded_lines": 0}, "missing_lines": [334, 335, 338, 339, 341, 342, 344, 345, 347], "excluded_lines": []}, "EntityResolutionPipeline._run_similarity_stage": {"executed_lines": [], "summary": {"covered_lines": 0, "num_statements": 13, "percent_covered": 0.0, "percent_covered_display": "0", "missing_lines": 13, "excluded_lines": 0}, "missing_lines": [351, 352, 354, 356, 357, 358, 361, 363, 372, 374, 380, 381, 382], "excluded_lines": []}, "EntityResolutionPipeline._run_clustering_stage": {"executed_lines": [], "summary": {"covered_lines": 0, "num_statements": 12, "percent_covered": 0.0, "percent_covered_display": "0", "missing_lines": 12, "excluded_lines": 0}, "missing_lines": [387, 388, 391, 393, 394, 395, 398, 400, 402, 409, 410, 411], "excluded_lines": []}, "EntityResolutionPipeline.get_pipeline_stats": {"executed_lines": [], "summary": {"covered_lines": 0, "num_statements": 1, "percent_covered": 0.0, "percent_covered_display": "0", "missing_lines": 1, "excluded_lines": 0}, "missing_lines": [415], "excluded_lines": []}, "": {"executed_lines": [1, 12, 13, 14, 15, 16, 21, 22, 23, 24, 25, 26, 29, 30, 42, 56, 88, 134, 176, 268, 311, 332, 349, 384, 413, 426], "summary": {"covered_lines": 24, "num_statements": 27, "percent_covered": 88.88888888888889, "percent_covered_display": "89", "missing_lines": 3, "excluded_lines": 0}, "missing_lines": [17, 18, 19], "excluded_lines": []}}, "classes": {"EntityResolutionPipeline": {"executed_lines": [43, 44, 47, 48, 49, 50, 53, 54, 63, 65, 66, 69, 75, 76, 77, 78, 100, 101, 103, 105, 106, 107, 113, 115, 116, 119, 126, 128, 144, 147, 148, 150, 152, 153, 158, 160, 161, 168, 170, 188, 191, 192, 194, 196, 197, 198, 200, 203, 204, 205, 207, 212, 213, 214, 216, 221, 222, 223, 225, 230, 232, 258, 260, 262], "summary": {"covered_lines": 64, "num_statements": 153, "percent_covered": 41.830065359477125, "percent_covered_display": "42", "missing_lines": 89, "excluded_lines": 0}, "missing_lines": [80, 81, 82, 84, 85, 86, 108, 109, 111, 130, 131, 132, 145, 154, 172, 173, 174, 189, 208, 217, 226, 264, 265, 266, 271, 272, 275, 278, 280, 281, 282, 283, 284, 286, 287, 290, 291, 297, 299, 301, 307, 308, 309, 315, 316, 317, 318, 319, 320, 323, 324, 326, 328, 330, 334, 335, 338, 339, 341, 342, 344, 345, 347, 351, 352, 354, 356, 357, 358, 361, 363, 372, 374, 380, 381, 382, 387, 388, 391, 393, 394, 395, 398, 400, 402, 409, 410, 411, 415], "excluded_lines": []}, "": {"executed_lines": [1, 12, 13, 14, 15, 16, 21, 22, 23, 24, 25, 26, 29, 30, 42, 56, 88, 134, 176, 268, 311, 332, 349, 384, 413, 426], "summary": {"covered_lines": 24, "num_statements": 27, "percent_covered": 88.88888888888889, "percent_covered_display": "89", "missing_lines": 3, "excluded_lines": 0}, "missing_lines": [17, 18, 19], "excluded_lines": []}}}, "src/entity_resolution/data/__init__.py": {"executed_lines": [0], "summary": {"covered_lines": 0, "num_statements": 0, "percent_covered": 100.0, "percent_covered_display": "100", "missing_lines": 0, "excluded_lines": 0}, "missing_lines": [], "excluded_lines": [], "functions": {"": {"executed_lines": [], "summary": {"covered_lines": 0, "num_statements": 0, "percent_covered": 100.0, "percent_covered_display": "100", "missing_lines": 0, "excluded_lines": 0}, "missing_lines": [], "excluded_lines": []}}, "classes": {"": {"executed_lines": [], "summary": {"covered_lines": 0, "num_statements": 0, "percent_covered": 100.0, "percent_covered_display": "100", "missing_lines": 0, "excluded_lines": 0}, "missing_lines": [], "excluded_lines": []}}}, "src/entity_resolution/data/data_manager.py": {"executed_lines": [1, 7, 8, 9, 10, 14, 15, 16, 18, 19, 20, 23, 24, 34, 35, 36, 37, 39, 59, 70, 71, 72, 73, 75, 78, 80, 81, 87, 100, 102, 105, 108, 109, 112, 113, 114, 115, 116, 119, 120, 125, 126, 128, 129, 130, 131, 132, 136, 138, 150, 163, 164, 165, 202, 212, 213, 214, 216, 217, 219, 232, 243, 244, 245, 246, 248, 251, 257, 258, 264, 326, 346], "summary": {"covered_lines": 70, "num_statements": 161, "percent_covered": 43.47826086956522, "percent_covered_display": "43", "missing_lines": 91, "excluded_lines": 0}, "missing_lines": [11, 12, 13, 46, 48, 49, 50, 52, 53, 55, 56, 57, 76, 83, 84, 85, 103, 118, 122, 133, 134, 146, 147, 148, 168, 169, 171, 174, 177, 178, 180, 181, 182, 183, 184, 185, 186, 188, 190, 198, 199, 200, 228, 229, 230, 260, 261, 262, 274, 275, 276, 279, 281, 282, 285, 286, 289, 290, 291, 294, 295, 296, 298, 299, 301, 310, 311, 313, 322, 323, 324, 328, 330, 331, 332, 333, 335, 336, 338, 339, 341, 342, 344, 353, 361, 363, 364, 365, 367, 368, 370], "excluded_lines": [], "functions": {"DataManager.__init__": {"executed_lines": [35, 36, 37], "summary": {"covered_lines": 3, "num_statements": 3, "percent_covered": 100.0, "percent_covered_display": "100", "missing_lines": 0, "excluded_lines": 0}, "missing_lines": [], "excluded_lines": []}, "DataManager.connect": {"executed_lines": [], "summary": {"covered_lines": 0, "num_statements": 9, "percent_covered": 0.0, "percent_covered_display": "0", "missing_lines": 9, "excluded_lines": 0}, "missing_lines": [46, 48, 49, 50, 52, 53, 55, 56, 57], "excluded_lines": []}, "DataManager.create_collection": {"executed_lines": [70, 71, 72, 73, 75, 78, 80, 81], "summary": {"covered_lines": 8, "num_statements": 12, "percent_covered": 66.66666666666667, "percent_covered_display": "67", "missing_lines": 4, "excluded_lines": 0}, "missing_lines": [76, 83, 84, 85], "excluded_lines": []}, "DataManager.load_data_from_file": {"executed_lines": [100, 102, 105, 108, 109, 112, 113, 114, 115, 116, 119, 120, 125, 126, 128, 129, 130, 131, 132, 136, 138], "summary": {"covered_lines": 21, "num_statements": 29, "percent_covered": 72.41379310344827, "percent_covered_display": "72", "missing_lines": 8, "excluded_lines": 0}, "missing_lines": [103, 118, 122, 133, 134, 146, 147, 148], "excluded_lines": []}, "DataManager.load_data_from_dataframe": {"executed_lines": [163, 164, 165], "summary": {"covered_lines": 3, "num_statements": 21, "percent_covered": 14.285714285714286, "percent_covered_display": "14", "missing_lines": 18, "excluded_lines": 0}, "missing_lines": [168, 169, 171, 174, 177, 178, 180, 181, 182, 183, 184, 185, 186, 188, 190, 198, 199, 200], "excluded_lines": []}, "DataManager.get_collection_stats": {"executed_lines": [212, 213, 214, 216, 217, 219], "summary": {"covered_lines": 6, "num_statements": 9, "percent_covered": 66.66666666666667, "percent_covered_display": "67", "missing_lines": 3, "excluded_lines": 0}, "missing_lines": [228, 229, 230], "excluded_lines": []}, "DataManager.sample_records": {"executed_lines": [243, 244, 245, 246, 248, 251, 257, 258], "summary": {"covered_lines": 8, "num_statements": 11, "percent_covered": 72.72727272727273, "percent_covered_display": "73", "missing_lines": 3, "excluded_lines": 0}, "missing_lines": [260, 261, 262], "excluded_lines": []}, "DataManager.validate_data_quality": {"executed_lines": [], "summary": {"covered_lines": 0, "num_statements": 23, "percent_covered": 0.0, "percent_covered_display": "0", "missing_lines": 23, "excluded_lines": 0}, "missing_lines": [274, 275, 276, 279, 281, 282, 285, 286, 289, 290, 291, 294, 295, 296, 298, 299, 301, 310, 311, 313, 322, 323, 324], "excluded_lines": []}, "DataManager._generate_quality_recommendations": {"executed_lines": [], "summary": {"covered_lines": 0, "num_statements": 12, "percent_covered": 0.0, "percent_covered_display": "0", "missing_lines": 12, "excluded_lines": 0}, "missing_lines": [328, 330, 331, 332, 333, 335, 336, 338, 339, 341, 342, 344], "excluded_lines": []}, "DataManager.initialize_test_collections": {"executed_lines": [], "summary": {"covered_lines": 0, "num_statements": 8, "percent_covered": 0.0, "percent_covered_display": "0", "missing_lines": 8, "excluded_lines": 0}, "missing_lines": [353, 361, 363, 364, 365, 367, 368, 370], "excluded_lines": []}, "": {"executed_lines": [1, 7, 8, 9, 10, 14, 15, 16, 18, 19, 20, 23, 24, 34, 39, 59, 87, 150, 202, 232, 264, 326, 346], "summary": {"covered_lines": 21, "num_statements": 24, "percent_covered": 87.5, "percent_covered_display": "88", "missing_lines": 3, "excluded_lines": 0}, "missing_lines": [11, 12, 13], "excluded_lines": []}}, "classes": {"DataManager": {"executed_lines": [35, 36, 37, 70, 71, 72, 73, 75, 78, 80, 81, 100, 102, 105, 108, 109, 112, 113, 114, 115, 116, 119, 120, 125, 126, 128, 129, 130, 131, 132, 136, 138, 163, 164, 165, 212, 213, 214, 216, 217, 219, 243, 244, 245, 246, 248, 251, 257, 258], "summary": {"covered_lines": 49, "num_statements": 137, "percent_covered": 35.76642335766423, "percent_covered_display": "36", "missing_lines": 88, "excluded_lines": 0}, "missing_lines": [46, 48, 49, 50, 52, 53, 55, 56, 57, 76, 83, 84, 85, 103, 118, 122, 133, 134, 146, 147, 148, 168, 169, 171, 174, 177, 178, 180, 181, 182, 183, 184, 185, 186, 188, 190, 198, 199, 200, 228, 229, 230, 260, 261, 262, 274, 275, 276, 279, 281, 282, 285, 286, 289, 290, 291, 294, 295, 296, 298, 299, 301, 310, 311, 313, 322, 323, 324, 328, 330, 331, 332, 333, 335, 336, 338, 339, 341, 342, 344, 353, 361, 363, 364, 365, 367, 368, 370], "excluded_lines": []}, "": {"executed_lines": [1, 7, 8, 9, 10, 14, 15, 16, 18, 19, 20, 23, 24, 34, 39, 59, 87, 150, 202, 232, 264, 326, 346], "summary": {"covered_lines": 21, "num_statements": 24, "percent_covered": 87.5, "percent_covered_display": "88", "missing_lines": 3, "excluded_lines": 0}, "missing_lines": [11, 12, 13], "excluded_lines": []}}}, "src/entity_resolution/demo/__init__.py": {"executed_lines": [], "summary": {"covered_lines": 0, "num_statements": 2, "percent_covered": 0.0, "percent_covered_display": "0", "missing_lines": 2, "excluded_lines": 0}, "missing_lines": [8, 17], "excluded_lines": [], "functions": {"": {"executed_lines": [], "summary": {"covered_lines": 0, "num_statements": 2, "percent_covered": 0.0, "percent_covered_display": "0", "missing_lines": 2, "excluded_lines": 0}, "missing_lines": [8, 17], "excluded_lines": []}}, "classes": {"": {"executed_lines": [], "summary": {"covered_lines": 0, "num_statements": 2, "percent_covered": 0.0, "percent_covered_display": "0", "missing_lines": 2, "excluded_lines": 0}, "missing_lines": [8, 17], "excluded_lines": []}}}, "src/entity_resolution/demo/demo_manager.py": {"executed_lines": [], "summary": {"covered_lines": 0, "num_statements": 120, "percent_covered": 0.0, "percent_covered_display": "0", "missing_lines": 120, "excluded_lines": 0}, "missing_lines": [8, 9, 10, 11, 12, 13, 15, 16, 17, 18, 27, 35, 36, 37, 38, 41, 42, 43, 44, 46, 47, 50, 52, 53, 55, 57, 59, 60, 63, 64, 65, 68, 69, 70, 72, 73, 75, 76, 77, 79, 81, 82, 83, 85, 86, 87, 89, 90, 92, 93, 95, 96, 98, 99, 100, 102, 108, 109, 110, 112, 114, 116, 129, 137, 138, 139, 140, 141, 143, 148, 269, 299, 301, 303, 305, 307, 308, 311, 312, 313, 315, 321, 322, 323, 325, 327, 333, 335, 341, 343, 350, 358, 366, 370, 376, 378, 381, 382, 385, 386, 389, 391, 393, 401, 402, 403, 405, 410, 418, 428, 429, 430, 431, 433, 437, 439, 440, 443, 445, 446], "excluded_lines": [], "functions": {"BaseDemoManager.__init__": {"executed_lines": [], "summary": {"covered_lines": 0, "num_statements": 7, "percent_covered": 0.0, "percent_covered_display": "0", "missing_lines": 7, "excluded_lines": 0}, "missing_lines": [36, 37, 38, 41, 42, 43, 44], "excluded_lines": []}, "BaseDemoManager.generate_demo_data": {"executed_lines": [], "summary": {"covered_lines": 0, "num_statements": 1, "percent_covered": 0.0, "percent_covered_display": "0", "missing_lines": 1, "excluded_lines": 0}, "missing_lines": [50], "excluded_lines": []}, "BaseDemoManager.run_demo": {"executed_lines": [], "summary": {"covered_lines": 0, "num_statements": 1, "percent_covered": 0.0, "percent_covered_display": "0", "missing_lines": 1, "excluded_lines": 0}, "missing_lines": [55], "excluded_lines": []}, "BaseDemoManager.save_demo_data": {"executed_lines": [], "summary": {"covered_lines": 0, "num_statements": 13, "percent_covered": 0.0, "percent_covered_display": "0", "missing_lines": 13, "excluded_lines": 0}, "missing_lines": [59, 60, 63, 64, 65, 68, 69, 70, 72, 73, 75, 76, 77], "excluded_lines": []}, "BaseDemoManager.load_demo_data": {"executed_lines": [], "summary": {"covered_lines": 0, "num_statements": 15, "percent_covered": 0.0, "percent_covered_display": "0", "missing_lines": 15, "excluded_lines": 0}, "missing_lines": [81, 82, 83, 85, 86, 87, 89, 90, 92, 93, 95, 96, 98, 99, 100], "excluded_lines": []}, "BaseDemoManager.calculate_business_impact": {"executed_lines": [], "summary": {"covered_lines": 0, "num_statements": 4, "percent_covered": 0.0, "percent_covered_display": "0", "missing_lines": 4, "excluded_lines": 0}, "missing_lines": [108, 109, 110, 112], "excluded_lines": []}, "BaseDemoManager.get_demo_summary": {"executed_lines": [], "summary": {"covered_lines": 0, "num_statements": 1, "percent_covered": 0.0, "percent_covered_display": "0", "missing_lines": 1, "excluded_lines": 0}, "missing_lines": [116], "excluded_lines": []}, "PresentationDemoManager.__init__": {"executed_lines": [], "summary": {"covered_lines": 0, "num_statements": 4, "percent_covered": 0.0, "percent_covered_display": "0", "missing_lines": 4, "excluded_lines": 0}, "missing_lines": [138, 139, 140, 141], "excluded_lines": []}, "PresentationDemoManager.generate_demo_data": {"executed_lines": [], "summary": {"covered_lines": 0, "num_statements": 3, "percent_covered": 0.0, "percent_covered_display": "0", "missing_lines": 3, "excluded_lines": 0}, "missing_lines": [148, 269, 299], "excluded_lines": []}, "PresentationDemoManager.run_demo": {"executed_lines": [], "summary": {"covered_lines": 0, "num_statements": 11, "percent_covered": 0.0, "percent_covered_display": "0", "missing_lines": 11, "excluded_lines": 0}, "missing_lines": [303, 305, 307, 308, 311, 312, 313, 315, 321, 322, 323], "excluded_lines": []}, "PresentationDemoManager._run_act1_reveal_problem": {"executed_lines": [], "summary": {"covered_lines": 0, "num_statements": 1, "percent_covered": 0.0, "percent_covered_display": "0", "missing_lines": 1, "excluded_lines": 0}, "missing_lines": [327], "excluded_lines": []}, "PresentationDemoManager._run_act2_demonstrate_solution": {"executed_lines": [], "summary": {"covered_lines": 0, "num_statements": 1, "percent_covered": 0.0, "percent_covered_display": "0", "missing_lines": 1, "excluded_lines": 0}, "missing_lines": [335], "excluded_lines": []}, "PresentationDemoManager._run_act3_show_results": {"executed_lines": [], "summary": {"covered_lines": 0, "num_statements": 1, "percent_covered": 0.0, "percent_covered_display": "0", "missing_lines": 1, "excluded_lines": 0}, "missing_lines": [343], "excluded_lines": []}, "AutomatedDemoManager.generate_demo_data": {"executed_lines": [], "summary": {"covered_lines": 0, "num_statements": 3, "percent_covered": 0.0, "percent_covered_display": "0", "missing_lines": 3, "excluded_lines": 0}, "missing_lines": [366, 370, 376], "excluded_lines": []}, "AutomatedDemoManager.run_demo": {"executed_lines": [], "summary": {"covered_lines": 0, "num_statements": 10, "percent_covered": 0.0, "percent_covered_display": "0", "missing_lines": 10, "excluded_lines": 0}, "missing_lines": [381, 382, 385, 386, 389, 391, 393, 401, 402, 403], "excluded_lines": []}, "AutomatedDemoManager._run_entity_resolution_pipeline": {"executed_lines": [], "summary": {"covered_lines": 0, "num_statements": 1, "percent_covered": 0.0, "percent_covered_display": "0", "missing_lines": 1, "excluded_lines": 0}, "missing_lines": [410], "excluded_lines": []}, "get_demo_manager": {"executed_lines": [], "summary": {"covered_lines": 0, "num_statements": 5, "percent_covered": 0.0, "percent_covered_display": "0", "missing_lines": 5, "excluded_lines": 0}, "missing_lines": [428, 429, 430, 431, 433], "excluded_lines": []}, "run_presentation_demo": {"executed_lines": [], "summary": {"covered_lines": 0, "num_statements": 2, "percent_covered": 0.0, "percent_covered_display": "0", "missing_lines": 2, "excluded_lines": 0}, "missing_lines": [439, 440], "excluded_lines": []}, "run_automated_demo": {"executed_lines": [], "summary": {"covered_lines": 0, "num_statements": 2, "percent_covered": 0.0, "percent_covered_display": "0", "missing_lines": 2, "excluded_lines": 0}, "missing_lines": [445, 446], "excluded_lines": []}, "": {"executed_lines": [], "summary": {"covered_lines": 0, "num_statements": 34, "percent_covered": 0.0, "percent_covered_display": "0", "missing_lines": 34, "excluded_lines": 0}, "missing_lines": [8, 9, 10, 11, 12, 13, 15, 16, 17, 18, 27, 35, 46, 47, 52, 53, 57, 79, 102, 114, 129, 137, 143, 301, 325, 333, 341, 350, 358, 378, 405, 418, 437, 443], "excluded_lines": []}}, "classes": {"BaseDemoManager": {"executed_lines": [], "summary": {"covered_lines": 0, "num_statements": 42, "percent_covered": 0.0, "percent_covered_display": "0", "missing_lines": 42, "excluded_lines": 0}, "missing_lines": [36, 37, 38, 41, 42, 43, 44, 50, 55, 59, 60, 63, 64, 65, 68, 69, 70, 72, 73, 75, 76, 77, 81, 82, 83, 85, 86, 87, 89, 90, 92, 93, 95, 96, 98, 99, 100, 108, 109, 110, 112, 116], "excluded_lines": []}, "PresentationDemoManager": {"executed_lines": [], "summary": {"covered_lines": 0, "num_statements": 21, "percent_covered": 0.0, "percent_covered_display": "0", "missing_lines": 21, "excluded_lines": 0}, "missing_lines": [138, 139, 140, 141, 148, 269, 299, 303, 305, 307, 308, 311, 312, 313, 315, 321, 322, 323, 327, 335, 343], "excluded_lines": []}, "AutomatedDemoManager": {"executed_lines": [], "summary": {"covered_lines": 0, "num_statements": 14, "percent_covered": 0.0, "percent_covered_display": "0", "missing_lines": 14, "excluded_lines": 0}, "missing_lines": [366, 370, 376, 381, 382, 385, 386, 389, 391, 393, 401, 402, 403, 410], "excluded_lines": []}, "": {"executed_lines": [], "summary": {"covered_lines": 0, "num_statements": 43, "percent_covered": 0.0, "percent_covered_display": "0", "missing_lines": 43, "excluded_lines": 0}, "missing_lines": [8, 9, 10, 11, 12, 13, 15, 16, 17, 18, 27, 35, 46, 47, 52, 53, 57, 79, 102, 114, 129, 137, 143, 301, 325, 333, 341, 350, 358, 378, 405, 418, 428, 429, 430, 431, 433, 437, 439, 440, 443, 445, 446], "excluded_lines": []}}}, "src/entity_resolution/enrichments/__init__.py": {"executed_lines": [1, 19, 20, 21, 23, 24, 25, 26, 28], "summary": {"covered_lines": 8, "num_statements": 8, "percent_covered": 100.0, "percent_covered_display": "100", "missing_lines": 0, "excluded_lines": 0}, "missing_lines": [], "excluded_lines": [], "functions": {"": {"executed_lines": [1, 19, 20, 21, 23, 24, 25, 26, 28], "summary": {"covered_lines": 8, "num_statements": 8, "percent_covered": 100.0, "percent_covered_display": "100", "missing_lines": 0, "excluded_lines": 0}, "missing_lines": [], "excluded_lines": []}}, "classes": {"": {"executed_lines": [1, 19, 20, 21, 23, 24, 25, 26, 28], "summary": {"covered_lines": 8, "num_statements": 8, "percent_covered": 100.0, "percent_covered_display": "100", "missing_lines": 0, "excluded_lines": 0}, "missing_lines": [], "excluded_lines": []}}}, "src/entity_resolution/enrichments/acronym_handler.py": {"executed_lines": [1, 15, 18, 19, 43, 65, 72, 73, 75, 78, 79, 81, 83, 84, 86, 105, 106, 108, 125, 126, 128, 148, 150, 151, 153, 154, 155, 157, 159, 191, 204, 206, 207, 211, 228, 230, 231, 232, 233, 235, 252, 270, 271, 274, 280, 285, 295, 296, 324], "summary": {"covered_lines": 47, "num_statements": 58, "percent_covered": 81.03448275862068, "percent_covered_display": "81", "missing_lines": 11, "excluded_lines": 0}, "missing_lines": [66, 186, 209, 250, 317, 319, 320, 322, 335, 337, 338], "excluded_lines": [], "functions": {"AcronymExpansionHandler.__init__": {"executed_lines": [65, 72, 73, 75, 78, 79, 81, 83, 84], "summary": {"covered_lines": 9, "num_statements": 10, "percent_covered": 90.0, "percent_covered_display": "90", "missing_lines": 1, "excluded_lines": 0}, "missing_lines": [66], "excluded_lines": []}, "AcronymExpansionHandler.is_acronym": {"executed_lines": [105, 106], "summary": {"covered_lines": 2, "num_statements": 2, "percent_covered": 100.0, "percent_covered_display": "100", "missing_lines": 0, "excluded_lines": 0}, "missing_lines": [], "excluded_lines": []}, "AcronymExpansionHandler.get_expansions": {"executed_lines": [125, 126], "summary": {"covered_lines": 2, "num_statements": 2, "percent_covered": 100.0, "percent_covered_display": "100", "missing_lines": 0, "excluded_lines": 0}, "missing_lines": [], "excluded_lines": []}, "AcronymExpansionHandler.expand_search_terms": {"executed_lines": [148, 150, 151, 153, 154, 155, 157], "summary": {"covered_lines": 7, "num_statements": 7, "percent_covered": 100.0, "percent_covered_display": "100", "missing_lines": 0, "excluded_lines": 0}, "missing_lines": [], "excluded_lines": []}, "AcronymExpansionHandler.expand_batch": {"executed_lines": [], "summary": {"covered_lines": 0, "num_statements": 1, "percent_covered": 0.0, "percent_covered_display": "0", "missing_lines": 1, "excluded_lines": 0}, "missing_lines": [186], "excluded_lines": []}, "AcronymExpansionHandler.add_acronym": {"executed_lines": [204, 206, 207], "summary": {"covered_lines": 3, "num_statements": 4, "percent_covered": 75.0, "percent_covered_display": "75", "missing_lines": 1, "excluded_lines": 0}, "missing_lines": [209], "excluded_lines": []}, "AcronymExpansionHandler.remove_acronym": {"executed_lines": [228, 230, 231, 232, 233], "summary": {"covered_lines": 5, "num_statements": 5, "percent_covered": 100.0, "percent_covered_display": "100", "missing_lines": 0, "excluded_lines": 0}, "missing_lines": [], "excluded_lines": []}, "AcronymExpansionHandler.get_all_acronyms": {"executed_lines": [], "summary": {"covered_lines": 0, "num_statements": 1, "percent_covered": 0.0, "percent_covered_display": "0", "missing_lines": 1, "excluded_lines": 0}, "missing_lines": [250], "excluded_lines": []}, "AcronymExpansionHandler.get_statistics": {"executed_lines": [270, 271, 274, 280, 285], "summary": {"covered_lines": 5, "num_statements": 5, "percent_covered": 100.0, "percent_covered_display": "100", "missing_lines": 0, "excluded_lines": 0}, "missing_lines": [], "excluded_lines": []}, "AcronymExpansionHandler.from_file": {"executed_lines": [], "summary": {"covered_lines": 0, "num_statements": 4, "percent_covered": 0.0, "percent_covered_display": "0", "missing_lines": 4, "excluded_lines": 0}, "missing_lines": [317, 319, 320, 322], "excluded_lines": []}, "AcronymExpansionHandler.to_file": {"executed_lines": [], "summary": {"covered_lines": 0, "num_statements": 3, "percent_covered": 0.0, "percent_covered_display": "0", "missing_lines": 3, "excluded_lines": 0}, "missing_lines": [335, 337, 338], "excluded_lines": []}, "": {"executed_lines": [1, 15, 18, 19, 43, 86, 108, 128, 159, 191, 211, 235, 252, 295, 296, 324], "summary": {"covered_lines": 14, "num_statements": 14, "percent_covered": 100.0, "percent_covered_display": "100", "missing_lines": 0, "excluded_lines": 0}, "missing_lines": [], "excluded_lines": []}}, "classes": {"AcronymExpansionHandler": {"executed_lines": [65, 72, 73, 75, 78, 79, 81, 83, 84, 105, 106, 125, 126, 148, 150, 151, 153, 154, 155, 157, 204, 206, 207, 228, 230, 231, 232, 233, 270, 271, 274, 280, 285], "summary": {"covered_lines": 33, "num_statements": 44, "percent_covered": 75.0, "percent_covered_display": "75", "missing_lines": 11, "excluded_lines": 0}, "missing_lines": [66, 186, 209, 250, 317, 319, 320, 322, 335, 337, 338], "excluded_lines": []}, "": {"executed_lines": [1, 15, 18, 19, 43, 86, 108, 128, 159, 191, 211, 235, 252, 295, 296, 324], "summary": {"covered_lines": 14, "num_statements": 14, "percent_covered": 100.0, "percent_covered_display": "100", "missing_lines": 0, "excluded_lines": 0}, "missing_lines": [], "excluded_lines": []}}}, "src/entity_resolution/enrichments/context_resolver.py": {"executed_lines": [1, 15, 16, 19, 20, 53, 74, 75, 77, 80, 81, 86, 87, 88, 89, 92, 98, 120, 121, 124, 125, 128, 129, 131, 135, 136, 138, 140, 180, 182, 183, 184, 185, 186, 187, 188, 189, 190, 191, 192, 194, 195, 197, 200, 203, 206, 208, 211, 213, 214, 215, 216, 217, 218, 221, 223, 225], "summary": {"covered_lines": 55, "num_statements": 61, "percent_covered": 90.1639344262295, "percent_covered_display": "90", "missing_lines": 6, "excluded_lines": 1}, "missing_lines": [78, 132, 247, 248, 249, 250], "excluded_lines": [148], "functions": {"HierarchicalContextResolver.__init__": {"executed_lines": [74, 75, 77, 80, 81, 86, 87, 88, 89, 92], "summary": {"covered_lines": 10, "num_statements": 11, "percent_covered": 90.9090909090909, "percent_covered_display": "91", "missing_lines": 1, "excluded_lines": 0}, "missing_lines": [78], "excluded_lines": []}, "HierarchicalContextResolver.calculate_token_overlap": {"executed_lines": [120, 121, 124, 125, 128, 129, 131, 135, 136, 138], "summary": {"covered_lines": 10, "num_statements": 11, "percent_covered": 90.9090909090909, "percent_covered_display": "91", "missing_lines": 1, "excluded_lines": 0}, "missing_lines": [132], "excluded_lines": []}, "HierarchicalContextResolver.resolve_with_context": {"executed_lines": [180, 182, 183, 184, 185, 186, 187, 188, 189, 190, 191, 192, 194, 195, 197, 200, 203, 206, 208, 211, 213, 214, 215, 216, 217, 218, 221, 223], "summary": {"covered_lines": 28, "num_statements": 28, "percent_covered": 100.0, "percent_covered_display": "100", "missing_lines": 0, "excluded_lines": 1}, "missing_lines": [], "excluded_lines": [148]}, "HierarchicalContextResolver.get_parent_context": {"executed_lines": [], "summary": {"covered_lines": 0, "num_statements": 4, "percent_covered": 0.0, "percent_covered_display": "0", "missing_lines": 4, "excluded_lines": 0}, "missing_lines": [247, 248, 249, 250], "excluded_lines": []}, "": {"executed_lines": [1, 15, 16, 19, 20, 53, 98, 140, 225], "summary": {"covered_lines": 7, "num_statements": 7, "percent_covered": 100.0, "percent_covered_display": "100", "missing_lines": 0, "excluded_lines": 0}, "missing_lines": [], "excluded_lines": []}}, "classes": {"HierarchicalContextResolver": {"executed_lines": [74, 75, 77, 80, 81, 86, 87, 88, 89, 92, 120, 121, 124, 125, 128, 129, 131, 135, 136, 138, 180, 182, 183, 184, 185, 186, 187, 188, 189, 190, 191, 192, 194, 195, 197, 200, 203, 206, 208, 211, 213, 214, 215, 216, 217, 218, 221, 223], "summary": {"covered_lines": 48, "num_statements": 54, "percent_covered": 88.88888888888889, "percent_covered_display": "89", "missing_lines": 6, "excluded_lines": 1}, "missing_lines": [78, 132, 247, 248, 249, 250], "excluded_lines": [148]}, "": {"executed_lines": [1, 15, 16, 19, 20, 53, 98, 140, 225], "summary": {"covered_lines": 7, "num_statements": 7, "percent_covered": 100.0, "percent_covered_display": "100", "missing_lines": 0, "excluded_lines": 0}, "missing_lines": [], "excluded_lines": []}}}, "src/entity_resolution/enrichments/relationship_sweeper.py": {"executed_lines": [1, 15, 16, 19, 20, 54, 68, 69, 70, 72, 75, 76, 78, 117, 119, 120, 121, 122, 123, 125, 129, 132, 135, 136, 139, 146, 147, 151, 153, 154, 156, 158, 165, 166, 169, 170, 173, 175, 182, 183, 185, 187, 189, 208, 209, 212, 213, 215, 216, 217, 218, 220, 221, 223, 225, 227, 237, 271, 294, 297, 300, 301, 303, 304, 310, 311, 312, 313, 315, 316, 321, 322, 324, 328, 330], "summary": {"covered_lines": 73, "num_statements": 87, "percent_covered": 83.9080459770115, "percent_covered_display": "84", "missing_lines": 14, "excluded_lines": 0}, "missing_lines": [126, 148, 256, 258, 259, 261, 262, 267, 269, 317, 318, 319, 325, 326], "excluded_lines": [], "functions": {"RelationshipProvenanceSweeper.__init__": {"executed_lines": [68, 69, 70], "summary": {"covered_lines": 3, "num_statements": 3, "percent_covered": 100.0, "percent_covered_display": "100", "missing_lines": 0, "excluded_lines": 0}, "missing_lines": [], "excluded_lines": []}, "RelationshipProvenanceSweeper._generate_edge_key": {"executed_lines": [75, 76], "summary": {"covered_lines": 2, "num_statements": 2, "percent_covered": 100.0, "percent_covered_display": "100", "missing_lines": 0, "excluded_lines": 0}, "missing_lines": [], "excluded_lines": []}, "RelationshipProvenanceSweeper.sweep_relationships": {"executed_lines": [117, 119, 120, 121, 122, 123, 125, 129, 132, 135, 136, 139, 146, 147, 151, 153, 154, 156, 158, 165, 166, 169, 170, 173, 175, 182, 183, 185, 187], "summary": {"covered_lines": 29, "num_statements": 31, "percent_covered": 93.54838709677419, "percent_covered_display": "94", "missing_lines": 2, "excluded_lines": 0}, "missing_lines": [126, 148], "excluded_lines": []}, "RelationshipProvenanceSweeper.get_statistics": {"executed_lines": [208, 209, 212, 213, 215, 216, 217, 218, 220, 221, 223, 225, 227], "summary": {"covered_lines": 13, "num_statements": 13, "percent_covered": 100.0, "percent_covered_display": "100", "missing_lines": 0, "excluded_lines": 0}, "missing_lines": [], "excluded_lines": []}, "RelationshipProvenanceSweeper.extract_provenance_graph": {"executed_lines": [], "summary": {"covered_lines": 0, "num_statements": 7, "percent_covered": 0.0, "percent_covered_display": "0", "missing_lines": 7, "excluded_lines": 0}, "missing_lines": [256, 258, 259, 261, 262, 267, 269], "excluded_lines": []}, "RelationshipProvenanceSweeper.validate_mapping": {"executed_lines": [294, 297, 300, 301, 303, 304, 310, 311, 312, 313, 315, 316, 321, 322, 324, 328, 330], "summary": {"covered_lines": 17, "num_statements": 22, "percent_covered": 77.27272727272727, "percent_covered_display": "77", "missing_lines": 5, "excluded_lines": 0}, "missing_lines": [317, 318, 319, 325, 326], "excluded_lines": []}, "": {"executed_lines": [1, 15, 16, 19, 20, 54, 72, 78, 189, 237, 271], "summary": {"covered_lines": 9, "num_statements": 9, "percent_covered": 100.0, "percent_covered_display": "100", "missing_lines": 0, "excluded_lines": 0}, "missing_lines": [], "excluded_lines": []}}, "classes": {"RelationshipProvenanceSweeper": {"executed_lines": [68, 69, 70, 75, 76, 117, 119, 120, 121, 122, 123, 125, 129, 132, 135, 136, 139, 146, 147, 151, 153, 154, 156, 158, 165, 166, 169, 170, 173, 175, 182, 183, 185, 187, 208, 209, 212, 213, 215, 216, 217, 218, 220, 221, 223, 225, 227, 294, 297, 300, 301, 303, 304, 310, 311, 312, 313, 315, 316, 321, 322, 324, 328, 330], "summary": {"covered_lines": 64, "num_statements": 78, "percent_covered": 82.05128205128206, "percent_covered_display": "82", "missing_lines": 14, "excluded_lines": 0}, "missing_lines": [126, 148, 256, 258, 259, 261, 262, 267, 269, 317, 318, 319, 325, 326], "excluded_lines": []}, "": {"executed_lines": [1, 15, 16, 19, 20, 54, 72, 78, 189, 237, 271], "summary": {"covered_lines": 9, "num_statements": 9, "percent_covered": 100.0, "percent_covered_display": "100", "missing_lines": 0, "excluded_lines": 0}, "missing_lines": [], "excluded_lines": []}}}, "src/entity_resolution/enrichments/type_constraints.py": {"executed_lines": [1, 15, 18, 19, 51, 76, 80, 81, 83, 104, 106, 110, 111, 112, 115, 116, 119, 120, 122, 149, 154, 199, 217, 227, 229, 245], "summary": {"covered_lines": 24, "num_statements": 54, "percent_covered": 44.44444444444444, "percent_covered_display": "44", "missing_lines": 30, "excluded_lines": 0}, "missing_lines": [105, 107, 184, 186, 187, 188, 190, 191, 197, 218, 219, 222, 223, 224, 225, 243, 263, 266, 267, 269, 270, 272, 273, 275, 276, 279, 280, 281, 283, 285], "excluded_lines": [], "functions": {"TypeCompatibilityFilter.__init__": {"executed_lines": [76, 80, 81], "summary": {"covered_lines": 3, "num_statements": 3, "percent_covered": 100.0, "percent_covered_display": "100", "missing_lines": 0, "excluded_lines": 0}, "missing_lines": [], "excluded_lines": []}, "TypeCompatibilityFilter.is_compatible": {"executed_lines": [104, 106, 110, 111, 112, 115, 116, 119, 120], "summary": {"covered_lines": 9, "num_statements": 11, "percent_covered": 81.81818181818181, "percent_covered_display": "82", "missing_lines": 2, "excluded_lines": 0}, "missing_lines": [105, 107], "excluded_lines": []}, "TypeCompatibilityFilter.filter_candidates": {"executed_lines": [149], "summary": {"covered_lines": 1, "num_statements": 1, "percent_covered": 100.0, "percent_covered_display": "100", "missing_lines": 0, "excluded_lines": 0}, "missing_lines": [], "excluded_lines": []}, "TypeCompatibilityFilter.filter_candidates_batch": {"executed_lines": [], "summary": {"covered_lines": 0, "num_statements": 7, "percent_covered": 0.0, "percent_covered_display": "0", "missing_lines": 7, "excluded_lines": 0}, "missing_lines": [184, 186, 187, 188, 190, 191, 197], "excluded_lines": []}, "TypeCompatibilityFilter.get_compatible_types": {"executed_lines": [217, 227], "summary": {"covered_lines": 2, "num_statements": 8, "percent_covered": 25.0, "percent_covered_display": "25", "missing_lines": 6, "excluded_lines": 0}, "missing_lines": [218, 219, 222, 223, 224, 225], "excluded_lines": []}, "TypeCompatibilityFilter.add_compatibility": {"executed_lines": [], "summary": {"covered_lines": 0, "num_statements": 1, "percent_covered": 0.0, "percent_covered_display": "0", "missing_lines": 1, "excluded_lines": 0}, "missing_lines": [243], "excluded_lines": []}, "TypeCompatibilityFilter.get_statistics": {"executed_lines": [], "summary": {"covered_lines": 0, "num_statements": 14, "percent_covered": 0.0, "percent_covered_display": "0", "missing_lines": 14, "excluded_lines": 0}, "missing_lines": [263, 266, 267, 269, 270, 272, 273, 275, 276, 279, 280, 281, 283, 285], "excluded_lines": []}, "": {"executed_lines": [1, 15, 18, 19, 51, 83, 122, 154, 199, 229, 245], "summary": {"covered_lines": 9, "num_statements": 9, "percent_covered": 100.0, "percent_covered_display": "100", "missing_lines": 0, "excluded_lines": 0}, "missing_lines": [], "excluded_lines": []}}, "classes": {"TypeCompatibilityFilter": {"executed_lines": [76, 80, 81, 104, 106, 110, 111, 112, 115, 116, 119, 120, 149, 217, 227], "summary": {"covered_lines": 15, "num_statements": 45, "percent_covered": 33.333333333333336, "percent_covered_display": "33", "missing_lines": 30, "excluded_lines": 0}, "missing_lines": [105, 107, 184, 186, 187, 188, 190, 191, 197, 218, 219, 222, 223, 224, 225, 243, 263, 266, 267, 269, 270, 272, 273, 275, 276, 279, 280, 281, 283, 285], "excluded_lines": []}, "": {"executed_lines": [1, 15, 18, 19, 51, 83, 122, 154, 199, 229, 245], "summary": {"covered_lines": 9, "num_statements": 9, "percent_covered": 100.0, "percent_covered_display": "100", "missing_lines": 0, "excluded_lines": 0}, "missing_lines": [], "excluded_lines": []}}}, "src/entity_resolution/services/__init__.py": {"executed_lines": [3, 4, 5, 6, 7, 9], "summary": {"covered_lines": 6, "num_statements": 6, "percent_covered": 100.0, "percent_covered_display": "100", "missing_lines": 0, "excluded_lines": 0}, "missing_lines": [], "excluded_lines": [], "functions": {"": {"executed_lines": [3, 4, 5, 6, 7, 9], "summary": {"covered_lines": 6, "num_statements": 6, "percent_covered": 100.0, "percent_covered_display": "100", "missing_lines": 0, "excluded_lines": 0}, "missing_lines": [], "excluded_lines": []}}, "classes": {"": {"executed_lines": [3, 4, 5, 6, 7, 9], "summary": {"covered_lines": 6, "num_statements": 6, "percent_covered": 100.0, "percent_covered_display": "100", "missing_lines": 0, "excluded_lines": 0}, "missing_lines": [], "excluded_lines": []}}}, "src/entity_resolution/services/ab_evaluation_harness.py": {"executed_lines": [1, 15, 16, 17, 18, 19, 20, 21, 22, 24, 25, 26, 29, 30, 31, 32, 33, 34, 35, 36, 38, 42, 43, 44, 45, 46, 47, 48, 49, 50, 51, 52, 53, 54, 55, 56, 57, 59, 60, 63, 64, 83, 103, 104, 105, 106, 107, 108, 110, 113, 116, 121, 123, 130, 132, 133, 134, 135, 136, 139, 140, 144, 146, 148, 150, 151, 153, 174, 176, 179, 180, 183, 184, 185, 186, 187, 188, 192, 193, 194, 197, 203, 210, 212, 230, 231, 232, 233, 234, 235, 238, 239, 240, 243, 244, 245, 252, 253, 254, 255, 256, 262, 265, 267, 283, 306, 307, 308, 309, 312, 320, 328, 342, 343, 345, 347, 350, 353, 357, 370, 372, 389, 390, 392, 395, 396, 397, 400, 401, 402, 405, 410, 411, 412, 414, 435, 436, 437, 438, 446, 448], "summary": {"covered_lines": 137, "num_statements": 140, "percent_covered": 97.85714285714286, "percent_covered_display": "98", "missing_lines": 3, "excluded_lines": 0}, "missing_lines": [39, 190, 344], "excluded_lines": [], "functions": {"BlockingResult.to_dict": {"executed_lines": [], "summary": {"covered_lines": 0, "num_statements": 1, "percent_covered": 0.0, "percent_covered_display": "0", "missing_lines": 1, "excluded_lines": 0}, "missing_lines": [39], "excluded_lines": []}, "EvaluationMetrics.to_dict": {"executed_lines": [60], "summary": {"covered_lines": 1, "num_statements": 1, "percent_covered": 100.0, "percent_covered_display": "100", "missing_lines": 0, "excluded_lines": 0}, "missing_lines": [], "excluded_lines": []}, "ABEvaluationHarness.__init__": {"executed_lines": [103, 104, 105, 106, 107, 108, 110, 113, 116, 121, 123], "summary": {"covered_lines": 11, "num_statements": 11, "percent_covered": 100.0, "percent_covered_display": "100", "missing_lines": 0, "excluded_lines": 0}, "missing_lines": [], "excluded_lines": []}, "ABEvaluationHarness._validate_ground_truth": {"executed_lines": [132, 133, 134, 135, 136, 139, 140], "summary": {"covered_lines": 7, "num_statements": 7, "percent_covered": 100.0, "percent_covered_display": "100", "missing_lines": 0, "excluded_lines": 0}, "missing_lines": [], "excluded_lines": []}, "ABEvaluationHarness._canonical_pair_id": {"executed_lines": [146], "summary": {"covered_lines": 1, "num_statements": 1, "percent_covered": 100.0, "percent_covered_display": "100", "missing_lines": 0, "excluded_lines": 0}, "missing_lines": [], "excluded_lines": []}, "ABEvaluationHarness._is_true_match": {"executed_lines": [150, 151], "summary": {"covered_lines": 2, "num_statements": 2, "percent_covered": 100.0, "percent_covered_display": "100", "missing_lines": 0, "excluded_lines": 0}, "missing_lines": [], "excluded_lines": []}, "ABEvaluationHarness.evaluate_blocking_strategy": {"executed_lines": [174, 176, 179, 180, 183, 184, 185, 186, 187, 188, 192, 193, 194, 197, 203, 210], "summary": {"covered_lines": 16, "num_statements": 17, "percent_covered": 94.11764705882354, "percent_covered_display": "94", "missing_lines": 1, "excluded_lines": 0}, "missing_lines": [190], "excluded_lines": []}, "ABEvaluationHarness._calculate_metrics": {"executed_lines": [230, 231, 232, 233, 234, 235, 238, 239, 240, 243, 244, 245, 252, 253, 254, 255, 256, 262, 265, 267], "summary": {"covered_lines": 20, "num_statements": 20, "percent_covered": 100.0, "percent_covered_display": "100", "missing_lines": 0, "excluded_lines": 0}, "missing_lines": [], "excluded_lines": []}, "ABEvaluationHarness.evaluate": {"executed_lines": [306, 307, 308, 309, 312, 320, 328, 342, 347, 350, 353, 357, 370], "summary": {"covered_lines": 13, "num_statements": 13, "percent_covered": 100.0, "percent_covered_display": "100", "missing_lines": 0, "excluded_lines": 0}, "missing_lines": [], "excluded_lines": []}, "ABEvaluationHarness.evaluate.pct_change": {"executed_lines": [343, 345], "summary": {"covered_lines": 2, "num_statements": 3, "percent_covered": 66.66666666666667, "percent_covered_display": "67", "missing_lines": 1, "excluded_lines": 0}, "missing_lines": [344], "excluded_lines": []}, "ABEvaluationHarness.save_results": {"executed_lines": [389, 390, 392, 395, 396, 397, 400, 401, 402, 405, 410, 411, 412, 414, 435, 436, 437, 438, 446, 448], "summary": {"covered_lines": 20, "num_statements": 20, "percent_covered": 100.0, "percent_covered_display": "100", "missing_lines": 0, "excluded_lines": 0}, "missing_lines": [], "excluded_lines": []}, "": {"executed_lines": [1, 15, 16, 17, 18, 19, 20, 21, 22, 24, 25, 26, 29, 30, 31, 32, 33, 34, 35, 36, 38, 42, 43, 44, 45, 46, 47, 48, 49, 50, 51, 52, 53, 54, 55, 56, 57, 59, 63, 64, 83, 130, 144, 148, 153, 212, 283, 372], "summary": {"covered_lines": 44, "num_statements": 44, "percent_covered": 100.0, "percent_covered_display": "100", "missing_lines": 0, "excluded_lines": 0}, "missing_lines": [], "excluded_lines": []}}, "classes": {"BlockingResult": {"executed_lines": [], "summary": {"covered_lines": 0, "num_statements": 1, "percent_covered": 0.0, "percent_covered_display": "0", "missing_lines": 1, "excluded_lines": 0}, "missing_lines": [39], "excluded_lines": []}, "EvaluationMetrics": {"executed_lines": [60], "summary": {"covered_lines": 1, "num_statements": 1, "percent_covered": 100.0, "percent_covered_display": "100", "missing_lines": 0, "excluded_lines": 0}, "missing_lines": [], "excluded_lines": []}, "ABEvaluationHarness": {"executed_lines": [103, 104, 105, 106, 107, 108, 110, 113, 116, 121, 123, 132, 133, 134, 135, 136, 139, 140, 146, 150, 151, 174, 176, 179, 180, 183, 184, 185, 186, 187, 188, 192, 193, 194, 197, 203, 210, 230, 231, 232, 233, 234, 235, 238, 239, 240, 243, 244, 245, 252, 253, 254, 255, 256, 262, 265, 267, 306, 307, 308, 309, 312, 320, 328, 342, 343, 345, 347, 350, 353, 357, 370, 389, 390, 392, 395, 396, 397, 400, 401, 402, 405, 410, 411, 412, 414, 435, 436, 437, 438, 446, 448], "summary": {"covered_lines": 92, "num_statements": 94, "percent_covered": 97.87234042553192, "percent_covered_display": "98", "missing_lines": 2, "excluded_lines": 0}, "missing_lines": [190, 344], "excluded_lines": []}, "": {"executed_lines": [1, 15, 16, 17, 18, 19, 20, 21, 22, 24, 25, 26, 29, 30, 31, 32, 33, 34, 35, 36, 38, 42, 43, 44, 45, 46, 47, 48, 49, 50, 51, 52, 53, 54, 55, 56, 57, 59, 63, 64, 83, 130, 144, 148, 153, 212, 283, 372], "summary": {"covered_lines": 44, "num_statements": 44, "percent_covered": 100.0, "percent_covered_display": "100", "missing_lines": 0, "excluded_lines": 0}, "missing_lines": [], "excluded_lines": []}}}, "src/entity_resolution/services/address_er_service.py": {"executed_lines": [1, 8, 9, 10, 11, 12, 13, 15, 16, 17, 20, 21, 76, 112, 114, 115, 116, 119, 126, 127, 128, 131, 132, 133, 134, 135, 136, 137, 140, 143, 144, 145, 146, 148, 189, 222, 225, 227, 228, 229, 230, 231, 232, 234, 237, 238, 239, 240, 243, 244, 245, 246, 248, 249, 251, 253, 258, 259, 260, 261, 262, 263, 265, 267, 270, 271, 272, 273, 274, 275, 276, 277, 278, 279, 281, 283, 290, 292, 333, 334, 336, 337, 338, 339, 340, 345, 346, 353, 355, 357, 372, 375, 379, 380, 382, 383, 392, 393, 394, 395, 396, 399, 406, 408, 417, 420, 422, 423, 424, 425, 426, 431, 432, 433, 434, 437, 438, 462, 463, 468, 487, 489, 519, 526, 527, 529, 530, 531, 532, 534, 535, 537, 538, 540, 542, 556, 557, 558, 560, 561, 564, 569, 570, 573, 574, 575, 576, 578, 580, 581, 582, 591, 592, 593, 594, 595, 598, 600, 601, 605, 606, 607, 608, 609, 610, 612, 614, 616, 638, 639, 640, 641, 644, 648, 650, 653, 658, 661, 665, 666, 669, 670, 672, 673, 674, 677, 680, 681, 682, 683, 690, 693, 696, 705, 708, 710, 713, 714, 715, 716, 719, 720, 734, 735, 736, 737, 738, 741, 752, 766, 767, 795, 802, 809, 810, 811, 813, 814, 816, 825, 826, 827, 828, 829, 830, 831, 832, 834, 836, 858], "summary": {"covered_lines": 228, "num_statements": 311, "percent_covered": 73.31189710610933, "percent_covered_display": "73", "missing_lines": 83, "excluded_lines": 0}, "missing_lines": [165, 167, 174, 175, 178, 179, 181, 182, 183, 185, 187, 255, 347, 348, 349, 351, 376, 384, 385, 387, 388, 389, 400, 401, 402, 427, 428, 464, 465, 466, 599, 645, 646, 662, 663, 694, 698, 699, 700, 701, 702, 721, 722, 723, 724, 725, 726, 727, 728, 729, 730, 731, 742, 744, 745, 746, 747, 777, 778, 779, 780, 783, 784, 786, 789, 790, 791, 793, 796, 797, 798, 799, 800, 803, 804, 806, 807, 812, 833, 846, 854, 856, 860], "excluded_lines": [], "functions": {"AddressERService.__init__": {"executed_lines": [112, 114, 115, 116, 119, 126, 127, 128, 131, 132, 133, 134, 135, 136, 137, 140, 143, 144, 145, 146], "summary": {"covered_lines": 20, "num_statements": 20, "percent_covered": 100.0, "percent_covered_display": "100", "missing_lines": 0, "excluded_lines": 0}, "missing_lines": [], "excluded_lines": []}, "AddressERService.setup_infrastructure": {"executed_lines": [], "summary": {"covered_lines": 0, "num_statements": 11, "percent_covered": 0.0, "percent_covered_display": "0", "missing_lines": 11, "excluded_lines": 0}, "missing_lines": [165, 167, 174, 175, 178, 179, 181, 182, 183, 185, 187], "excluded_lines": []}, "AddressERService.run": {"executed_lines": [222, 225, 227, 228, 229, 230, 231, 232, 234, 237, 238, 239, 240, 243, 244, 245, 246, 248, 249, 251, 253, 258, 259, 260, 261, 262, 263, 265, 267, 270, 271, 272, 273, 274, 275, 276, 277, 278, 279, 281], "summary": {"covered_lines": 40, "num_statements": 41, "percent_covered": 97.5609756097561, "percent_covered_display": "98", "missing_lines": 1, "excluded_lines": 0}, "missing_lines": [255], "excluded_lines": []}, "AddressERService._setup_analyzers": {"executed_lines": [290, 292, 333, 334, 336, 337, 338, 339, 340, 345, 346, 353, 355], "summary": {"covered_lines": 13, "num_statements": 17, "percent_covered": 76.47058823529412, "percent_covered_display": "76", "missing_lines": 4, "excluded_lines": 0}, "missing_lines": [347, 348, 349, 351], "excluded_lines": []}, "AddressERService._resolve_analyzer_name": {"executed_lines": [372, 375, 379, 380, 382, 383, 392, 393, 394, 395, 396, 399, 406], "summary": {"covered_lines": 13, "num_statements": 22, "percent_covered": 59.09090909090909, "percent_covered_display": "59", "missing_lines": 9, "excluded_lines": 0}, "missing_lines": [376, 384, 385, 387, 388, 389, 400, 401, 402], "excluded_lines": []}, "AddressERService._setup_search_view": {"executed_lines": [417, 420, 422, 423, 424, 425, 426, 431, 432, 433, 434, 437, 438, 462, 463], "summary": {"covered_lines": 15, "num_statements": 20, "percent_covered": 75.0, "percent_covered_display": "75", "missing_lines": 5, "excluded_lines": 0}, "missing_lines": [427, 428, 464, 465, 466], "excluded_lines": []}, "AddressERService._find_duplicate_addresses": {"executed_lines": [487, 489, 519, 526, 527, 529, 530, 531, 532, 534, 535, 537, 538, 540], "summary": {"covered_lines": 14, "num_statements": 14, "percent_covered": 100.0, "percent_covered_display": "100", "missing_lines": 0, "excluded_lines": 0}, "missing_lines": [], "excluded_lines": []}, "AddressERService._create_edges": {"executed_lines": [556, 557, 558, 560, 561, 564, 569, 570, 573, 574, 575, 576, 578, 580, 581, 582, 591, 592, 593, 594, 595, 598, 600, 601, 605, 606, 607, 608, 609, 610, 612, 614], "summary": {"covered_lines": 32, "num_statements": 33, "percent_covered": 96.96969696969697, "percent_covered_display": "97", "missing_lines": 1, "excluded_lines": 0}, "missing_lines": [599], "excluded_lines": []}, "AddressERService._create_edges_via_csv": {"executed_lines": [638, 639, 640, 641, 644, 648, 650, 653, 658, 661, 665, 666, 669, 670, 672, 673, 674, 677, 680, 681, 682, 683, 690, 693, 696, 705, 708, 710, 713, 714, 715, 716, 719, 720, 734, 735, 736, 737, 738, 741, 752, 766, 767, 795, 802, 809, 810, 811, 813, 814, 816, 825, 826, 827, 828, 829, 830, 831, 832, 834], "summary": {"covered_lines": 60, "num_statements": 108, "percent_covered": 55.55555555555556, "percent_covered_display": "56", "missing_lines": 48, "excluded_lines": 0}, "missing_lines": [645, 646, 662, 663, 694, 698, 699, 700, 701, 702, 721, 722, 723, 724, 725, 726, 727, 728, 729, 730, 731, 742, 744, 745, 746, 747, 777, 778, 779, 780, 783, 784, 786, 789, 790, 791, 793, 796, 797, 798, 799, 800, 803, 804, 806, 807, 812, 833], "excluded_lines": []}, "AddressERService._cluster_addresses": {"executed_lines": [], "summary": {"covered_lines": 0, "num_statements": 3, "percent_covered": 0.0, "percent_covered_display": "0", "missing_lines": 3, "excluded_lines": 0}, "missing_lines": [846, 854, 856], "excluded_lines": []}, "AddressERService.__repr__": {"executed_lines": [], "summary": {"covered_lines": 0, "num_statements": 1, "percent_covered": 0.0, "percent_covered_display": "0", "missing_lines": 1, "excluded_lines": 0}, "missing_lines": [860], "excluded_lines": []}, "": {"executed_lines": [1, 8, 9, 10, 11, 12, 13, 15, 16, 17, 20, 21, 76, 148, 189, 283, 357, 408, 468, 542, 616, 836, 858], "summary": {"covered_lines": 21, "num_statements": 21, "percent_covered": 100.0, "percent_covered_display": "100", "missing_lines": 0, "excluded_lines": 0}, "missing_lines": [], "excluded_lines": []}}, "classes": {"AddressERService": {"executed_lines": [112, 114, 115, 116, 119, 126, 127, 128, 131, 132, 133, 134, 135, 136, 137, 140, 143, 144, 145, 146, 222, 225, 227, 228, 229, 230, 231, 232, 234, 237, 238, 239, 240, 243, 244, 245, 246, 248, 249, 251, 253, 258, 259, 260, 261, 262, 263, 265, 267, 270, 271, 272, 273, 274, 275, 276, 277, 278, 279, 281, 290, 292, 333, 334, 336, 337, 338, 339, 340, 345, 346, 353, 355, 372, 375, 379, 380, 382, 383, 392, 393, 394, 395, 396, 399, 406, 417, 420, 422, 423, 424, 425, 426, 431, 432, 433, 434, 437, 438, 462, 463, 487, 489, 519, 526, 527, 529, 530, 531, 532, 534, 535, 537, 538, 540, 556, 557, 558, 560, 561, 564, 569, 570, 573, 574, 575, 576, 578, 580, 581, 582, 591, 592, 593, 594, 595, 598, 600, 601, 605, 606, 607, 608, 609, 610, 612, 614, 638, 639, 640, 641, 644, 648, 650, 653, 658, 661, 665, 666, 669, 670, 672, 673, 674, 677, 680, 681, 682, 683, 690, 693, 696, 705, 708, 710, 713, 714, 715, 716, 719, 720, 734, 735, 736, 737, 738, 741, 752, 766, 767, 795, 802, 809, 810, 811, 813, 814, 816, 825, 826, 827, 828, 829, 830, 831, 832, 834], "summary": {"covered_lines": 207, "num_statements": 290, "percent_covered": 71.37931034482759, "percent_covered_display": "71", "missing_lines": 83, "excluded_lines": 0}, "missing_lines": [165, 167, 174, 175, 178, 179, 181, 182, 183, 185, 187, 255, 347, 348, 349, 351, 376, 384, 385, 387, 388, 389, 400, 401, 402, 427, 428, 464, 465, 466, 599, 645, 646, 662, 663, 694, 698, 699, 700, 701, 702, 721, 722, 723, 724, 725, 726, 727, 728, 729, 730, 731, 742, 744, 745, 746, 747, 777, 778, 779, 780, 783, 784, 786, 789, 790, 791, 793, 796, 797, 798, 799, 800, 803, 804, 806, 807, 812, 833, 846, 854, 856, 860], "excluded_lines": []}, "": {"executed_lines": [1, 8, 9, 10, 11, 12, 13, 15, 16, 17, 20, 21, 76, 148, 189, 283, 357, 408, 468, 542, 616, 836, 858], "summary": {"covered_lines": 21, "num_statements": 21, "percent_covered": 100.0, "percent_covered_display": "100", "missing_lines": 0, "excluded_lines": 0}, "missing_lines": [], "excluded_lines": []}}}, "src/entity_resolution/services/base_service.py": {"executed_lines": [1, 13, 14, 15, 17, 18, 19, 20, 28, 31, 32, 44, 46, 47, 48, 50, 65, 66, 70, 91], "summary": {"covered_lines": 18, "num_statements": 31, "percent_covered": 58.064516129032256, "percent_covered_display": "58", "missing_lines": 13, "excluded_lines": 0}, "missing_lines": [58, 59, 60, 62, 63, 68, 81, 82, 84, 103, 105, 106, 108], "excluded_lines": [], "functions": {"BaseEntityResolutionService.__init__": {"executed_lines": [46, 47, 48], "summary": {"covered_lines": 3, "num_statements": 3, "percent_covered": 100.0, "percent_covered_display": "100", "missing_lines": 0, "excluded_lines": 0}, "missing_lines": [], "excluded_lines": []}, "BaseEntityResolutionService.connect": {"executed_lines": [], "summary": {"covered_lines": 0, "num_statements": 5, "percent_covered": 0.0, "percent_covered_display": "0", "missing_lines": 5, "excluded_lines": 0}, "missing_lines": [58, 59, 60, 62, 63], "excluded_lines": []}, "BaseEntityResolutionService._get_service_name": {"executed_lines": [], "summary": {"covered_lines": 0, "num_statements": 1, "percent_covered": 0.0, "percent_covered_display": "0", "missing_lines": 1, "excluded_lines": 0}, "missing_lines": [68], "excluded_lines": []}, "BaseEntityResolutionService._handle_service_error": {"executed_lines": [], "summary": {"covered_lines": 0, "num_statements": 3, "percent_covered": 0.0, "percent_covered_display": "0", "missing_lines": 3, "excluded_lines": 0}, "missing_lines": [81, 82, 84], "excluded_lines": []}, "BaseEntityResolutionService._validate_required_fields": {"executed_lines": [], "summary": {"covered_lines": 0, "num_statements": 4, "percent_covered": 0.0, "percent_covered_display": "0", "missing_lines": 4, "excluded_lines": 0}, "missing_lines": [103, 105, 106, 108], "excluded_lines": []}, "": {"executed_lines": [1, 13, 14, 15, 17, 18, 19, 20, 28, 31, 32, 44, 50, 65, 66, 70, 91], "summary": {"covered_lines": 15, "num_statements": 15, "percent_covered": 100.0, "percent_covered_display": "100", "missing_lines": 0, "excluded_lines": 0}, "missing_lines": [], "excluded_lines": []}}, "classes": {"BaseEntityResolutionService": {"executed_lines": [46, 47, 48], "summary": {"covered_lines": 3, "num_statements": 16, "percent_covered": 18.75, "percent_covered_display": "19", "missing_lines": 13, "excluded_lines": 0}, "missing_lines": [58, 59, 60, 62, 63, 68, 81, 82, 84, 103, 105, 106, 108], "excluded_lines": []}, "": {"executed_lines": [1, 13, 14, 15, 17, 18, 19, 20, 28, 31, 32, 44, 50, 65, 66, 70, 91], "summary": {"covered_lines": 15, "num_statements": 15, "percent_covered": 100.0, "percent_covered_display": "100", "missing_lines": 0, "excluded_lines": 0}, "missing_lines": [], "excluded_lines": []}}}, "src/entity_resolution/services/batch_similarity_service.py": {"executed_lines": [1, 13, 14, 15, 16, 18, 19, 20, 23, 24, 60, 142, 214, 300, 309, 358, 373, 399, 415, 433], "summary": {"covered_lines": 18, "num_statements": 121, "percent_covered": 14.87603305785124, "percent_covered_display": "15", "missing_lines": 103, "excluded_lines": 1}, "missing_lines": [99, 101, 103, 104, 106, 107, 108, 111, 117, 121, 122, 129, 132, 163, 164, 166, 169, 170, 171, 172, 175, 178, 179, 180, 182, 183, 186, 187, 189, 190, 192, 193, 196, 198, 199, 202, 203, 206, 209, 210, 212, 245, 246, 248, 251, 252, 253, 254, 256, 259, 260, 261, 263, 264, 266, 267, 269, 270, 272, 273, 276, 278, 279, 288, 289, 292, 295, 296, 298, 307, 319, 320, 323, 324, 325, 328, 329, 331, 340, 341, 342, 343, 344, 346, 347, 348, 349, 350, 351, 352, 354, 356, 371, 390, 392, 396, 409, 410, 411, 413, 423, 435, 436], "excluded_lines": [219], "functions": {"BatchSimilarityService.__init__": {"executed_lines": [], "summary": {"covered_lines": 0, "num_statements": 13, "percent_covered": 0.0, "percent_covered_display": "0", "missing_lines": 13, "excluded_lines": 0}, "missing_lines": [99, 101, 103, 104, 106, 107, 108, 111, 117, 121, 122, 129, 132], "excluded_lines": []}, "BatchSimilarityService.compute_similarities": {"executed_lines": [], "summary": {"covered_lines": 0, "num_statements": 28, "percent_covered": 0.0, "percent_covered_display": "0", "missing_lines": 28, "excluded_lines": 0}, "missing_lines": [163, 164, 166, 169, 170, 171, 172, 175, 178, 179, 180, 182, 183, 186, 187, 189, 190, 192, 193, 196, 198, 199, 202, 203, 206, 209, 210, 212], "excluded_lines": []}, "BatchSimilarityService.compute_similarities_detailed": {"executed_lines": [], "summary": {"covered_lines": 0, "num_statements": 28, "percent_covered": 0.0, "percent_covered_display": "0", "missing_lines": 28, "excluded_lines": 1}, "missing_lines": [245, 246, 248, 251, 252, 253, 254, 256, 259, 260, 261, 263, 264, 266, 267, 269, 270, 272, 273, 276, 278, 279, 288, 289, 292, 295, 296, 298], "excluded_lines": [219]}, "BatchSimilarityService.get_statistics": {"executed_lines": [], "summary": {"covered_lines": 0, "num_statements": 1, "percent_covered": 0.0, "percent_covered_display": "0", "missing_lines": 1, "excluded_lines": 0}, "missing_lines": [307], "excluded_lines": []}, "BatchSimilarityService._batch_fetch_documents": {"executed_lines": [], "summary": {"covered_lines": 0, "num_statements": 22, "percent_covered": 0.0, "percent_covered_display": "0", "missing_lines": 22, "excluded_lines": 0}, "missing_lines": [319, 320, 323, 324, 325, 328, 329, 331, 340, 341, 342, 343, 344, 346, 347, 348, 349, 350, 351, 352, 354, 356], "excluded_lines": []}, "BatchSimilarityService._compute_weighted_similarity": {"executed_lines": [], "summary": {"covered_
[...]
, 223, 224, 225, 226, 227, 228], "excluded_lines": []}, "ArangoBaseConnection.print_success": {"executed_lines": [], "summary": {"covered_lines": 0, "num_statements": 1, "percent_covered": 0.0, "percent_covered_display": "0", "missing_lines": 1, "excluded_lines": 0}, "missing_lines": [232], "excluded_lines": []}, "ArangoBaseConnection.print_warning": {"executed_lines": [], "summary": {"covered_lines": 0, "num_statements": 1, "percent_covered": 0.0, "percent_covered_display": "0", "missing_lines": 1, "excluded_lines": 0}, "missing_lines": [236], "excluded_lines": []}, "ArangoBaseConnection.print_error": {"executed_lines": [], "summary": {"covered_lines": 0, "num_statements": 1, "percent_covered": 0.0, "percent_covered_display": "0", "missing_lines": 1, "excluded_lines": 0}, "missing_lines": [240], "excluded_lines": []}, "ArangoBaseConnection.print_info": {"executed_lines": [], "summary": {"covered_lines": 0, "num_statements": 1, "percent_covered": 0.0, "percent_covered_display": "0", "missing_lines": 1, "excluded_lines": 0}, "missing_lines": [244], "excluded_lines": []}, "get_default_connection_args": {"executed_lines": [], "summary": {"covered_lines": 0, "num_statements": 3, "percent_covered": 0.0, "percent_covered_display": "0", "missing_lines": 3, "excluded_lines": 0}, "missing_lines": [253, 254, 259], "excluded_lines": []}, "": {"executed_lines": [1, 8, 9, 10, 11, 13, 14, 17, 18, 25, 26, 27, 29, 34, 42, 43, 50, 82, 99, 121, 131, 140, 145, 150, 155, 167, 168, 174, 179, 180, 186, 187, 193, 197, 203, 204, 210, 230, 234, 238, 242, 247], "summary": {"covered_lines": 38, "num_statements": 38, "percent_covered": 100.0, "percent_covered_display": "100", "missing_lines": 0, "excluded_lines": 0}, "missing_lines": [], "excluded_lines": []}}, "classes": {"DatabaseManager": {"executed_lines": [30, 31, 32, 35, 36, 37, 38, 39, 40], "summary": {"covered_lines": 9, "num_statements": 44, "percent_covered": 20.454545454545453, "percent_covered_display": "20", "missing_lines": 35, "excluded_lines": 0}, "missing_lines": [45, 46, 47, 48, 63, 65, 66, 67, 73, 74, 75, 76, 77, 78, 80, 92, 93, 94, 95, 96, 97, 109, 110, 112, 113, 114, 116, 117, 118, 119, 123, 133, 134, 135, 136], "excluded_lines": []}, "DatabaseMixin": {"executed_lines": [175, 176, 177, 189, 191], "summary": {"covered_lines": 5, "num_statements": 11, "percent_covered": 45.45454545454545, "percent_covered_display": "45", "missing_lines": 6, "excluded_lines": 0}, "missing_lines": [182, 183, 184, 190, 195, 199], "excluded_lines": []}, "ArangoBaseConnection": {"executed_lines": [], "summary": {"covered_lines": 0, "num_statements": 13, "percent_covered": 0.0, "percent_covered_display": "0", "missing_lines": 13, "excluded_lines": 0}, "missing_lines": [213, 214, 220, 223, 224, 225, 226, 227, 228, 232, 236, 240, 244], "excluded_lines": []}, "": {"executed_lines": [1, 8, 9, 10, 11, 13, 14, 17, 18, 25, 26, 27, 29, 34, 42, 43, 50, 82, 99, 121, 131, 140, 145, 150, 155, 167, 168, 174, 179, 180, 186, 187, 193, 197, 203, 204, 210, 230, 234, 238, 242, 247], "summary": {"covered_lines": 38, "num_statements": 46, "percent_covered": 82.6086956521739, "percent_covered_display": "83", "missing_lines": 8, "excluded_lines": 0}, "missing_lines": [142, 147, 152, 157, 158, 253, 254, 259], "excluded_lines": []}}}, "src/entity_resolution/utils/graph_utils.py": {"executed_lines": [1, 8, 11, 38, 39, 42, 44, 47, 68, 69, 72, 75, 100, 118, 157], "summary": {"covered_lines": 14, "num_statements": 27, "percent_covered": 51.851851851851855, "percent_covered_display": "52", "missing_lines": 13, "excluded_lines": 0}, "missing_lines": [93, 94, 95, 97, 115, 145, 146, 149, 150, 151, 154, 174, 175], "excluded_lines": [], "functions": {"format_vertex_id": {"executed_lines": [38, 39, 42, 44], "summary": {"covered_lines": 4, "num_statements": 4, "percent_covered": 100.0, "percent_covered_display": "100", "missing_lines": 0, "excluded_lines": 0}, "missing_lines": [], "excluded_lines": []}, "extract_key_from_vertex_id": {"executed_lines": [68, 69, 72], "summary": {"covered_lines": 3, "num_statements": 3, "percent_covered": 100.0, "percent_covered_display": "100", "missing_lines": 0, "excluded_lines": 0}, "missing_lines": [], "excluded_lines": []}, "parse_vertex_id": {"executed_lines": [], "summary": {"covered_lines": 0, "num_statements": 4, "percent_covered": 0.0, "percent_covered_display": "0", "missing_lines": 4, "excluded_lines": 0}, "missing_lines": [93, 94, 95, 97], "excluded_lines": []}, "normalize_vertex_ids": {"executed_lines": [], "summary": {"covered_lines": 0, "num_statements": 1, "percent_covered": 0.0, "percent_covered_display": "0", "missing_lines": 1, "excluded_lines": 0}, "missing_lines": [115], "excluded_lines": []}, "is_valid_vertex_id": {"executed_lines": [], "summary": {"covered_lines": 0, "num_statements": 6, "percent_covered": 0.0, "percent_covered_display": "0", "missing_lines": 6, "excluded_lines": 0}, "missing_lines": [145, 146, 149, 150, 151, 154], "excluded_lines": []}, "extract_collection_from_vertex_id": {"executed_lines": [], "summary": {"covered_lines": 0, "num_statements": 2, "percent_covered": 0.0, "percent_covered_display": "0", "missing_lines": 2, "excluded_lines": 0}, "missing_lines": [174, 175], "excluded_lines": []}, "": {"executed_lines": [1, 8, 11, 47, 75, 100, 118, 157], "summary": {"covered_lines": 7, "num_statements": 7, "percent_covered": 100.0, "percent_covered_display": "100", "missing_lines": 0, "excluded_lines": 0}, "missing_lines": [], "excluded_lines": []}}, "classes": {"": {"executed_lines": [1, 8, 11, 38, 39, 42, 44, 47, 68, 69, 72, 75, 100, 118, 157], "summary": {"covered_lines": 14, "num_statements": 27, "percent_covered": 51.851851851851855, "percent_covered_display": "52", "missing_lines": 13, "excluded_lines": 0}, "missing_lines": [93, 94, 95, 97, 115, 145, 146, 149, 150, 151, 154, 174, 175], "excluded_lines": []}}}, "src/entity_resolution/utils/logging.py": {"executed_lines": [1, 5, 6, 7, 8, 11, 67, 77], "summary": {"covered_lines": 7, "num_statements": 28, "percent_covered": 25.0, "percent_covered_display": "25", "missing_lines": 21, "excluded_lines": 0}, "missing_lines": [24, 25, 26, 27, 28, 30, 33, 34, 37, 40, 41, 44, 45, 48, 49, 53, 58, 59, 60, 62, 64], "excluded_lines": [], "functions": {"setup_logging": {"executed_lines": [], "summary": {"covered_lines": 0, "num_statements": 21, "percent_covered": 0.0, "percent_covered_display": "0", "missing_lines": 21, "excluded_lines": 0}, "missing_lines": [24, 25, 26, 27, 28, 30, 33, 34, 37, 40, 41, 44, 45, 48, 49, 53, 58, 59, 60, 62, 64], "excluded_lines": []}, "get_logger": {"executed_lines": [77], "summary": {"covered_lines": 1, "num_statements": 1, "percent_covered": 100.0, "percent_covered_display": "100", "missing_lines": 0, "excluded_lines": 0}, "missing_lines": [], "excluded_lines": []}, "": {"executed_lines": [1, 5, 6, 7, 8, 11, 67], "summary": {"covered_lines": 6, "num_statements": 6, "percent_covered": 100.0, "percent_covered_display": "100", "missing_lines": 0, "excluded_lines": 0}, "missing_lines": [], "excluded_lines": []}}, "classes": {"": {"executed_lines": [1, 5, 6, 7, 8, 11, 67, 77], "summary": {"covered_lines": 7, "num_statements": 28, "percent_covered": 25.0, "percent_covered_display": "25", "missing_lines": 21, "excluded_lines": 0}, "missing_lines": [24, 25, 26, 27, 28, 30, 33, 34, 37, 40, 41, 44, 45, 48, 49, 53, 58, 59, 60, 62, 64], "excluded_lines": []}}}, "src/entity_resolution/utils/pipeline_utils.py": {"executed_lines": [1, 15, 16, 17, 18, 19, 22, 25, 71, 72, 74, 75, 76, 78, 79, 80, 84, 86, 88, 89, 90, 91, 92, 94, 96, 102, 103, 104, 105, 106, 108, 111, 117, 118, 120, 121, 123, 129, 130, 131, 132, 133, 136, 137, 138, 140, 141, 142, 147, 155, 194, 195, 197, 200, 203, 208, 209, 211, 213, 214, 216, 219, 225, 226, 228, 230, 231, 234, 240, 241, 243, 250, 251, 254, 255, 256, 257, 258, 259, 261, 271, 310, 311, 313, 314, 315, 318, 324, 325, 326, 327, 334, 340, 341, 342, 343, 351, 357, 358, 359, 360, 367, 378, 379, 382, 383, 385, 396, 442, 445, 446, 447, 450, 451, 455, 456, 460, 461, 463, 471, 472, 473, 481, 482, 483, 485, 486, 493, 494, 497, 509, 510, 511, 513, 520, 528, 529, 530, 532, 533, 534, 536, 543, 545], "summary": {"covered_lines": 143, "num_statements": 146, "percent_covered": 97.94520547945206, "percent_covered_display": "98", "missing_lines": 3, "excluded_lines": 0}, "missing_lines": [81, 82, 458], "excluded_lines": [], "functions": {"clean_er_results": {"executed_lines": [71, 72, 74, 75, 76, 78, 79, 80, 84, 86, 88, 89, 90, 91, 92, 94, 96, 102, 103, 104, 105, 106, 108, 111, 117, 118, 120, 121, 123, 129, 130, 131, 132, 133, 136, 137, 138, 140, 141, 142, 147], "summary": {"covered_lines": 41, "num_statements": 43, "percent_covered": 95.34883720930233, "percent_covered_display": "95", "missing_lines": 2, "excluded_lines": 0}, "missing_lines": [81, 82], "excluded_lines": []}, "count_inferred_edges": {"executed_lines": [194, 195, 197, 200, 203, 208, 209, 211, 213, 214, 216, 219, 225, 226, 228, 230, 231, 234, 240, 241, 243, 250, 251, 254, 255, 256, 257, 258, 259, 261], "summary": {"covered_lines": 30, "num_statements": 30, "percent_covered": 100.0, "percent_covered_display": "100", "missing_lines": 0, "excluded_lines": 0}, "missing_lines": [], "excluded_lines": []}, "validate_edge_quality": {"executed_lines": [310, 311, 313, 314, 315, 318, 324, 325, 326, 327, 334, 340, 341, 342, 343, 351, 357, 358, 359, 360, 367, 378, 379, 382, 383, 385], "summary": {"covered_lines": 26, "num_statements": 26, "percent_covered": 100.0, "percent_covered_display": "100", "missing_lines": 0, "excluded_lines": 0}, "missing_lines": [], "excluded_lines": []}, "get_pipeline_statistics": {"executed_lines": [442, 445, 446, 447, 450, 451, 455, 456, 460, 461, 463, 471, 472, 473, 481, 482, 483, 485, 486, 493, 494, 497, 509, 510, 511, 513, 520, 528, 529, 530, 532, 533, 534, 536, 543, 545], "summary": {"covered_lines": 36, "num_statements": 37, "percent_covered": 97.29729729729729, "percent_covered_display": "97", "missing_lines": 1, "excluded_lines": 0}, "missing_lines": [458], "excluded_lines": []}, "": {"executed_lines": [1, 15, 16, 17, 18, 19, 22, 25, 155, 271, 396], "summary": {"covered_lines": 10, "num_statements": 10, "percent_covered": 100.0, "percent_covered_display": "100", "missing_lines": 0, "excluded_lines": 0}, "missing_lines": [], "excluded_lines": []}}, "classes": {"": {"executed_lines": [1, 15, 16, 17, 18, 19, 22, 25, 71, 72, 74, 75, 76, 78, 79, 80, 84, 86, 88, 89, 90, 91, 92, 94, 96, 102, 103, 104, 105, 106, 108, 111, 117, 118, 120, 121, 123, 129, 130, 131, 132, 133, 136, 137, 138, 140, 141, 142, 147, 155, 194, 195, 197, 200, 203, 208, 209, 211, 213, 214, 216, 219, 225, 226, 228, 230, 231, 234, 240, 241, 243, 250, 251, 254, 255, 256, 257, 258, 259, 261, 271, 310, 311, 313, 314, 315, 318, 324, 325, 326, 327, 334, 340, 341, 342, 343, 351, 357, 358, 359, 360, 367, 378, 379, 382, 383, 385, 396, 442, 445, 446, 447, 450, 451, 455, 456, 460, 461, 463, 471, 472, 473, 481, 482, 483, 485, 486, 493, 494, 497, 509, 510, 511, 513, 520, 528, 529, 530, 532, 533, 534, 536, 543, 545], "summary": {"covered_lines": 143, "num_statements": 146, "percent_covered": 97.94520547945206, "percent_covered_display": "98", "missing_lines": 3, "excluded_lines": 0}, "missing_lines": [81, 82, 458], "excluded_lines": []}}}, "src/entity_resolution/utils/validation.py": {"executed_lines": [1, 9, 10, 13, 38, 39, 41, 42, 45, 46, 52, 53, 59, 60, 65, 71, 74, 100, 101, 103, 104, 107, 109, 110, 112, 113, 115, 116, 121, 122, 126, 129, 143, 144, 146, 147, 148, 150, 153, 169, 172, 188, 191, 207, 208, 210, 211, 214, 215, 221, 222, 228, 229, 234, 238, 241, 254, 255, 258, 264, 265, 267], "summary": {"covered_lines": 61, "num_statements": 63, "percent_covered": 96.82539682539682, "percent_covered_display": "97", "missing_lines": 2, "excluded_lines": 0}, "missing_lines": [66, 236], "excluded_lines": [], "functions": {"validate_collection_name": {"executed_lines": [38, 39, 41, 42, 45, 46, 52, 53, 59, 60, 65, 71], "summary": {"covered_lines": 12, "num_statements": 13, "percent_covered": 92.3076923076923, "percent_covered_display": "92", "missing_lines": 1, "excluded_lines": 0}, "missing_lines": [66], "excluded_lines": []}, "validate_field_name": {"executed_lines": [100, 101, 103, 104, 107, 109, 110, 112, 113, 115, 116, 121, 122, 126], "summary": {"covered_lines": 14, "num_statements": 14, "percent_covered": 100.0, "percent_covered_display": "100", "missing_lines": 0, "excluded_lines": 0}, "missing_lines": [], "excluded_lines": []}, "validate_field_names": {"executed_lines": [143, 144, 146, 147, 148, 150], "summary": {"covered_lines": 6, "num_statements": 6, "percent_covered": 100.0, "percent_covered_display": "100", "missing_lines": 0, "excluded_lines": 0}, "missing_lines": [], "excluded_lines": []}, "validate_graph_name": {"executed_lines": [169], "summary": {"covered_lines": 1, "num_statements": 1, "percent_covered": 100.0, "percent_covered_display": "100", "missing_lines": 0, "excluded_lines": 0}, "missing_lines": [], "excluded_lines": []}, "validate_view_name": {"executed_lines": [188], "summary": {"covered_lines": 1, "num_statements": 1, "percent_covered": 100.0, "percent_covered_display": "100", "missing_lines": 0, "excluded_lines": 0}, "missing_lines": [], "excluded_lines": []}, "validate_database_name": {"executed_lines": [207, 208, 210, 211, 214, 215, 221, 222, 228, 229, 234, 238], "summary": {"covered_lines": 12, "num_statements": 13, "percent_covered": 92.3076923076923, "percent_covered_display": "92", "missing_lines": 1, "excluded_lines": 0}, "missing_lines": [236], "excluded_lines": []}, "sanitize_string_for_display": {"executed_lines": [254, 255, 258, 264, 265, 267], "summary": {"covered_lines": 6, "num_statements": 6, "percent_covered": 100.0, "percent_covered_display": "100", "missing_lines": 0, "excluded_lines": 0}, "missing_lines": [], "excluded_lines": []}, "": {"executed_lines": [1, 9, 10, 13, 74, 129, 153, 172, 191, 241], "summary": {"covered_lines": 9, "num_statements": 9, "percent_covered": 100.0, "percent_covered_display": "100", "missing_lines": 0, "excluded_lines": 0}, "missing_lines": [], "excluded_lines": []}}, "classes": {"": {"executed_lines": [1, 9, 10, 13, 38, 39, 41, 42, 45, 46, 52, 53, 59, 60, 65, 71, 74, 100, 101, 103, 104, 107, 109, 110, 112, 113, 115, 116, 121, 122, 126, 129, 143, 144, 146, 147, 148, 150, 153, 169, 172, 188, 191, 207, 208, 210, 211, 214, 215, 221, 222, 228, 229, 234, 238, 241, 254, 255, 258, 264, 265, 267], "summary": {"covered_lines": 61, "num_statements": 63, "percent_covered": 96.82539682539682, "percent_covered_display": "97", "missing_lines": 2, "excluded_lines": 0}, "missing_lines": [66, 236], "excluded_lines": []}}}, "src/entity_resolution/utils/validation_utils.py": {"executed_lines": [1, 7, 8, 10, 13], "summary": {"covered_lines": 4, "num_statements": 54, "percent_covered": 7.407407407407407, "percent_covered_display": "7", "missing_lines": 50, "excluded_lines": 1}, "missing_lines": [76, 79, 80, 98, 99, 100, 101, 103, 105, 106, 107, 108, 110, 120, 121, 124, 125, 126, 127, 128, 129, 130, 133, 134, 135, 136, 137, 140, 141, 142, 143, 145, 146, 147, 152, 153, 154, 155, 156, 157, 158, 159, 160, 162, 165, 167, 178, 179, 181, 186], "excluded_lines": [18], "functions": {"validate_er_results": {"executed_lines": [], "summary": {"covered_lines": 0, "num_statements": 50, "percent_covered": 0.0, "percent_covered_display": "0", "missing_lines": 50, "excluded_lines": 1}, "missing_lines": [76, 79, 80, 98, 99, 100, 101, 103, 105, 106, 107, 108, 110, 120, 121, 124, 125, 126, 127, 128, 129, 130, 133, 134, 135, 136, 137, 140, 141, 142, 143, 145, 146, 147, 152, 153, 154, 155, 156, 157, 158, 159, 160, 162, 165, 167, 178, 179, 181, 186], "excluded_lines": [18]}, "": {"executed_lines": [1, 7, 8, 10, 13], "summary": {"covered_lines": 4, "num_statements": 4, "percent_covered": 100.0, "percent_covered_display": "100", "missing_lines": 0, "excluded_lines": 0}, "missing_lines": [], "excluded_lines": []}}, "classes": {"": {"executed_lines": [1, 7, 8, 10, 13], "summary": {"covered_lines": 4, "num_statements": 54, "percent_covered": 7.407407407407407, "percent_covered_display": "7", "missing_lines": 50, "excluded_lines": 1}, "missing_lines": [76, 79, 80, 98, 99, 100, 101, 103, 105, 106, 107, 108, 110, 120, 121, 124, 125, 126, 127, 128, 129, 130, 133, 134, 135, 136, 137, 140, 141, 142, 143, 145, 146, 147, 152, 153, 154, 155, 156, 157, 158, 159, 160, 162, 165, 167, 178, 179, 181, 186], "excluded_lines": [18]}}}, "src/entity_resolution/utils/view_utils.py": {"executed_lines": [1, 8, 9, 10, 11, 13, 14, 17, 32, 35, 38, 39, 42, 43, 45, 46, 55, 56, 57, 58, 59, 62, 63, 64, 65, 72, 97, 98, 101, 102, 103, 104, 109, 110, 113, 114, 115, 116, 117, 118, 119, 120, 121, 124, 127, 169, 170, 179, 180, 181, 185, 186, 187, 190, 191, 192, 193, 194, 195, 201, 202, 205, 206, 207, 210, 211, 212, 223, 224, 227, 228, 229, 236, 239, 275, 276, 285, 289, 295, 296, 299, 300, 301, 305, 307, 308, 310, 313, 314, 319], "summary": {"covered_lines": 89, "num_statements": 108, "percent_covered": 82.4074074074074, "percent_covered_display": "82", "missing_lines": 19, "excluded_lines": 0}, "missing_lines": [47, 48, 50, 51, 52, 69, 105, 106, 196, 197, 231, 232, 233, 234, 290, 291, 292, 315, 317], "excluded_lines": [], "functions": {"resolve_analyzer_name": {"executed_lines": [32, 35, 38, 39, 42, 43, 45, 46, 55, 56, 57, 58, 59, 62, 63, 64, 65], "summary": {"covered_lines": 17, "num_statements": 23, "percent_covered": 73.91304347826087, "percent_covered_display": "74", "missing_lines": 6, "excluded_lines": 0}, "missing_lines": [47, 48, 50, 51, 52, 69], "excluded_lines": []}, "verify_view_analyzers": {"executed_lines": [97, 98, 101, 102, 103, 104, 109, 110, 113, 114, 115, 116, 117, 118, 119, 120, 121, 124], "summary": {"covered_lines": 18, "num_statements": 20, "percent_covered": 90.0, "percent_covered_display": "90", "missing_lines": 2, "excluded_lines": 0}, "missing_lines": [105, 106], "excluded_lines": []}, "fix_view_analyzer_names": {"executed_lines": [169, 170, 179, 180, 181, 185, 186, 187, 190, 191, 192, 193, 194, 195, 201, 202, 205, 206, 207, 210, 211, 212, 223, 224, 227, 228, 229, 236], "summary": {"covered_lines": 28, "num_statements": 34, "percent_covered": 82.3529411764706, "percent_covered_display": "82", "missing_lines": 6, "excluded_lines": 0}, "missing_lines": [196, 197, 231, 232, 233, 234], "excluded_lines": []}, "verify_and_fix_view_analyzers": {"executed_lines": [275, 276, 285, 289, 295, 296, 299, 300, 301, 305, 307, 308, 310, 313, 314, 319], "summary": {"covered_lines": 16, "num_statements": 21, "percent_covered": 76.19047619047619, "percent_covered_display": "76", "missing_lines": 5, "excluded_lines": 0}, "missing_lines": [290, 291, 292, 315, 317], "excluded_lines": []}, "": {"executed_lines": [1, 8, 9, 10, 11, 13, 14, 17, 72, 127, 239], "summary": {"covered_lines": 10, "num_statements": 10, "percent_covered": 100.0, "percent_covered_display": "100", "missing_lines": 0, "excluded_lines": 0}, "missing_lines": [], "excluded_lines": []}}, "classes": {"": {"executed_lines": [1, 8, 9, 10, 11, 13, 14, 17, 32, 35, 38, 39, 42, 43, 45, 46, 55, 56, 57, 58, 59, 62, 63, 64, 65, 72, 97, 98, 101, 102, 103, 104, 109, 110, 113, 114, 115, 116, 117, 118, 119, 120, 121, 124, 127, 169, 170, 179, 180, 181, 185, 186, 187, 190, 191, 192, 193, 194, 195, 201, 202, 205, 206, 207, 210, 211, 212, 223, 224, 227, 228, 229, 236, 239, 275, 276, 285, 289, 295, 296, 299, 300, 301, 305, 307, 308, 310, 313, 314, 319], "summary": {"covered_lines": 89, "num_statements": 108, "percent_covered": 82.4074074074074, "percent_covered_display": "82", "missing_lines": 19, "excluded_lines": 0}, "missing_lines": [47, 48, 50, 51, 52, 69, 105, 106, 196, 197, 231, 232, 233, 234, 290, 291, 292, 315, 317], "excluded_lines": []}}}}, "totals": {"covered_lines": 4072, "num_statements": 6071, "percent_covered": 67.07296985669576, "percent_covered_display": "67", "missing_lines": 1999, "excluded_lines": 13}}